Log file open, 10/12/19 19:03:23
LogWindows: Failed to load 'aqProf.dll' (GetLastError=126)
LogWindows: File 'aqProf.dll' does not exist
LogWindows: Failed to load 'VtuneApi.dll' (GetLastError=126)
LogWindows: File 'VtuneApi.dll' does not exist
LogWindows: Failed to load 'VtuneApi32e.dll' (GetLastError=126)
LogWindows: File 'VtuneApi32e.dll' does not exist
LogConsoleResponse: Display: Failed to find resolution value strings in scalability ini. Falling back to default.
LogInit: Display: Running engine for game: VirtuaLab
LogPakFile: Registered encryption key '00000000000000000000000000000000': 0 pak files mounted, 0 remain pending
LogPlatformFile: Not using cached read wrapper
LogTaskGraph: Started task graph with 5 named threads and 14 total threads with 3 sets of task threads.
LogStats: Stats thread started at 0.208590
LogD3D11RHI: Loaded GFSDK_Aftermath_Lib.x64.dll
LogICUInternationalization: ICU TimeZone Detection - Raw Offset: -3:00, Platform Override: ''
LogPluginManager: Mounting plugin Paper2D
LogPluginManager: Mounting plugin AISupport
LogPluginManager: Mounting plugin LightPropagationVolume
LogPluginManager: Mounting plugin ActorLayerUtilities
LogPluginManager: Mounting plugin AnimationSharing
LogPluginManager: Mounting plugin CLionSourceCodeAccess
LogPluginManager: Mounting plugin CodeLiteSourceCodeAccess
LogPluginManager: Mounting plugin GitSourceControl
LogPluginManager: Mounting plugin KDevelopSourceCodeAccess
LogPluginManager: Mounting plugin NullSourceCodeAccess
LogPluginManager: Mounting plugin PerforceSourceControl
LogPluginManager: Mounting plugin SubversionSourceControl
LogPluginManager: Mounting plugin UObjectPlugin
LogPluginManager: Mounting plugin VisualStudioCodeSourceCodeAccess
LogPluginManager: Mounting plugin VisualStudioSourceCodeAccess
LogPluginManager: Mounting plugin XCodeSourceCodeAccess
LogPluginManager: Mounting plugin AssetManagerEditor
LogPluginManager: Mounting plugin CryptoKeys
LogPluginManager: Mounting plugin DataValidation
LogPluginManager: Mounting plugin FacialAnimation
LogPluginManager: Mounting plugin GameplayTagsEditor
LogPluginManager: Mounting plugin MacGraphicsSwitching
LogPluginManager: Mounting plugin MaterialAnalyzer
LogPluginManager: Mounting plugin MobileLauncherProfileWizard
LogPluginManager: Mounting plugin PluginBrowser
LogPluginManager: Mounting plugin SpeedTreeImporter
LogPluginManager: Mounting plugin DatasmithContent
LogPluginManager: Mounting plugin VariantManagerContent
LogPluginManager: Mounting plugin AlembicImporter
LogPluginManager: Mounting plugin AppleImageUtils
LogPluginManager: Mounting plugin AppleVision
LogPluginManager: Mounting plugin BackChannel
LogPluginManager: Mounting plugin CharacterAI
LogPluginManager: Mounting plugin GeometryCache
LogPluginManager: Mounting plugin HTML5Networking
LogPluginManager: Mounting plugin ProxyLODPlugin
LogPluginManager: Mounting plugin SkeletalReduction
LogPluginManager: Mounting plugin MagicLeap
LogPluginManager: Mounting plugin MagicLeapMedia
LogPluginManager: Mounting plugin AndroidMedia
LogPluginManager: Mounting plugin AvfMedia
LogPluginManager: Mounting plugin ImgMedia
LogPluginManager: Mounting plugin LinearTimecode
LogPluginManager: Mounting plugin MediaCompositing
LogPluginManager: Mounting plugin MediaPlayerEditor
LogPluginManager: Mounting plugin WebMMedia
LogPluginManager: Mounting plugin WmfMedia
LogPluginManager: Mounting plugin TcpMessaging
LogPluginManager: Mounting plugin UdpMessaging
LogPluginManager: Mounting plugin ActorSequence
LogPluginManager: Mounting plugin LevelSequenceEditor
LogPluginManager: Mounting plugin MatineeToLevelSequence
LogPluginManager: Mounting plugin NetcodeUnitTest
LogPluginManager: Mounting plugin NUTUnrealEngine4
LogPluginManager: Mounting plugin OnlineSubsystemGooglePlay
LogPluginManager: Mounting plugin OnlineSubsystemIOS
LogPluginManager: Mounting plugin OnlineSubsystem
LogPluginManager: Mounting plugin OnlineSubsystemNull
LogPluginManager: Mounting plugin OnlineSubsystemUtils
LogPluginManager: Mounting plugin LauncherChunkInstaller
LogPluginManager: Mounting plugin AndroidDeviceProfileSelector
LogPluginManager: Mounting plugin AndroidMoviePlayer
LogPluginManager: Mounting plugin AndroidPermission
LogPluginManager: Mounting plugin AppleMoviePlayer
LogPluginManager: Mounting plugin ArchVisCharacter
LogPluginManager: Mounting plugin AudioCapture
LogPluginManager: Mounting plugin CableComponent
LogPluginManager: Mounting plugin CustomMeshComponent
LogPluginManager: Mounting plugin EditableMesh
LogPluginManager: Mounting plugin ExampleDeviceProfileSelector
LogPluginManager: Mounting plugin Firebase
LogPluginManager: Mounting plugin GoogleCloudMessaging
LogPluginManager: Mounting plugin GoogleVRController
LogPluginManager: Mounting plugin GoogleVRHMD
LogPluginManager: Mounting plugin IOSDeviceProfileSelector
LogPluginManager: Mounting plugin LinuxDeviceProfileSelector
LogPluginManager: Mounting plugin LocationServicesBPLibrary
LogPluginManager: Mounting plugin MobilePatchingUtils
LogPluginManager: Mounting plugin OculusVR
LogPluginManager: Mounting plugin PhysXVehicles
LogPluginManager: Mounting plugin ProceduralMeshComponent
LogPluginManager: Mounting plugin RuntimePhysXCooking
LogPluginManager: Mounting plugin SignificanceManager
LogPluginManager: Mounting plugin SteamVR
LogPluginManager: Mounting plugin WebMMoviePlayer
LogPluginManager: Mounting plugin WindowsMoviePlayer
LogInit: Using libcurl 7.55.1-DEV
LogInit:  - built for x86_64-pc-win32
LogInit:  - supports SSL with OpenSSL/1.1.1
LogInit:  - supports HTTP deflate (compression) using libz 1.2.8
LogInit:  - other features:
LogInit:      CURL_VERSION_SSL
LogInit:      CURL_VERSION_LIBZ
LogInit:      CURL_VERSION_IPV6
LogInit:      CURL_VERSION_ASYNCHDNS
LogInit:      CURL_VERSION_LARGEFILE
LogInit:      CURL_VERSION_IDN
LogInit:  CurlRequestOptions (configurable via config and command line):
LogInit:  - bVerifyPeer = true  - Libcurl will verify peer certificate
LogInit:  - bUseHttpProxy = false  - Libcurl will NOT use HTTP proxy
LogInit:  - bDontReuseConnections = false  - Libcurl will reuse connections
LogInit:  - MaxHostConnections = 16  - Libcurl will limit the number of connections to a host
LogInit:  - LocalHostAddr = Default
LogInit:  - BufferSize = 65536
LogInit: WinSock: version 1.1 (2.2), MaxSocks=32767, MaxUdp=65467
LogInit: Build: ++UE4+Release-4.22-CL-7053642
LogInit: Engine Version: 4.22.3-7053642+++UE4+Release-4.22
LogInit: Compatible Engine Version: 4.22.0-5660361+++UE4+Release-4.22
LogInit: Net CL: 5660361
LogInit: OS: Windows 10 (Release 1903) (), CPU: Intel(R) Core(TM) i5-4440 CPU @ 3.10GHz, GPU: NVIDIA GeForce GTX 1060 6GB
LogInit: Compiled (64-bit): Jun 18 2019 03:09:11
LogInit: Compiled with Visual C++: 19.16.27025.01
LogInit: Build Configuration: Development
LogInit: Branch Name: ++UE4+Release-4.22
LogInit: Command Line:  /Game/GoogleVR_Pawn/GoogleVRMotionControlerMap -game -PIEVIACONSOLE -ResX=1280 -ResY=720 -Multiprocess -messaging -SessionName="Play in Standalone Game" -featureleveles2 -faketouches -MultiprocessSaveConfig -windowed
LogInit: Base Directory: C:/Program Files/Epic Games/UE_4.22/Engine/Binaries/Win64/
LogInit: Installed Engine Build: 1
LogDevObjectVersion: Number of dev versions registered: 23
LogDevObjectVersion:   Dev-Blueprints (B0D832E4-1F89-4F0D-ACCF-7EB736FD4AA2): 10
LogDevObjectVersion:   Dev-Build (E1C64328-A22C-4D53-A36C-8E866417BD8C): 0
LogDevObjectVersion:   Dev-Core (375EC13C-06E4-48FB-B500-84F0262A717E): 3
LogDevObjectVersion:   Dev-Editor (E4B068ED-F494-42E9-A231-DA0B2E46BB41): 30
LogDevObjectVersion:   Dev-Framework (CFFC743F-43B0-4480-9391-14DF171D2073): 35
LogDevObjectVersion:   Dev-Mobile (B02B49B5-BB20-44E9-A304-32B752E40360): 2
LogDevObjectVersion:   Dev-Networking (A4E4105C-59A1-49B5-A7C5-40C4547EDFEE): 0
LogDevObjectVersion:   Dev-Online (39C831C9-5AE6-47DC-9A44-9C173E1C8E7C): 0
LogDevObjectVersion:   Dev-Physics (78F01B33-EBEA-4F98-B9B4-84EACCB95AA2): 0
LogDevObjectVersion:   Dev-Platform (6631380F-2D4D-43E0-8009-CF276956A95A): 0
LogDevObjectVersion:   Dev-Rendering (12F88B9F-8875-4AFC-A67C-D90C383ABD29): 28
LogDevObjectVersion:   Dev-Sequencer (7B5AE74C-D270-4C10-A958-57980B212A5A): 11
LogDevObjectVersion:   Dev-VR (D7296918-1DD6-4BDD-9DE2-64A83CC13884): 2
LogDevObjectVersion:   Dev-LoadTimes (C2A15278-BFE7-4AFE-6C17-90FF531DF755): 1
LogDevObjectVersion:   Private-Geometry (6EACA3D4-40EC-4CC1-B786-8BED09428FC5): 3
LogDevObjectVersion:   Dev-AnimPhys (29E575DD-E0A3-4627-9D10-D276232CDCEA): 17
LogDevObjectVersion:   Dev-Anim (AF43A65D-7FD3-4947-9873-3E8ED9C1BB05): 2
LogDevObjectVersion:   Dev-ReflectionCapture (6B266CEC-1EC7-4B8F-A30B-E4D90942FC07): 1
LogDevObjectVersion:   Dev-Automation (0DF73D61-A23F-47EA-B727-89E90C41499A): 1
LogDevObjectVersion:   FortniteMain (601D1886-AC64-4F84-AA16-D3DE0DEAC7D6): 25
LogDevObjectVersion:   Dev-Enterprise (9DFFBCD6-494F-0158-E221-12823C92A888): 6
LogDevObjectVersion:   Dev-Niagara (F2AED0AC-9AFE-416F-8664-AA7FFA26D6FC): 1
LogDevObjectVersion:   Dev-Destruction (174F1F0B-B4C6-45A5-B13F-2EE8D0FB917D): 2
LogInit: Presizing for max 16777216 objects, including 0 objects not considered by GC, pre-allocating 0 bytes for permanent pool.
LogInit: Object subsystem initialized
LogConfig: Setting CVar [[con.DebugEarlyDefault:1]]
LogConfig: Setting CVar [[r.setres:1280x720]]
[2019.10.12-22.03.24:092][  0]LogConfig: Setting CVar [[con.DebugEarlyDefault:1]]
[2019.10.12-22.03.24:092][  0]LogConfig: Setting CVar [[r.setres:1280x720]]
[2019.10.12-22.03.24:092][  0]LogConfig: Applying CVar settings from Section [/Script/Engine.RendererSettings] File [C:/Users/yagoc/Documents/GitHub/Virtual-Lab/VirtuaLab/Saved/Config/Windows/Engine.ini]
[2019.10.12-22.03.24:092][  0]LogConfig: Setting CVar [[r.GPUCrashDebugging:0]]
[2019.10.12-22.03.24:092][  0]LogConfig: Setting CVar [[r.MobileHDR:0]]
[2019.10.12-22.03.24:092][  0]LogConfig: Setting CVar [[r.Mobile.DisableVertexFog:0]]
[2019.10.12-22.03.24:092][  0]LogConfig: Setting CVar [[r.Shadow.CSM.MaxMobileCascades:2]]
[2019.10.12-22.03.24:092][  0]LogConfig: Setting CVar [[r.MobileMSAA:1]]
[2019.10.12-22.03.24:092][  0]LogConfig: Setting CVar [[r.DiscardUnusedQuality:0]]
[2019.10.12-22.03.24:092][  0]LogConfig: Setting CVar [[r.AllowOcclusionQueries:1]]
[2019.10.12-22.03.24:092][  0]LogConfig: Setting CVar [[r.MinScreenRadiusForLights:0.030000]]
[2019.10.12-22.03.24:092][  0]LogConfig: Setting CVar [[r.MinScreenRadiusForDepthPrepass:0.030000]]
[2019.10.12-22.03.24:092][  0]LogConfig: Setting CVar [[r.MinScreenRadiusForCSMDepth:0.010000]]
[2019.10.12-22.03.24:092][  0]LogConfig: Setting CVar [[r.PrecomputedVisibilityWarning:0]]
[2019.10.12-22.03.24:092][  0]LogConfig: Setting CVar [[r.TextureStreaming:1]]
[2019.10.12-22.03.24:092][  0]LogConfig: Setting CVar [[Compat.UseDXT5NormalMaps:0]]
[2019.10.12-22.03.24:092][  0]LogConfig: Setting CVar [[r.ClearCoatNormal:0]]
[2019.10.12-22.03.24:092][  0]LogConfig: Setting CVar [[r.ReflectionCaptureResolution:128]]
[2019.10.12-22.03.24:092][  0]LogConfig: Setting CVar [[r.ReflectionEnvironmentLightmapMixBasedOnRoughness:1]]
[2019.10.12-22.03.24:092][  0]LogConfig: Setting CVar [[r.ForwardShading:0]]
[2019.10.12-22.03.24:092][  0]LogConfig: Setting CVar [[r.VertexFoggingForOpaque:1]]
[2019.10.12-22.03.24:092][  0]LogConfig: Setting CVar [[r.AllowStaticLighting:1]]
[2019.10.12-22.03.24:092][  0]LogConfig: Setting CVar [[r.NormalMapsForStaticLighting:0]]
[2019.10.12-22.03.24:092][  0]LogConfig: Setting CVar [[r.GenerateMeshDistanceFields:0]]
[2019.10.12-22.03.24:093][  0]LogConfig: Setting CVar [[r.DistanceFieldBuild.EightBit:0]]
[2019.10.12-22.03.24:093][  0]LogConfig: Setting CVar [[r.GenerateLandscapeGIData:1]]
[2019.10.12-22.03.24:093][  0]LogConfig: Setting CVar [[r.DistanceFieldBuild.Compress:0]]
[2019.10.12-22.03.24:093][  0]LogConfig: Setting CVar [[r.TessellationAdaptivePixelsPerTriangle:48.000000]]
[2019.10.12-22.03.24:093][  0]LogConfig: Setting CVar [[r.SeparateTranslucency:0]]
[2019.10.12-22.03.24:093][  0]LogConfig: Setting CVar [[r.TranslucentSortPolicy:0]]
[2019.10.12-22.03.24:093][  0]LogConfig: Setting CVar [[r.CustomDepth:1]]
[2019.10.12-22.03.24:093][  0]LogConfig: Setting CVar [[r.CustomDepthTemporalAAJitter:1]]
[2019.10.12-22.03.24:093][  0]LogConfig: Setting CVar [[r.PostProcessing.PropagateAlpha:0]]
[2019.10.12-22.03.24:093][  0]LogConfig: Setting CVar [[r.DefaultFeature.Bloom:0]]
[2019.10.12-22.03.24:093][  0]LogConfig: Setting CVar [[r.DefaultFeature.AmbientOcclusion:0]]
[2019.10.12-22.03.24:093][  0]LogConfig: Setting CVar [[r.DefaultFeature.AmbientOcclusionStaticFraction:1]]
[2019.10.12-22.03.24:093][  0]LogConfig: Setting CVar [[r.DefaultFeature.AutoExposure:0]]
[2019.10.12-22.03.24:093][  0]LogConfig: Setting CVar [[r.DefaultFeature.AutoExposure.Method:1]]
[2019.10.12-22.03.24:093][  0]LogConfig: Setting CVar [[r.DefaultFeature.MotionBlur:0]]
[2019.10.12-22.03.24:093][  0]LogConfig: Setting CVar [[r.DefaultFeature.LensFlare:0]]
[2019.10.12-22.03.24:093][  0]LogConfig: Setting CVar [[r.DefaultFeature.AntiAliasing:0]]
[2019.10.12-22.03.24:093][  0]LogConfig: Setting CVar [[r.StencilForLODDither:0]]
[2019.10.12-22.03.24:093][  0]LogConfig: Setting CVar [[r.EarlyZPass:3]]
[2019.10.12-22.03.24:093][  0]LogConfig: Setting CVar [[r.EarlyZPassOnlyMaterialMasking:0]]
[2019.10.12-22.03.24:093][  0]LogConfig: Setting CVar [[r.DBuffer:1]]
[2019.10.12-22.03.24:093][  0]LogConfig: Setting CVar [[r.ClearSceneMethod:1]]
[2019.10.12-22.03.24:093][  0]LogConfig: Setting CVar [[r.BasePassOutputsVelocity:0]]
[2019.10.12-22.03.24:093][  0]LogConfig: Setting CVar [[r.SelectiveBasePassOutputs:0]]
[2019.10.12-22.03.24:093][  0]LogConfig: Setting CVar [[r.AllowGlobalClipPlane:0]]
[2019.10.12-22.03.24:093][  0]LogConfig: Setting CVar [[r.GBufferFormat:1]]
[2019.10.12-22.03.24:093][  0]LogConfig: Setting CVar [[r.MorphTarget.Mode:1]]
[2019.10.12-22.03.24:093][  0]LogConfig: Setting CVar [[vr.InstancedStereo:0]]
[2019.10.12-22.03.24:093][  0]LogConfig: Setting CVar [[vr.MultiView:0]]
[2019.10.12-22.03.24:093][  0]LogConfig: Setting CVar [[vr.MobileMultiView:0]]
[2019.10.12-22.03.24:093][  0]LogConfig: Setting CVar [[vr.MobileMultiView.Direct:0]]
[2019.10.12-22.03.24:093][  0]LogConfig: Setting CVar [[r.WireframeCullThreshold:5.000000]]
[2019.10.12-22.03.24:093][  0]LogConfig: Setting CVar [[r.SupportStationarySkylight:1]]
[2019.10.12-22.03.24:093][  0]LogConfig: Setting CVar [[r.SupportLowQualityLightmaps:1]]
[2019.10.12-22.03.24:093][  0]LogConfig: Setting CVar [[r.SupportPointLightWholeSceneShadows:1]]
[2019.10.12-22.03.24:093][  0]LogConfig: Setting CVar [[r.SupportAtmosphericFog:1]]
[2019.10.12-22.03.24:093][  0]LogConfig: Setting CVar [[r.SkinCache.CompileShaders:0]]
[2019.10.12-22.03.24:093][  0]LogConfig: Setting CVar [[r.Mobile.EnableStaticAndCSMShadowReceivers:1]]
[2019.10.12-22.03.24:093][  0]LogConfig: Setting CVar [[r.Mobile.AllowDistanceFieldShadows:1]]
[2019.10.12-22.03.24:093][  0]LogConfig: Setting CVar [[r.Mobile.AllowMovableDirectionalLights:1]]
[2019.10.12-22.03.24:093][  0]LogConfig: Setting CVar [[r.MobileNumDynamicPointLights:4]]
[2019.10.12-22.03.24:093][  0]LogConfig: Setting CVar [[r.MobileDynamicPointLightsUseStaticBranch:1]]
[2019.10.12-22.03.24:093][  0]LogConfig: Setting CVar [[r.SkinCache.SceneMemoryLimitInMB:128.000000]]
[2019.10.12-22.03.24:093][  0]LogConfig: Setting CVar [[r.GPUSkin.Limit2BoneInfluences:0]]
[2019.10.12-22.03.24:093][  0]LogConfig: Applying CVar settings from Section [/Script/Engine.RendererOverrideSettings] File [C:/Users/yagoc/Documents/GitHub/Virtual-Lab/VirtuaLab/Saved/Config/Windows/Engine.ini]
[2019.10.12-22.03.24:093][  0]LogConfig: Applying CVar settings from Section [/Script/Engine.StreamingSettings] File [C:/Users/yagoc/Documents/GitHub/Virtual-Lab/VirtuaLab/Saved/Config/Windows/Engine.ini]
[2019.10.12-22.03.24:093][  0]LogConfig: Setting CVar [[s.MinBulkDataSizeForAsyncLoading:131072]]
[2019.10.12-22.03.24:093][  0]LogConfig: Setting CVar [[s.AsyncLoadingThreadEnabled:0]]
[2019.10.12-22.03.24:093][  0]LogConfig: Setting CVar [[s.EventDrivenLoaderEnabled:1]]
[2019.10.12-22.03.24:093][  0]LogConfig: Setting CVar [[s.WarnIfTimeLimitExceeded:0]]
[2019.10.12-22.03.24:093][  0]LogConfig: Setting CVar [[s.TimeLimitExceededMultiplier:1.5]]
[2019.10.12-22.03.24:093][  0]LogConfig: Setting CVar [[s.TimeLimitExceededMinTime:0.005]]
[2019.10.12-22.03.24:093][  0]LogConfig: Setting CVar [[s.UseBackgroundLevelStreaming:1]]
[2019.10.12-22.03.24:093][  0]LogConfig: Setting CVar [[s.PriorityAsyncLoadingExtraTime:15.0]]
[2019.10.12-22.03.24:093][  0]LogConfig: Setting CVar [[s.LevelStreamingActorsUpdateTimeLimit:5.0]]
[2019.10.12-22.03.24:093][  0]LogConfig: Setting CVar [[s.PriorityLevelStreamingActorsUpdateExtraTime:5.0]]
[2019.10.12-22.03.24:093][  0]LogConfig: Setting CVar [[s.LevelStreamingComponentsRegistrationGranularity:10]]
[2019.10.12-22.03.24:093][  0]LogConfig: Setting CVar [[s.UnregisterComponentsTimeLimit:1.0]]
[2019.10.12-22.03.24:093][  0]LogConfig: Setting CVar [[s.LevelStreamingComponentsUnregistrationGranularity:5]]
[2019.10.12-22.03.24:093][  0]LogConfig: Applying CVar settings from Section [/Script/Engine.GarbageCollectionSettings] File [C:/Users/yagoc/Documents/GitHub/Virtual-Lab/VirtuaLab/Saved/Config/Windows/Engine.ini]
[2019.10.12-22.03.24:093][  0]LogConfig: Setting CVar [[gc.MaxObjectsNotConsideredByGC:1]]
[2019.10.12-22.03.24:093][  0]LogConfig: Setting CVar [[gc.SizeOfPermanentObjectPool:0]]
[2019.10.12-22.03.24:093][  0]LogConfig: Setting CVar [[gc.FlushStreamingOnGC:0]]
[2019.10.12-22.03.24:093][  0]LogConfig: Setting CVar [[gc.NumRetriesBeforeForcingGC:10]]
[2019.10.12-22.03.24:093][  0]LogConfig: Setting CVar [[gc.AllowParallelGC:1]]
[2019.10.12-22.03.24:093][  0]LogConfig: Setting CVar [[gc.TimeBetweenPurgingPendingKillObjects:61.1]]
[2019.10.12-22.03.24:093][  0]LogConfig: Setting CVar [[gc.MaxObjectsInEditor:16777216]]
[2019.10.12-22.03.24:093][  0]LogConfig: Setting CVar [[gc.IncrementalBeginDestroyEnabled:1]]
[2019.10.12-22.03.24:093][  0]LogConfig: Setting CVar [[gc.CreateGCClusters:1]]
[2019.10.12-22.03.24:093][  0]LogConfig: Setting CVar [[gc.MinGCClusterSize:5]]
[2019.10.12-22.03.24:093][  0]LogConfig: Setting CVar [[gc.ActorClusteringEnabled:0]]
[2019.10.12-22.03.24:093][  0]LogConfig: Setting CVar [[gc.BlueprintClusteringEnabled:0]]
[2019.10.12-22.03.24:093][  0]LogConfig: Setting CVar [[gc.UseDisregardForGCOnDedicatedServers:0]]
[2019.10.12-22.03.24:094][  0]LogConfig: Applying CVar settings from Section [/Script/Engine.NetworkSettings] File [C:/Users/yagoc/Documents/GitHub/Virtual-Lab/VirtuaLab/Saved/Config/Windows/Engine.ini]
[2019.10.12-22.03.24:094][  0]LogConfig: Applying CVar settings from Section [/Script/UnrealEd.CookerSettings] File [C:/Users/yagoc/Documents/GitHub/Virtual-Lab/VirtuaLab/Saved/Config/Windows/Engine.ini]
[2019.10.12-22.03.24:097][  0]LogConfig: Applying CVar settings from Section [ViewDistanceQuality@3] File [C:/Users/yagoc/Documents/GitHub/Virtual-Lab/VirtuaLab/Saved/Config/Windows/Scalability.ini]
[2019.10.12-22.03.24:097][  0]LogConfig: Setting CVar [[r.SkeletalMeshLODBias:0]]
[2019.10.12-22.03.24:097][  0]LogConfig: Setting CVar [[r.ViewDistanceScale:1.0]]
[2019.10.12-22.03.24:097][  0]LogConfig: Applying CVar settings from Section [AntiAliasingQuality@3] File [C:/Users/yagoc/Documents/GitHub/Virtual-Lab/VirtuaLab/Saved/Config/Windows/Scalability.ini]
[2019.10.12-22.03.24:097][  0]LogConfig: Setting CVar [[r.PostProcessAAQuality:4]]
[2019.10.12-22.03.24:097][  0]LogConfig: Applying CVar settings from Section [ShadowQuality@3] File [C:/Users/yagoc/Documents/GitHub/Virtual-Lab/VirtuaLab/Saved/Config/Windows/Scalability.ini]
[2019.10.12-22.03.24:097][  0]LogConfig: Setting CVar [[r.LightFunctionQuality:1]]
[2019.10.12-22.03.24:097][  0]LogConfig: Setting CVar [[r.ShadowQuality:5]]
[2019.10.12-22.03.24:097][  0]LogConfig: Setting CVar [[r.Shadow.CSM.MaxCascades:10]]
[2019.10.12-22.03.24:097][  0]LogConfig: Setting CVar [[r.Shadow.MaxResolution:2048]]
[2019.10.12-22.03.24:097][  0]LogConfig: Setting CVar [[r.Shadow.MaxCSMResolution:2048]]
[2019.10.12-22.03.24:097][  0]LogConfig: Setting CVar [[r.Shadow.RadiusThreshold:0.01]]
[2019.10.12-22.03.24:097][  0]LogConfig: Setting CVar [[r.Shadow.DistanceScale:1.0]]
[2019.10.12-22.03.24:097][  0]LogConfig: Setting CVar [[r.Shadow.CSM.TransitionScale:1.0]]
[2019.10.12-22.03.24:097][  0]LogConfig: Setting CVar [[r.Shadow.PreShadowResolutionFactor:1.0]]
[2019.10.12-22.03.24:097][  0]LogConfig: Setting CVar [[r.DistanceFieldShadowing:1]]
[2019.10.12-22.03.24:097][  0]LogConfig: Setting CVar [[r.DistanceFieldAO:1]]
[2019.10.12-22.03.24:098][  0]LogConfig: Setting CVar [[r.AOQuality:2]]
[2019.10.12-22.03.24:098][  0]LogConfig: Setting CVar [[r.VolumetricFog:1]]
[2019.10.12-22.03.24:098][  0]LogConfig: Setting CVar [[r.VolumetricFog.GridPixelSize:8]]
[2019.10.12-22.03.24:098][  0]LogConfig: Setting CVar [[r.VolumetricFog.GridSizeZ:128]]
[2019.10.12-22.03.24:098][  0]LogConfig: Setting CVar [[r.VolumetricFog.HistoryMissSupersampleCount:4]]
[2019.10.12-22.03.24:098][  0]LogConfig: Setting CVar [[r.LightMaxDrawDistanceScale:1]]
[2019.10.12-22.03.24:098][  0]LogConfig: Setting CVar [[r.CapsuleShadows:1]]
[2019.10.12-22.03.24:098][  0]LogConfig: Applying CVar settings from Section [PostProcessQuality@3] File [C:/Users/yagoc/Documents/GitHub/Virtual-Lab/VirtuaLab/Saved/Config/Windows/Scalability.ini]
[2019.10.12-22.03.24:098][  0]LogConfig: Setting CVar [[r.MotionBlurQuality:4]]
[2019.10.12-22.03.24:098][  0]LogConfig: Setting CVar [[r.AmbientOcclusionMipLevelFactor:0.4]]
[2019.10.12-22.03.24:098][  0]LogConfig: Setting CVar [[r.AmbientOcclusionMaxQuality:100]]
[2019.10.12-22.03.24:098][  0]LogConfig: Setting CVar [[r.AmbientOcclusionLevels:-1]]
[2019.10.12-22.03.24:098][  0]LogConfig: Setting CVar [[r.AmbientOcclusionRadiusScale:1.0]]
[2019.10.12-22.03.24:098][  0]LogConfig: Setting CVar [[r.DepthOfFieldQuality:2]]
[2019.10.12-22.03.24:098][  0]LogConfig: Setting CVar [[r.RenderTargetPoolMin:400]]
[2019.10.12-22.03.24:098][  0]LogConfig: Setting CVar [[r.LensFlareQuality:2]]
[2019.10.12-22.03.24:098][  0]LogConfig: Setting CVar [[r.SceneColorFringeQuality:1]]
[2019.10.12-22.03.24:098][  0]LogConfig: Setting CVar [[r.EyeAdaptationQuality:2]]
[2019.10.12-22.03.24:098][  0]LogConfig: Setting CVar [[r.BloomQuality:5]]
[2019.10.12-22.03.24:098][  0]LogConfig: Setting CVar [[r.FastBlurThreshold:100]]
[2019.10.12-22.03.24:098][  0]LogConfig: Setting CVar [[r.Upscale.Quality:3]]
[2019.10.12-22.03.24:098][  0]LogConfig: Setting CVar [[r.Tonemapper.GrainQuantization:1]]
[2019.10.12-22.03.24:098][  0]LogConfig: Setting CVar [[r.LightShaftQuality:1]]
[2019.10.12-22.03.24:098][  0]LogConfig: Setting CVar [[r.Filter.SizeScale:1]]
[2019.10.12-22.03.24:098][  0]LogConfig: Setting CVar [[r.Tonemapper.Quality:5]]
[2019.10.12-22.03.24:098][  0]LogConfig: Setting CVar [[r.DOF.Gather.AccumulatorQuality:1        ; higher gathering accumulator quality]]
[2019.10.12-22.03.24:098][  0]LogConfig: Setting CVar [[r.DOF.Gather.PostfilterMethod:1          ; Median3x3 postfilering method]]
[2019.10.12-22.03.24:098][  0]LogConfig: Setting CVar [[r.DOF.Gather.EnableBokehSettings:0       ; no bokeh simulation when gathering]]
[2019.10.12-22.03.24:098][  0]LogConfig: Setting CVar [[r.DOF.Gather.RingCount:4                 ; medium number of samples when gathering]]
[2019.10.12-22.03.24:098][  0]LogConfig: Setting CVar [[r.DOF.Scatter.ForegroundCompositing:1    ; additive foreground scattering]]
[2019.10.12-22.03.24:098][  0]LogConfig: Setting CVar [[r.DOF.Scatter.BackgroundCompositing:2    ; additive background scattering]]
[2019.10.12-22.03.24:098][  0]LogConfig: Setting CVar [[r.DOF.Scatter.EnableBokehSettings:1      ; bokeh simulation when scattering]]
[2019.10.12-22.03.24:098][  0]LogConfig: Setting CVar [[r.DOF.Scatter.MaxSpriteRatio:0.1         ; only a maximum of 10% of scattered bokeh]]
[2019.10.12-22.03.24:098][  0]LogConfig: Setting CVar [[r.DOF.Recombine.Quality:1                ; cheap slight out of focus]]
[2019.10.12-22.03.24:098][  0]LogConfig: Setting CVar [[r.DOF.Recombine.EnableBokehSettings:0    ; no bokeh simulation on slight out of focus]]
[2019.10.12-22.03.24:098][  0]LogConfig: Setting CVar [[r.DOF.TemporalAAQuality:1                ; more stable temporal accumulation]]
[2019.10.12-22.03.24:098][  0]LogConfig: Setting CVar [[r.DOF.Kernel.MaxForegroundRadius:0.025]]
[2019.10.12-22.03.24:098][  0]LogConfig: Setting CVar [[r.DOF.Kernel.MaxBackgroundRadius:0.025]]
[2019.10.12-22.03.24:098][  0]LogConfig: Applying CVar settings from Section [TextureQuality@3] File [C:/Users/yagoc/Documents/GitHub/Virtual-Lab/VirtuaLab/Saved/Config/Windows/Scalability.ini]
[2019.10.12-22.03.24:098][  0]LogConfig: Setting CVar [[r.Streaming.MipBias:0]]
[2019.10.12-22.03.24:098][  0]LogConfig: Setting CVar [[r.Streaming.AmortizeCPUToGPUCopy:0]]
[2019.10.12-22.03.24:098][  0]LogConfig: Setting CVar [[r.Streaming.MaxNumTexturesToStreamPerFrame:0]]
[2019.10.12-22.03.24:098][  0]LogConfig: Setting CVar [[r.Streaming.Boost:1]]
[2019.10.12-22.03.24:098][  0]LogConfig: Setting CVar [[r.MaxAnisotropy:8]]
[2019.10.12-22.03.24:098][  0]LogConfig: Setting CVar [[r.Streaming.LimitPoolSizeToVRAM:0]]
[2019.10.12-22.03.24:098][  0]LogConfig: Setting CVar [[r.Streaming.PoolSize:1000]]
[2019.10.12-22.03.24:098][  0]LogConfig: Setting CVar [[r.Streaming.MaxEffectiveScreenSize:0]]
[2019.10.12-22.03.24:098][  0]LogConfig: Applying CVar settings from Section [EffectsQuality@3] File [C:/Users/yagoc/Documents/GitHub/Virtual-Lab/VirtuaLab/Saved/Config/Windows/Scalability.ini]
[2019.10.12-22.03.24:098][  0]LogConfig: Setting CVar [[r.TranslucencyLightingVolumeDim:64]]
[2019.10.12-22.03.24:098][  0]LogConfig: Setting CVar [[r.RefractionQuality:2]]
[2019.10.12-22.03.24:098][  0]LogConfig: Setting CVar [[r.SSR.Quality:3]]
[2019.10.12-22.03.24:098][  0]LogConfig: Setting CVar [[r.SceneColorFormat:4]]
[2019.10.12-22.03.24:098][  0]LogConfig: Setting CVar [[r.DetailMode:2]]
[2019.10.12-22.03.24:098][  0]LogConfig: Setting CVar [[r.TranslucencyVolumeBlur:1]]
[2019.10.12-22.03.24:098][  0]LogConfig: Setting CVar [[r.MaterialQualityLevel:1 ; High quality]]
[2019.10.12-22.03.24:098][  0]LogConfig: Setting CVar [[r.SSS.Scale:1]]
[2019.10.12-22.03.24:098][  0]LogConfig: Setting CVar [[r.SSS.SampleSet:2]]
[2019.10.12-22.03.24:098][  0]LogConfig: Setting CVar [[r.SSS.Quality:1]]
[2019.10.12-22.03.24:098][  0]LogConfig: Setting CVar [[r.SSS.HalfRes:1]]
[2019.10.12-22.03.24:098][  0]LogConfig: Setting CVar [[r.EmitterSpawnRateScale:1.0]]
[2019.10.12-22.03.24:098][  0]LogConfig: Setting CVar [[r.ParticleLightQuality:2]]
[2019.10.12-22.03.24:098][  0]LogConfig: Applying CVar settings from Section [FoliageQuality@3] File [C:/Users/yagoc/Documents/GitHub/Virtual-Lab/VirtuaLab/Saved/Config/Windows/Scalability.ini]
[2019.10.12-22.03.24:098][  0]LogConfig: Setting CVar [[foliage.DensityScale:1.0]]
[2019.10.12-22.03.24:098][  0]LogConfig: Setting CVar [[grass.DensityScale:1.0]]
[2019.10.12-22.03.24:098][  0]LogInit: Selected Device Profile: [Windows]
[2019.10.12-22.03.24:099][  0]LogInit: Applying CVar settings loaded from the selected device profile: [Windows]
[2019.10.12-22.03.24:103][  0]LogHAL: Display: Platform has ~ 16 GB [17114693632 / 17179869184 / 16], which maps to Larger [LargestMinGB=32, LargerMinGB=12, DefaultMinGB=8, SmallerMinGB=6, SmallestMinGB=0)
[2019.10.12-22.03.24:103][  0]LogConfig: Setting CVar [[r.Vulkan.UseRealUBs:0		; Required until we fix HLR fall-out]]
[2019.10.12-22.03.24:103][  0]LogInit: Going up to parent DeviceProfile []
[2019.10.12-22.03.24:103][  0]LogConfig: Applying CVar settings from Section [ViewDistanceQuality@3] File [C:/Users/yagoc/Documents/GitHub/Virtual-Lab/VirtuaLab/Saved/Config/Windows/Scalability.ini]
[2019.10.12-22.03.24:103][  0]LogConfig: Setting CVar [[r.SkeletalMeshLODBias:0]]
[2019.10.12-22.03.24:103][  0]LogConfig: Setting CVar [[r.ViewDistanceScale:1.0]]
[2019.10.12-22.03.24:103][  0]LogConfig: Applying CVar settings from Section [AntiAliasingQuality@3] File [C:/Users/yagoc/Documents/GitHub/Virtual-Lab/VirtuaLab/Saved/Config/Windows/Scalability.ini]
[2019.10.12-22.03.24:103][  0]LogConfig: Setting CVar [[r.PostProcessAAQuality:4]]
[2019.10.12-22.03.24:103][  0]LogConfig: Applying CVar settings from Section [ShadowQuality@3] File [C:/Users/yagoc/Documents/GitHub/Virtual-Lab/VirtuaLab/Saved/Config/Windows/Scalability.ini]
[2019.10.12-22.03.24:103][  0]LogConfig: Setting CVar [[r.LightFunctionQuality:1]]
[2019.10.12-22.03.24:103][  0]LogConfig: Setting CVar [[r.ShadowQuality:5]]
[2019.10.12-22.03.24:103][  0]LogConfig: Setting CVar [[r.Shadow.CSM.MaxCascades:10]]
[2019.10.12-22.03.24:103][  0]LogConfig: Setting CVar [[r.Shadow.MaxResolution:2048]]
[2019.10.12-22.03.24:104][  0]LogConfig: Setting CVar [[r.Shadow.MaxCSMResolution:2048]]
[2019.10.12-22.03.24:104][  0]LogConfig: Setting CVar [[r.Shadow.RadiusThreshold:0.01]]
[2019.10.12-22.03.24:104][  0]LogConfig: Setting CVar [[r.Shadow.DistanceScale:1.0]]
[2019.10.12-22.03.24:104][  0]LogConfig: Setting CVar [[r.Shadow.CSM.TransitionScale:1.0]]
[2019.10.12-22.03.24:104][  0]LogConfig: Setting CVar [[r.Shadow.PreShadowResolutionFactor:1.0]]
[2019.10.12-22.03.24:104][  0]LogConfig: Setting CVar [[r.DistanceFieldShadowing:1]]
[2019.10.12-22.03.24:104][  0]LogConfig: Setting CVar [[r.DistanceFieldAO:1]]
[2019.10.12-22.03.24:104][  0]LogConfig: Setting CVar [[r.AOQuality:2]]
[2019.10.12-22.03.24:104][  0]LogConfig: Setting CVar [[r.VolumetricFog:1]]
[2019.10.12-22.03.24:104][  0]LogConfig: Setting CVar [[r.VolumetricFog.GridPixelSize:8]]
[2019.10.12-22.03.24:104][  0]LogConfig: Setting CVar [[r.VolumetricFog.GridSizeZ:128]]
[2019.10.12-22.03.24:104][  0]LogConfig: Setting CVar [[r.VolumetricFog.HistoryMissSupersampleCount:4]]
[2019.10.12-22.03.24:104][  0]LogConfig: Setting CVar [[r.LightMaxDrawDistanceScale:1]]
[2019.10.12-22.03.24:104][  0]LogConfig: Setting CVar [[r.CapsuleShadows:1]]
[2019.10.12-22.03.24:104][  0]LogConfig: Applying CVar settings from Section [PostProcessQuality@3] File [C:/Users/yagoc/Documents/GitHub/Virtual-Lab/VirtuaLab/Saved/Config/Windows/Scalability.ini]
[2019.10.12-22.03.24:104][  0]LogConfig: Setting CVar [[r.MotionBlurQuality:4]]
[2019.10.12-22.03.24:104][  0]LogConfig: Setting CVar [[r.AmbientOcclusionMipLevelFactor:0.4]]
[2019.10.12-22.03.24:104][  0]LogConfig: Setting CVar [[r.AmbientOcclusionMaxQuality:100]]
[2019.10.12-22.03.24:104][  0]LogConfig: Setting CVar [[r.AmbientOcclusionLevels:-1]]
[2019.10.12-22.03.24:104][  0]LogConfig: Setting CVar [[r.AmbientOcclusionRadiusScale:1.0]]
[2019.10.12-22.03.24:104][  0]LogConfig: Setting CVar [[r.DepthOfFieldQuality:2]]
[2019.10.12-22.03.24:104][  0]LogConfig: Setting CVar [[r.RenderTargetPoolMin:400]]
[2019.10.12-22.03.24:104][  0]LogConfig: Setting CVar [[r.LensFlareQuality:2]]
[2019.10.12-22.03.24:104][  0]LogConfig: Setting CVar [[r.SceneColorFringeQuality:1]]
[2019.10.12-22.03.24:104][  0]LogConfig: Setting CVar [[r.EyeAdaptationQuality:2]]
[2019.10.12-22.03.24:104][  0]LogConfig: Setting CVar [[r.BloomQuality:5]]
[2019.10.12-22.03.24:104][  0]LogConfig: Setting CVar [[r.FastBlurThreshold:100]]
[2019.10.12-22.03.24:104][  0]LogConfig: Setting CVar [[r.Upscale.Quality:3]]
[2019.10.12-22.03.24:104][  0]LogConfig: Setting CVar [[r.Tonemapper.GrainQuantization:1]]
[2019.10.12-22.03.24:104][  0]LogConfig: Setting CVar [[r.LightShaftQuality:1]]
[2019.10.12-22.03.24:104][  0]LogConfig: Setting CVar [[r.Filter.SizeScale:1]]
[2019.10.12-22.03.24:104][  0]LogConfig: Setting CVar [[r.Tonemapper.Quality:5]]
[2019.10.12-22.03.24:104][  0]LogConfig: Setting CVar [[r.DOF.Gather.AccumulatorQuality:1        ; higher gathering accumulator quality]]
[2019.10.12-22.03.24:104][  0]LogConfig: Setting CVar [[r.DOF.Gather.PostfilterMethod:1          ; Median3x3 postfilering method]]
[2019.10.12-22.03.24:104][  0]LogConfig: Setting CVar [[r.DOF.Gather.EnableBokehSettings:0       ; no bokeh simulation when gathering]]
[2019.10.12-22.03.24:104][  0]LogConfig: Setting CVar [[r.DOF.Gather.RingCount:4                 ; medium number of samples when gathering]]
[2019.10.12-22.03.24:104][  0]LogConfig: Setting CVar [[r.DOF.Scatter.ForegroundCompositing:1    ; additive foreground scattering]]
[2019.10.12-22.03.24:104][  0]LogConfig: Setting CVar [[r.DOF.Scatter.BackgroundCompositing:2    ; additive background scattering]]
[2019.10.12-22.03.24:104][  0]LogConfig: Setting CVar [[r.DOF.Scatter.EnableBokehSettings:1      ; bokeh simulation when scattering]]
[2019.10.12-22.03.24:104][  0]LogConfig: Setting CVar [[r.DOF.Scatter.MaxSpriteRatio:0.1         ; only a maximum of 10% of scattered bokeh]]
[2019.10.12-22.03.24:104][  0]LogConfig: Setting CVar [[r.DOF.Recombine.Quality:1                ; cheap slight out of focus]]
[2019.10.12-22.03.24:104][  0]LogConfig: Setting CVar [[r.DOF.Recombine.EnableBokehSettings:0    ; no bokeh simulation on slight out of focus]]
[2019.10.12-22.03.24:104][  0]LogConfig: Setting CVar [[r.DOF.TemporalAAQuality:1                ; more stable temporal accumulation]]
[2019.10.12-22.03.24:104][  0]LogConfig: Setting CVar [[r.DOF.Kernel.MaxForegroundRadius:0.025]]
[2019.10.12-22.03.24:104][  0]LogConfig: Setting CVar [[r.DOF.Kernel.MaxBackgroundRadius:0.025]]
[2019.10.12-22.03.24:104][  0]LogConfig: Applying CVar settings from Section [TextureQuality@3] File [C:/Users/yagoc/Documents/GitHub/Virtual-Lab/VirtuaLab/Saved/Config/Windows/Scalability.ini]
[2019.10.12-22.03.24:104][  0]LogConfig: Setting CVar [[r.Streaming.MipBias:0]]
[2019.10.12-22.03.24:104][  0]LogConfig: Setting CVar [[r.Streaming.AmortizeCPUToGPUCopy:0]]
[2019.10.12-22.03.24:104][  0]LogConfig: Setting CVar [[r.Streaming.MaxNumTexturesToStreamPerFrame:0]]
[2019.10.12-22.03.24:104][  0]LogConfig: Setting CVar [[r.Streaming.Boost:1]]
[2019.10.12-22.03.24:104][  0]LogConfig: Setting CVar [[r.MaxAnisotropy:8]]
[2019.10.12-22.03.24:104][  0]LogConfig: Setting CVar [[r.Streaming.LimitPoolSizeToVRAM:0]]
[2019.10.12-22.03.24:104][  0]LogConfig: Setting CVar [[r.Streaming.PoolSize:1000]]
[2019.10.12-22.03.24:104][  0]LogConfig: Setting CVar [[r.Streaming.MaxEffectiveScreenSize:0]]
[2019.10.12-22.03.24:104][  0]LogConfig: Applying CVar settings from Section [EffectsQuality@3] File [C:/Users/yagoc/Documents/GitHub/Virtual-Lab/VirtuaLab/Saved/Config/Windows/Scalability.ini]
[2019.10.12-22.03.24:104][  0]LogConfig: Setting CVar [[r.TranslucencyLightingVolumeDim:64]]
[2019.10.12-22.03.24:104][  0]LogConfig: Setting CVar [[r.RefractionQuality:2]]
[2019.10.12-22.03.24:104][  0]LogConfig: Setting CVar [[r.SSR.Quality:3]]
[2019.10.12-22.03.24:104][  0]LogConfig: Setting CVar [[r.SceneColorFormat:4]]
[2019.10.12-22.03.24:104][  0]LogConfig: Setting CVar [[r.DetailMode:2]]
[2019.10.12-22.03.24:104][  0]LogConfig: Setting CVar [[r.TranslucencyVolumeBlur:1]]
[2019.10.12-22.03.24:104][  0]LogConfig: Setting CVar [[r.MaterialQualityLevel:1 ; High quality]]
[2019.10.12-22.03.24:104][  0]LogConfig: Setting CVar [[r.SSS.Scale:1]]
[2019.10.12-22.03.24:104][  0]LogConfig: Setting CVar [[r.SSS.SampleSet:2]]
[2019.10.12-22.03.24:104][  0]LogConfig: Setting CVar [[r.SSS.Quality:1]]
[2019.10.12-22.03.24:104][  0]LogConfig: Setting CVar [[r.SSS.HalfRes:1]]
[2019.10.12-22.03.24:104][  0]LogConfig: Setting CVar [[r.EmitterSpawnRateScale:1.0]]
[2019.10.12-22.03.24:104][  0]LogConfig: Setting CVar [[r.ParticleLightQuality:2]]
[2019.10.12-22.03.24:104][  0]LogConfig: Applying CVar settings from Section [FoliageQuality@3] File [C:/Users/yagoc/Documents/GitHub/Virtual-Lab/VirtuaLab/Saved/Config/Windows/Scalability.ini]
[2019.10.12-22.03.24:104][  0]LogConfig: Setting CVar [[foliage.DensityScale:1.0]]
[2019.10.12-22.03.24:104][  0]LogConfig: Setting CVar [[grass.DensityScale:1.0]]
[2019.10.12-22.03.24:104][  0]LogConfig: Applying CVar settings from Section [Startup] File [../../../Engine/Config/ConsoleVariables.ini]
[2019.10.12-22.03.24:105][  0]LogConfig: Setting CVar [[net.UseAdaptiveNetUpdateFrequency:0]]
[2019.10.12-22.03.24:105][  0]LogConfig: Setting CVar [[p.chaos.AllowCreatePhysxBodies:1]]
[2019.10.12-22.03.24:105][  0]LogConfig: Applying CVar settings from Section [ConsoleVariables] File [C:/Users/yagoc/Documents/GitHub/Virtual-Lab/VirtuaLab/Saved/Config/Windows/Engine.ini]
[2019.10.12-22.03.24:105][  0]LogInit: Computer: DESKTOP-TLO73PE
[2019.10.12-22.03.24:105][  0]LogInit: User: yagoc
[2019.10.12-22.03.24:105][  0]LogInit: CPU Page size=4096, Cores=4
[2019.10.12-22.03.24:105][  0]LogInit: High frequency timer resolution =10.000000 MHz
[2019.10.12-22.03.24:105][  0]LogMemory: Memory total: Physical=15.9GB (16GB approx)
[2019.10.12-22.03.24:105][  0]LogMemory: Platform Memory Stats for Windows
[2019.10.12-22.03.24:105][  0]LogMemory: Process Physical Memory: 100.32 MB used, 100.32 MB peak
[2019.10.12-22.03.24:105][  0]LogMemory: Process Virtual Memory: 92.01 MB used, 92.01 MB peak
[2019.10.12-22.03.24:105][  0]LogMemory: Physical Memory: 7984.13 MB used,  8337.71 MB free, 16321.84 MB total
[2019.10.12-22.03.24:105][  0]LogMemory: Virtual Memory: 4635.53 MB used,  134213096.00 MB free, 134217728.00 MB total
[2019.10.12-22.03.24:172][  0]LogInit: Using OS detected language (pt-BR).
[2019.10.12-22.03.24:172][  0]LogInit: Using OS detected locale (pt-BR).
[2019.10.12-22.03.24:590][  0]LogTextLocalizationResource: LocRes '../../../Engine/Content/Localization/Editor/pt/Editor.locres' could not be opened for reading!
[2019.10.12-22.03.24:591][  0]LogTextLocalizationResource: LocRes '../../../Engine/Content/Localization/EditorTutorials/pt/EditorTutorials.locres' could not be opened for reading!
[2019.10.12-22.03.24:591][  0]LogTextLocalizationResource: LocRes '../../../Engine/Content/Localization/Keywords/pt/Keywords.locres' could not be opened for reading!
[2019.10.12-22.03.24:591][  0]LogTextLocalizationResource: LocRes '../../../Engine/Content/Localization/Category/pt/Category.locres' could not be opened for reading!
[2019.10.12-22.03.24:591][  0]LogTextLocalizationResource: LocRes '../../../Engine/Content/Localization/ToolTips/pt/ToolTips.locres' could not be opened for reading!
[2019.10.12-22.03.24:591][  0]LogTextLocalizationResource: LocRes '../../../Engine/Content/Localization/PropertyNames/pt/PropertyNames.locres' could not be opened for reading!
[2019.10.12-22.03.24:591][  0]LogTextLocalizationResource: LocRes '../../../Engine/Content/Localization/Engine/pt/Engine.locres' could not be opened for reading!
[2019.10.12-22.03.24:591][  0]LogTextLocalizationResource: LocRes '../../../Engine/Plugins/Online/Android/OnlineSubsystemGooglePlay/Content/Localization/OnlineSubsystemGooglePlay/pt/OnlineSubsystemGooglePlay.locres' could not be opened for reading!
[2019.10.12-22.03.24:591][  0]LogTextLocalizationResource: LocRes '../../../Engine/Plugins/Online/IOS/OnlineSubsystemIOS/Content/Localization/OnlineSubsystemIOS/pt/OnlineSubsystemIOS.locres' could not be opened for reading!
[2019.10.12-22.03.24:591][  0]LogTextLocalizationResource: LocRes '../../../Engine/Plugins/Online/OnlineSubsystem/Content/Localization/OnlineSubsystem/pt/OnlineSubsystem.locres' could not be opened for reading!
[2019.10.12-22.03.24:591][  0]LogTextLocalizationResource: LocRes '../../../Engine/Plugins/Online/OnlineSubsystemUtils/Content/Localization/OnlineSubsystemUtils/pt/OnlineSubsystemUtils.locres' could not be opened for reading!
[2019.10.12-22.03.24:646][  0]LogSlate: New Slate User Created.  User Index 0, Is Virtual User: 0
[2019.10.12-22.03.24:646][  0]LogSlate: Slate User Registered.  User Index 0, Is Virtual User: 0
[2019.10.12-22.03.24:667][  0]LogHMD: Failed to initialize OpenVR with code 110
[2019.10.12-22.03.24:667][  0]LogD3D11RHI: D3D11 adapters:
[2019.10.12-22.03.24:755][  0]LogD3D11RHI:    0. 'NVIDIA GeForce GTX 1060 6GB' (Feature Level 11_0)
[2019.10.12-22.03.24:755][  0]LogD3D11RHI:       6052/0/8160 MB DedicatedVideo/DedicatedSystem/SharedSystem, Outputs:1, VendorId:0x10de
[2019.10.12-22.03.24:758][  0]LogD3D11RHI:    1. 'Microsoft Basic Render Driver' (Feature Level 11_0)
[2019.10.12-22.03.24:758][  0]LogD3D11RHI:       0/0/8160 MB DedicatedVideo/DedicatedSystem/SharedSystem, Outputs:0, VendorId:0x1414
[2019.10.12-22.03.24:758][  0]LogD3D11RHI: Chosen D3D11 Adapter: 0
[2019.10.12-22.03.24:767][  0]LogD3D11RHI: Creating new Direct3DDevice
[2019.10.12-22.03.24:767][  0]LogD3D11RHI:     GPU DeviceId: 0x1c03 (for the marketing name, search the web for "GPU Device Id")
[2019.10.12-22.03.24:767][  0]LogWindows: EnumDisplayDevices:
[2019.10.12-22.03.24:767][  0]LogWindows:    0. 'NVIDIA GeForce GTX 1060 6GB' (P:1 D:1)
[2019.10.12-22.03.24:768][  0]LogWindows:    1. 'NVIDIA GeForce GTX 1060 6GB' (P:0 D:0)
[2019.10.12-22.03.24:768][  0]LogWindows:    2. 'NVIDIA GeForce GTX 1060 6GB' (P:0 D:0)
[2019.10.12-22.03.24:768][  0]LogWindows:    3. 'NVIDIA GeForce GTX 1060 6GB' (P:0 D:0)
[2019.10.12-22.03.24:768][  0]LogWindows: DebugString: FoundDriverCount:4 
[2019.10.12-22.03.24:768][  0]LogD3D11RHI:     Adapter Name: NVIDIA GeForce GTX 1060 6GB
[2019.10.12-22.03.24:768][  0]LogD3D11RHI:   Driver Version: 436.30 (internal:26.21.14.3630, unified:436.30)
[2019.10.12-22.03.24:768][  0]LogD3D11RHI:      Driver Date: 9-5-2019
[2019.10.12-22.03.24:768][  0]LogRHI: Texture pool is 4236 MB (70% of 6052 MB)
[2019.10.12-22.03.24:818][  0]LogD3D11RHI: Async texture creation enabled
[2019.10.12-22.03.24:843][  0]LogRendererCore: FGlobalReadBuffer::InitRHI
[2019.10.12-22.03.24:843][  0]LogRendererCore: FGlobalReadBuffer::InitRHI
[2019.10.12-22.03.24:843][  0]LogRendererCore: FGlobalReadBuffer::InitRHI
[2019.10.12-22.03.24:852][  0]LogD3D11RHI: GPU Timing Frequency: 1000.000000 (Debug: 2 1)
[2019.10.12-22.03.25:333][  0]LogTemp: Display: Module 'WindowsClientTargetPlatform' loaded TargetPlatform 'WindowsClient'
[2019.10.12-22.03.25:351][  0]LogTemp: Display: Module 'WindowsNoEditorTargetPlatform' loaded TargetPlatform 'WindowsNoEditor'
[2019.10.12-22.03.25:369][  0]LogTemp: Display: Module 'WindowsServerTargetPlatform' loaded TargetPlatform 'WindowsServer'
[2019.10.12-22.03.25:377][  0]LogTemp: Display: Module 'WindowsTargetPlatform' loaded TargetPlatform 'Windows'
[2019.10.12-22.03.25:377][  0]LogTargetPlatformManager: Display: Building Assets For Windows
[2019.10.12-22.03.25:387][  0]LogAudioDebug: Display: Lib vorbis DLL was dynamically loaded.
[2019.10.12-22.03.25:439][  0]LogShaderCompilers: Guid format shader working directory is -23 characters bigger than the processId version (../../../../../../Users/yagoc/Documents/GitHub/Virtual-Lab/VirtuaLab/Intermediate/Shaders/WorkingDirectory/14596/).
[2019.10.12-22.03.25:439][  0]LogShaderCompilers: Cleaned the shader compiler working directory 'C:/Users/yagoc/AppData/Local/Temp/UnrealShaderWorkingDir/0D24F3414A0568F5CA04E0AEB0878C82/'.
[2019.10.12-22.03.25:441][  0]LogXGEController: Cannot use XGE Controller as Incredibuild is not installed on this machine.
[2019.10.12-22.03.25:441][  0]LogShaderCompilers: Cannot use XGE Shader Compiler as Incredibuild is not installed on this machine.
[2019.10.12-22.03.25:441][  0]LogShaderCompilers: Display: Using Local Shader Compiler.
[2019.10.12-22.03.25:991][  0]LogDerivedDataCache: Display: Max Cache Size: 512 MB
[2019.10.12-22.03.26:053][  0]LogDerivedDataCache: Loaded boot cache 0.06s 82MB C:/Users/yagoc/AppData/Local/UnrealEngine/4.22/DerivedDataCache/Boot.ddc.
[2019.10.12-22.03.26:053][  0]LogDerivedDataCache: Display: Loaded Boot cache: C:/Users/yagoc/AppData/Local/UnrealEngine/4.22/DerivedDataCache/Boot.ddc
[2019.10.12-22.03.26:053][  0]LogDerivedDataCache: FDerivedDataBackendGraph:  Pak pak cache file ../../../../../../Users/yagoc/Documents/GitHub/Virtual-Lab/VirtuaLab/DerivedDataCache/DDC.ddp not found, will not use a pak cache.
[2019.10.12-22.03.26:053][  0]LogDerivedDataCache: Unable to find inner node Pak for hierarchical cache Hierarchy.
[2019.10.12-22.03.26:053][  0]LogDerivedDataCache: FDerivedDataBackendGraph:  CompressedPak pak cache file ../../../../../../Users/yagoc/Documents/GitHub/Virtual-Lab/VirtuaLab/DerivedDataCache/Compressed.ddp not found, will not use a pak cache.
[2019.10.12-22.03.26:053][  0]LogDerivedDataCache: Unable to find inner node CompressedPak for hierarchical cache Hierarchy.
[2019.10.12-22.03.26:067][  0]LogDerivedDataCache: Display: Pak cache opened for reading ../../../Engine/DerivedDataCache/Compressed.ddp.
[2019.10.12-22.03.26:067][  0]LogDerivedDataCache: FDerivedDataBackendGraph:  EnterprisePak pak cache file ../../../Enterprise/DerivedDataCache/Compressed.ddp not found, will not use a pak cache.
[2019.10.12-22.03.26:067][  0]LogDerivedDataCache: Unable to find inner node EnterprisePak for hierarchical cache Hierarchy.
[2019.10.12-22.03.26:080][  0]LogDerivedDataCache: Using Local data cache path C:/Users/yagoc/AppData/Local/UnrealEngine/Common/DerivedDataCache: Writable
[2019.10.12-22.03.26:080][  0]LogDerivedDataCache: Shared data cache path not found in *engine.ini, will not use an Shared cache.
[2019.10.12-22.03.26:080][  0]LogDerivedDataCache: Unable to find inner node Shared for hierarchical cache Hierarchy.
[2019.10.12-22.03.26:224][  0]LogMaterial: Verifying Global Shaders for PCD3D_ES2
[2019.10.12-22.03.26:798][  0]LogSlate: Using FreeType 2.6.0
[2019.10.12-22.03.26:798][  0]LogSlate: SlateFontServices - WITH_FREETYPE: 1, WITH_HARFBUZZ: 1
[2019.10.12-22.04.05:270][  0]LogShaderCompilers: Display: Shaders left to compile 570
[2019.10.12-22.04.05:270][  0]LogShaderCompilers: Display: Shaders left to compile 560
[2019.10.12-22.04.05:270][  0]LogShaderCompilers: Display: Shaders left to compile 550
[2019.10.12-22.04.05:270][  0]LogShaderCompilers: Display: Shaders left to compile 540
[2019.10.12-22.04.05:270][  0]LogShaderCompilers: Display: Shaders left to compile 530
[2019.10.12-22.04.05:270][  0]LogShaderCompilers: Display: Shaders left to compile 520
[2019.10.12-22.04.05:270][  0]LogShaderCompilers: Display: Shaders left to compile 510
[2019.10.12-22.04.05:270][  0]LogShaderCompilers: Display: Shaders left to compile 500
[2019.10.12-22.04.05:270][  0]LogShaderCompilers: Display: Shaders left to compile 490
[2019.10.12-22.04.05:270][  0]LogShaderCompilers: Display: Shaders left to compile 480
[2019.10.12-22.04.05:270][  0]LogShaderCompilers: Display: Shaders left to compile 470
[2019.10.12-22.04.05:270][  0]LogShaderCompilers: Display: Shaders left to compile 460
[2019.10.12-22.04.05:270][  0]LogShaderCompilers: Display: Shaders left to compile 450
[2019.10.12-22.04.05:270][  0]LogShaderCompilers: Display: Shaders left to compile 440
[2019.10.12-22.04.05:270][  0]LogShaderCompilers: Display: Shaders left to compile 430
[2019.10.12-22.04.05:270][  0]LogShaderCompilers: Display: Shaders left to compile 420
[2019.10.12-22.04.05:270][  0]LogShaderCompilers: Display: Shaders left to compile 410
[2019.10.12-22.04.05:270][  0]LogShaderCompilers: Display: Shaders left to compile 400
[2019.10.12-22.04.05:270][  0]LogShaderCompilers: Display: Shaders left to compile 390
[2019.10.12-22.04.05:270][  0]LogShaderCompilers: Display: Shaders left to compile 380
[2019.10.12-22.04.05:270][  0]LogShaderCompilers: Display: Shaders left to compile 370
[2019.10.12-22.04.05:270][  0]LogShaderCompilers: Display: Shaders left to compile 360
[2019.10.12-22.04.05:270][  0]LogShaderCompilers: Display: Shaders left to compile 350
[2019.10.12-22.04.05:270][  0]LogShaderCompilers: Display: Shaders left to compile 340
[2019.10.12-22.04.05:270][  0]LogShaderCompilers: Display: Shaders left to compile 330
[2019.10.12-22.04.05:270][  0]LogShaderCompilers: Display: Shaders left to compile 320
[2019.10.12-22.04.05:270][  0]LogShaderCompilers: Display: Shaders left to compile 310
[2019.10.12-22.04.05:270][  0]LogShaderCompilers: Display: Shaders left to compile 300
[2019.10.12-22.04.05:270][  0]LogShaderCompilers: Display: Shaders left to compile 290
[2019.10.12-22.04.05:270][  0]LogShaderCompilers: Display: Shaders left to compile 280
[2019.10.12-22.04.05:270][  0]LogShaderCompilers: Display: Shaders left to compile 270
[2019.10.12-22.04.05:270][  0]LogShaderCompilers: Display: Shaders left to compile 260
[2019.10.12-22.04.05:270][  0]LogShaderCompilers: Display: Shaders left to compile 250
[2019.10.12-22.04.05:270][  0]LogShaderCompilers: Display: Shaders left to compile 240
[2019.10.12-22.04.05:270][  0]LogShaderCompilers: Display: Shaders left to compile 230
[2019.10.12-22.04.05:270][  0]LogShaderCompilers: Display: Shaders left to compile 220
[2019.10.12-22.04.05:270][  0]LogShaderCompilers: Display: Shaders left to compile 210
[2019.10.12-22.04.05:270][  0]LogShaderCompilers: Display: Shaders left to compile 200
[2019.10.12-22.04.05:270][  0]LogShaderCompilers: Display: Shaders left to compile 190
[2019.10.12-22.04.05:270][  0]LogShaderCompilers: Display: Shaders left to compile 180
[2019.10.12-22.04.05:270][  0]LogShaderCompilers: Display: Shaders left to compile 170
[2019.10.12-22.04.05:270][  0]LogShaderCompilers: Display: Shaders left to compile 160
[2019.10.12-22.04.05:270][  0]LogShaderCompilers: Display: Shaders left to compile 150
[2019.10.12-22.04.05:270][  0]LogShaderCompilers: Display: Shaders left to compile 140
[2019.10.12-22.04.05:270][  0]LogShaderCompilers: Display: Shaders left to compile 130
[2019.10.12-22.04.05:270][  0]LogShaderCompilers: Display: Shaders left to compile 120
[2019.10.12-22.04.05:270][  0]LogShaderCompilers: Display: Shaders left to compile 110
[2019.10.12-22.04.05:270][  0]LogShaderCompilers: Display: Shaders left to compile 100
[2019.10.12-22.04.05:270][  0]LogShaderCompilers: Display: Shaders left to compile 90
[2019.10.12-22.04.05:270][  0]LogShaderCompilers: Display: Shaders left to compile 80
[2019.10.12-22.04.05:270][  0]LogShaderCompilers: Display: Shaders left to compile 70
[2019.10.12-22.04.05:270][  0]LogShaderCompilers: Display: Shaders left to compile 60
[2019.10.12-22.04.05:270][  0]LogShaderCompilers: Display: Shaders left to compile 50
[2019.10.12-22.04.05:270][  0]LogShaderCompilers: Display: Shaders left to compile 40
[2019.10.12-22.04.05:270][  0]LogShaderCompilers: Display: Shaders left to compile 30
[2019.10.12-22.04.05:270][  0]LogShaderCompilers: Display: Shaders left to compile 20
[2019.10.12-22.04.05:270][  0]LogShaderCompilers: Display: Shaders left to compile 10
[2019.10.12-22.04.05:270][  0]LogInit: Using OS detected language (pt-BR).
[2019.10.12-22.04.05:270][  0]LogInit: Using OS detected locale (pt-BR).
[2019.10.12-22.04.05:270][  0]LogTextLocalizationManager: No localization for 'pt-BR' exists, so 'en' will be used for the language.
[2019.10.12-22.04.05:271][  0]LogTextLocalizationManager: No localization for 'pt-BR' exists, so 'en' will be used for the locale.
[2019.10.12-22.04.05:271][  0]LogSlate: FontCache flush requested. Reason: Culture for localization was changed
[2019.10.12-22.04.05:271][  0]LogSlate: FontCache flush requested. Reason: Culture for localization was changed
[2019.10.12-22.04.05:282][  0]LogTextLocalizationManager: Compacting localization data took   0.01ms
[2019.10.12-22.04.05:291][  0]LogAssetRegistry: FAssetRegistry took 0.0054 seconds to start up
[2019.10.12-22.04.05:523][  0]LogPackageLocalizationCache: Processed 11 localized package path(s) for 1 prioritized culture(s) in 0.000545 seconds
[2019.10.12-22.04.05:671][  0]LogInit: Selected Device Profile: [Windows]
[2019.10.12-22.04.05:730][  0]LogMeshReduction: Using QuadricMeshReduction for automatic static mesh reduction
[2019.10.12-22.04.05:730][  0]LogMeshReduction: Using SimplygonMeshReduction for automatic skeletal mesh reduction
[2019.10.12-22.04.05:730][  0]LogMeshReduction: Using ProxyLODMeshReduction for automatic mesh merging
[2019.10.12-22.04.05:730][  0]LogMeshReduction: No distributed automatic mesh merging module available
[2019.10.12-22.04.05:730][  0]LogMeshMerging: No distributed automatic mesh merging module available
[2019.10.12-22.04.05:767][  0]LogMaterial: Display: Missing cached shader map for material WorldGridMaterial, compiling. Is special engine material.
[2019.10.12-22.05.51:823][  0]LogShaderCompilers: Display: Shaders left to compile 620
[2019.10.12-22.05.51:823][  0]LogShaderCompilers: Display: Shaders left to compile 610
[2019.10.12-22.05.51:823][  0]LogShaderCompilers: Display: Shaders left to compile 600
[2019.10.12-22.05.51:823][  0]LogShaderCompilers: Display: Shaders left to compile 590
[2019.10.12-22.05.51:823][  0]LogShaderCompilers: Display: Shaders left to compile 580
[2019.10.12-22.05.51:823][  0]LogShaderCompilers: Display: Shaders left to compile 570
[2019.10.12-22.05.51:823][  0]LogShaderCompilers: Display: Shaders left to compile 560
[2019.10.12-22.05.51:823][  0]LogShaderCompilers: Display: Shaders left to compile 550
[2019.10.12-22.05.51:823][  0]LogShaderCompilers: Display: Shaders left to compile 540
[2019.10.12-22.05.51:823][  0]LogShaderCompilers: Display: Shaders left to compile 530
[2019.10.12-22.05.51:823][  0]LogShaderCompilers: Display: Shaders left to compile 520
[2019.10.12-22.05.51:823][  0]LogShaderCompilers: Display: Shaders left to compile 510
[2019.10.12-22.05.51:823][  0]LogShaderCompilers: Display: Shaders left to compile 500
[2019.10.12-22.05.51:823][  0]LogShaderCompilers: Display: Shaders left to compile 490
[2019.10.12-22.05.51:823][  0]LogShaderCompilers: Display: Shaders left to compile 480
[2019.10.12-22.05.51:823][  0]LogShaderCompilers: Display: Shaders left to compile 470
[2019.10.12-22.05.51:823][  0]LogShaderCompilers: Display: Shaders left to compile 460
[2019.10.12-22.05.51:823][  0]LogShaderCompilers: Display: Shaders left to compile 450
[2019.10.12-22.05.51:823][  0]LogShaderCompilers: Display: Shaders left to compile 440
[2019.10.12-22.05.51:824][  0]LogShaderCompilers: Display: Shaders left to compile 430
[2019.10.12-22.05.51:824][  0]LogShaderCompilers: Display: Shaders left to compile 420
[2019.10.12-22.05.51:824][  0]LogShaderCompilers: Display: Shaders left to compile 410
[2019.10.12-22.05.51:824][  0]LogShaderCompilers: Display: Shaders left to compile 400
[2019.10.12-22.05.51:824][  0]LogShaderCompilers: Display: Shaders left to compile 390
[2019.10.12-22.05.51:824][  0]LogShaderCompilers: Display: Shaders left to compile 380
[2019.10.12-22.05.51:824][  0]LogShaderCompilers: Display: Shaders left to compile 370
[2019.10.12-22.05.51:824][  0]LogShaderCompilers: Display: Shaders left to compile 360
[2019.10.12-22.05.51:824][  0]LogShaderCompilers: Display: Shaders left to compile 350
[2019.10.12-22.05.51:824][  0]LogShaderCompilers: Display: Shaders left to compile 340
[2019.10.12-22.05.51:824][  0]LogShaderCompilers: Display: Shaders left to compile 330
[2019.10.12-22.05.51:824][  0]LogShaderCompilers: Display: Shaders left to compile 320
[2019.10.12-22.05.51:824][  0]LogShaderCompilers: Display: Shaders left to compile 310
[2019.10.12-22.05.51:824][  0]LogShaderCompilers: Display: Shaders left to compile 300
[2019.10.12-22.05.51:824][  0]LogShaderCompilers: Display: Shaders left to compile 290
[2019.10.12-22.05.51:824][  0]LogShaderCompilers: Display: Shaders left to compile 280
[2019.10.12-22.05.51:824][  0]LogShaderCompilers: Display: Shaders left to compile 270
[2019.10.12-22.05.51:824][  0]LogShaderCompilers: Display: Shaders left to compile 260
[2019.10.12-22.05.51:824][  0]LogShaderCompilers: Display: Shaders left to compile 250
[2019.10.12-22.05.51:824][  0]LogShaderCompilers: Display: Shaders left to compile 240
[2019.10.12-22.05.51:824][  0]LogShaderCompilers: Display: Shaders left to compile 230
[2019.10.12-22.05.51:824][  0]LogShaderCompilers: Display: Shaders left to compile 220
[2019.10.12-22.05.51:824][  0]LogShaderCompilers: Display: Shaders left to compile 210
[2019.10.12-22.05.51:824][  0]LogShaderCompilers: Display: Shaders left to compile 200
[2019.10.12-22.05.51:824][  0]LogShaderCompilers: Display: Shaders left to compile 190
[2019.10.12-22.05.51:824][  0]LogShaderCompilers: Display: Shaders left to compile 180
[2019.10.12-22.05.51:824][  0]LogShaderCompilers: Display: Shaders left to compile 170
[2019.10.12-22.05.51:824][  0]LogShaderCompilers: Display: Shaders left to compile 160
[2019.10.12-22.05.51:824][  0]LogShaderCompilers: Display: Shaders left to compile 150
[2019.10.12-22.05.51:824][  0]LogShaderCompilers: Display: Shaders left to compile 140
[2019.10.12-22.05.51:824][  0]LogShaderCompilers: Display: Shaders left to compile 130
[2019.10.12-22.05.51:824][  0]LogShaderCompilers: Display: Shaders left to compile 120
[2019.10.12-22.05.51:824][  0]LogShaderCompilers: Display: Shaders left to compile 110
[2019.10.12-22.05.51:824][  0]LogShaderCompilers: Display: Shaders left to compile 100
[2019.10.12-22.05.51:824][  0]LogShaderCompilers: Display: Shaders left to compile 90
[2019.10.12-22.05.51:824][  0]LogShaderCompilers: Display: Shaders left to compile 80
[2019.10.12-22.05.51:824][  0]LogShaderCompilers: Display: Shaders left to compile 70
[2019.10.12-22.05.51:824][  0]LogShaderCompilers: Display: Shaders left to compile 60
[2019.10.12-22.05.51:824][  0]LogShaderCompilers: Display: Shaders left to compile 50
[2019.10.12-22.05.51:824][  0]LogShaderCompilers: Display: Shaders left to compile 40
[2019.10.12-22.05.51:824][  0]LogShaderCompilers: Display: Shaders left to compile 30
[2019.10.12-22.05.51:824][  0]LogShaderCompilers: Display: Shaders left to compile 20
[2019.10.12-22.05.51:824][  0]LogShaderCompilers: Display: Shaders left to compile 10
[2019.10.12-22.05.51:824][  0]LogMaterial: Display: Missing cached shader map for material DefaultLightFunctionMaterial, compiling. 
[2019.10.12-22.05.52:087][  0]LogMaterial: Display: Missing cached shader map for material DefaultPostProcessMaterial, compiling. 
[2019.10.12-22.05.52:708][  0]LogMaterial: Display: Missing cached shader map for material DefaultDeferredDecalMaterial, compiling. 
[2019.10.12-22.06.08:488][  0]LogShaderCompilers: Display: Shaders left to compile 100
[2019.10.12-22.06.08:488][  0]LogShaderCompilers: Display: Shaders left to compile 90
[2019.10.12-22.06.08:488][  0]LogShaderCompilers: Display: Shaders left to compile 80
[2019.10.12-22.06.08:488][  0]LogShaderCompilers: Display: Shaders left to compile 70
[2019.10.12-22.06.08:488][  0]LogShaderCompilers: Display: Shaders left to compile 60
[2019.10.12-22.06.08:488][  0]LogShaderCompilers: Display: Shaders left to compile 50
[2019.10.12-22.06.08:488][  0]LogShaderCompilers: Display: Shaders left to compile 40
[2019.10.12-22.06.08:488][  0]LogShaderCompilers: Display: Shaders left to compile 30
[2019.10.12-22.06.08:488][  0]LogShaderCompilers: Display: Shaders left to compile 20
[2019.10.12-22.06.08:488][  0]LogShaderCompilers: Display: Shaders left to compile 10
[2019.10.12-22.06.08:489][  0]LogMaterial: Display: Missing cached shader map for material MatineeCam_mat, compiling. 
[2019.10.12-22.06.08:514][  0]LogNetVersion: VirtuaLab 1.0.0, NetCL: 5660361, EngineNetVer: 10, GameNetVer: 0 (Checksum: 1699588597)
[2019.10.12-22.06.08:592][  0]LogMaterial: Display: Missing cached shader map for material HelpActorMaterial, compiling. 
[2019.10.12-22.06.08:676][  0]LogMaterial: Display: Missing cached shader map for material M_ChromeBall, compiling. 
[2019.10.12-22.06.08:718][  0]LogObj: Error: LoadConfig (/Script/Engine.Default__RendererSettings): import failed for bEnableAlphaChannelInPostProcessing in: False
[2019.10.12-22.06.08:727][  0]LogMaterial: Display: Missing cached shader map for material DefaultTextMaterialOpaque, compiling. 
[2019.10.12-22.06.08:756][  0]LogMaterial: Display: Missing cached shader map for material BaseFlattenMaterial, compiling. 
[2019.10.12-22.06.08:799][  0]LogMaterial: Display: Missing cached shader map for material Widget3DPassThrough, compiling. 
[2019.10.12-22.06.08:807][  0]LogMaterial: Display: Missing cached shader map for material Widget3DPassThrough, compiling. 
[2019.10.12-22.06.08:819][  0]LogMaterial: Display: Missing cached shader map for material Widget3DPassThrough, compiling. 
[2019.10.12-22.06.08:826][  0]LogMaterial: Display: Missing cached shader map for material Widget3DPassThrough, compiling. 
[2019.10.12-22.06.08:833][  0]LogMaterial: Display: Missing cached shader map for material Widget3DPassThrough, compiling. 
[2019.10.12-22.06.08:841][  0]LogMaterial: Display: Missing cached shader map for material Widget3DPassThrough, compiling. 
[2019.10.12-22.06.08:858][  0]LogMaterial: Display: Missing cached shader map for material Xray, compiling. 
[2019.10.12-22.06.08:879][  0]LogMaterial: Display: Missing cached shader map for material Main, compiling. 
[2019.10.12-22.06.08:899][  0]LogMaterial: Display: Missing cached shader map for material TranslucentTransformGizmoMaterial, compiling. 
[2019.10.12-22.06.08:906][  0]LogMaterial: Display: Missing cached shader map for material TransformGizmoMaterial, compiling. 
[2019.10.12-22.06.08:937][  0]LogMaterial: Display: Missing cached shader map for material CineMat, compiling. 
[2019.10.12-22.06.08:986][  0]LogMaterial: Display: Missing cached shader map for material M_SimpleOpaque, compiling. 
[2019.10.12-22.06.09:013][  0]LogMaterial: Display: Missing cached shader map for material M_SimpleTranslucent, compiling. 
[2019.10.12-22.06.09:121][  0]LogMaterial: Display: Missing cached shader map for material SkySphereMaterial, compiling. 
[2019.10.12-22.06.09:131][  0]LogMaterial: Display: Missing cached shader map for material FloorPlaneMaterial, compiling. 
[2019.10.12-22.06.09:220][  0]LogMaterial: Display: Missing cached shader map for material LandscapeGizmo_Mat, compiling. 
[2019.10.12-22.06.09:235][  0]LogMaterial: Display: Missing cached shader map for material LandscapeGizmoHeight_Mat, compiling. 
[2019.10.12-22.06.09:274][  0]LogMaterial: Display: Missing cached shader map for material SplineEditorMeshMat, compiling. 
[2019.10.12-22.06.09:288][  0]LogMaterial: Display: Missing cached shader map for material TooltipTextMaterial, compiling. 
[2019.10.12-22.06.09:316][  0]LogMaterial: Display: Missing cached shader map for material GazeReticleMaterial, compiling. 
[2019.10.12-22.06.09:328][  0]LogMaterial: Display: Missing cached shader map for material ControllerRetMaterial, compiling. 
[2019.10.12-22.06.09:346][  0]LogMaterial: Display: Missing cached shader map for material LaserPlaneMaterial, compiling. 
[2019.10.12-22.06.09:361][  0]LogMaterial: Display: Missing cached shader map for material ControllerBaseMaterial, compiling. 
[2019.10.12-22.06.09:375][  0]LogMaterial: Display: Missing cached shader map for material DefaultMaterial, compiling. 
[2019.10.12-22.06.09:475][  0]LogMaterial: Display: Missing cached shader map for material BatteryIndicatorMaterial, compiling. 
[2019.10.12-22.06.09:718][  0]LogMoviePlayer: Initializing movie player
[2019.10.12-22.06.09:808][  0]LogMaterial: Display: Missing cached shader map for material DefaultSpriteMaterial, compiling. 
[2019.10.12-22.06.09:816][  0]LogMaterial: Display: Missing cached shader map for material DefaultSpriteMaterial, compiling. 
[2019.10.12-22.06.09:857][  0]LogTcpMessaging: Initializing TcpMessaging bridge
[2019.10.12-22.06.09:869][  0]LogUdpMessaging: Initializing bridge on interface 0.0.0.0:0 to multicast group 230.0.0.1:6666.
[2019.10.12-22.06.09:964][  0]SourceControl: Controle de origem desativado
[2019.10.12-22.06.09:964][  0]SourceControl: Controle de origem desativado
[2019.10.12-22.06.09:965][  0]SourceControl: Controle de origem desativado
[2019.10.12-22.06.10:016][  0]LogAndroidPermission: UAndroidPermissionCallbackProxy::GetInstance
[2019.10.12-22.06.10:207][  0]LogOcInput: OculusInput pre-init called
[2019.10.12-22.06.10:223][  0]LogUObjectArray: 47109 objects as part of root set at end of initial load.
[2019.10.12-22.06.10:223][  0]LogUObjectAllocator: 8331336 out of 0 bytes used by permanent object pool.
[2019.10.12-22.06.10:223][  0]LogUObjectArray: CloseDisregardForGC: 0/0 objects in disregard for GC pool
[2019.10.12-22.06.10:323][  0]LogMaterial: Display: Missing cached shader map for material HighResScreenshot, compiling. 
[2019.10.12-22.06.10:331][  0]LogMaterial: Display: Missing cached shader map for material HighResScreenshotMask, compiling. 
[2019.10.12-22.06.10:369][  0]LogMaterial: Display: Missing cached shader map for material HighResScreenshotCaptureRegion, compiling. 
[2019.10.12-22.06.10:414][  0]LogEngine: Initializing Engine...
[2019.10.12-22.06.17:253][  0]LogHMD: GoogleVR API created
[2019.10.12-22.06.17:265][  0]LogStats: UGameplayTagsManager::InitializeManager -  0.000 s
[2019.10.12-22.06.17:269][  0]LogMaterial: Display: Missing cached shader map for material WireframeMaterial, compiling. Is special engine material.
[2019.10.12-22.06.17:312][  0]LogMaterial: Display: Missing cached shader map for material LevelColorationLitMaterial, compiling. Is special engine material.
[2019.10.12-22.06.17:610][  0]LogMaterial: Display: Missing cached shader map for material LevelColorationUnlitMaterial, compiling. Is special engine material.
[2019.10.12-22.06.17:644][  0]LogMaterial: Display: Missing cached shader map for material MAT_LevelColorationLitLightmapUV, compiling. Is special engine material.
[2019.10.12-22.06.17:917][  0]LogMaterial: Display: Missing cached shader map for material ShadedLevelColorationLitMaterial, compiling. Is special engine material.
[2019.10.12-22.06.18:189][  0]LogMaterial: Display: Missing cached shader map for material ShadedLevelColorationUnlitMateri, compiling. Is special engine material.
[2019.10.12-22.06.18:224][  0]LogMaterial: Display: Missing cached shader map for material VertexColorMaterial, compiling. 
[2019.10.12-22.06.18:299][  0]LogMaterial: Display: Missing cached shader map for material VertexColorViewMode_ColorOnly, compiling. 
[2019.10.12-22.06.18:311][  0]LogMaterial: Display: Missing cached shader map for material VertexColorViewMode_AlphaAsColor, compiling. 
[2019.10.12-22.06.18:323][  0]LogMaterial: Display: Missing cached shader map for material VertexColorViewMode_RedOnly, compiling. 
[2019.10.12-22.06.18:359][  0]LogMaterial: Display: Missing cached shader map for material VertexColorViewMode_GreenOnly, compiling. 
[2019.10.12-22.06.18:370][  0]LogMaterial: Display: Missing cached shader map for material VertexColorViewMode_BlueOnly, compiling. 
[2019.10.12-22.06.18:400][  0]LogMaterial: Display: Missing cached shader map for material RemoveSurfaceMaterial, compiling. 
[2019.10.12-22.06.18:423][  0]LogMaterial: Display: Missing cached shader map for material DebugMeshMaterial, compiling. 
[2019.10.12-22.06.18:434][  0]LogMaterial: Display: Missing cached shader map for material M_InvalidLightmapSettings, compiling. 
[2019.10.12-22.06.18:496][  0]LogMaterial: Display: Missing cached shader map for material GizmoMaterial, compiling. 
[2019.10.12-22.06.18:507][  0]LogMaterial: Display: Missing cached shader map for material PhAT_JointLimitMaterial, compiling. 
[2019.10.12-22.06.18:575][  0]LogInit: Initializing FReadOnlyCVARCache
[2019.10.12-22.06.18:637][  0]LogInit: XAudio2 using 'Alto-falantes (Razer Surround Audio Controller)' : 6 channels at 48 kHz using 16 bits per sample (channel mask 0x3f)
[2019.10.12-22.06.18:690][  0]LogInit: FAudioDevice initialized.
[2019.10.12-22.06.18:703][  0]LogNetVersion: Set ProjectVersion to 1.0.0.0. Version Checksum will be recalculated on next use.
[2019.10.12-22.06.18:714][  0]LogInit: Texture streaming: Enabled
[2019.10.12-22.06.18:717][  0]LogMaterial: Display: Missing cached shader map for material BaseColor, compiling. 
[2019.10.12-22.06.18:724][  0]LogMaterial: Display: Missing cached shader map for material CustomDepth, compiling. 
[2019.10.12-22.06.18:738][  0]LogMaterial: Display: Missing cached shader map for material CustomStencil, compiling. 
[2019.10.12-22.06.18:745][  0]LogMaterial: Display: Missing cached shader map for material FinalImage, compiling. 
[2019.10.12-22.06.18:752][  0]LogMaterial: Display: Missing cached shader map for material LightingModel, compiling. 
[2019.10.12-22.06.18:759][  0]LogMaterial: Display: Missing cached shader map for material MaterialAO, compiling. 
[2019.10.12-22.06.18:781][  0]LogMaterial: Display: Missing cached shader map for material Metallic, compiling. 
[2019.10.12-22.06.18:789][  0]LogMaterial: Display: Missing cached shader map for material Opacity, compiling. 
[2019.10.12-22.06.18:796][  0]LogMaterial: Display: Missing cached shader map for material Roughness, compiling. 
[2019.10.12-22.06.18:842][  0]LogMaterial: Display: Missing cached shader map for material SceneColor, compiling. 
[2019.10.12-22.06.18:849][  0]LogMaterial: Display: Missing cached shader map for material SceneDepth, compiling. 
[2019.10.12-22.06.18:856][  0]LogMaterial: Display: Missing cached shader map for material SeparateTranslucencyRGB, compiling. 
[2019.10.12-22.06.18:863][  0]LogMaterial: Display: Missing cached shader map for material SeparateTranslucencyA, compiling. 
[2019.10.12-22.06.18:871][  0]LogMaterial: Display: Missing cached shader map for material Specular, compiling. 
[2019.10.12-22.06.18:878][  0]LogMaterial: Display: Missing cached shader map for material SubsurfaceColor, compiling. 
[2019.10.12-22.06.18:885][  0]LogMaterial: Display: Missing cached shader map for material WorldNormal, compiling. 
[2019.10.12-22.06.18:892][  0]LogMaterial: Display: Missing cached shader map for material AmbientOcclusion, compiling. 
[2019.10.12-22.06.18:902][  0]LogMaterial: Display: Missing cached shader map for material CustomDepthWorldUnits, compiling. 
[2019.10.12-22.06.18:909][  0]LogMaterial: Display: Missing cached shader map for material SceneDepthWorldUnits, compiling. 
[2019.10.12-22.06.18:940][  0]LogMaterial: Display: Missing cached shader map for material Velocity, compiling. 
[2019.10.12-22.06.18:947][  0]LogMaterial: Display: Missing cached shader map for material PreTonemapHDRColor, compiling. 
[2019.10.12-22.06.18:972][  0]LogMaterial: Display: Missing cached shader map for material PostTonemapHDRColor, compiling. 
[2019.10.12-22.06.19:011][  0]LogSlate: Updating window title bar state: overlay mode, drag disabled, window buttons hidden, title bar hidden
[2019.10.12-22.06.19:012][  0]LogInit: Display: Game Engine Initialized.
[2019.10.12-22.06.19:039][  0]LogMaterial: Display: Missing cached shader map for material OculusMR_WhiteMaterial, compiling. 
[2019.10.12-22.06.19:069][  0]LogMaterial: Display: Missing cached shader map for material OculusMR_ChromaKey, compiling. 
[2019.10.12-22.06.19:084][  0]LogMaterial: Display: Missing cached shader map for material OculusMR_ChromaKey_Lit, compiling. 
[2019.10.12-22.06.19:108][  0]LogMaterial: Display: Missing cached shader map for material OculusMR_OpaqueColoredMaterial, compiling. 
[2019.10.12-22.06.19:122][  0]LogInit: Display: Starting Game.
[2019.10.12-22.06.19:136][  0]LogNet: Browse: /Game/GoogleVR_Pawn/GoogleVRMotionControlerMap?Name=Player
[2019.10.12-22.06.19:142][  0]LogLoad: LoadMap: /Game/GoogleVR_Pawn/GoogleVRMotionControlerMap?Name=Player
[2019.10.12-22.06.19:614][  0]LogUObjectHash: Compacting FUObjectHashTables data took   1.95ms
[2019.10.12-22.06.19:791][  0]LogMaterial: Display: Missing cached shader map for material M_Conical_Flask_500ml, compiling. 
[2019.10.12-22.06.19:830][  0]LogMaterial: Display: Missing cached shader map for material M_Glassware_And_Liquid, compiling. 
[2019.10.12-22.06.19:868][  0]LogMaterial: Display: Missing cached shader map for material M_Atlas_1, compiling. 
[2019.10.12-22.06.19:917][  0]LogMaterial: Display: Missing cached shader map for material M_Atlas_3, compiling. 
[2019.10.12-22.06.19:951][  0]LogMaterial: Display: Missing cached shader map for material M_Glass, compiling. 
[2019.10.12-22.06.19:986][  0]LogMaterial: Display: Missing cached shader map for material M_Atlas_5, compiling. 
[2019.10.12-22.06.20:020][  0]LogMaterial: Display: Missing cached shader map for material M_Atlas_2, compiling. 
[2019.10.12-22.06.20:056][  0]LogMaterial: Display: Missing cached shader map for material M_Atlas_6, compiling. 
[2019.10.12-22.06.20:089][  0]LogMaterial: Display: Missing cached shader map for material M_Plastic, compiling. 
[2019.10.12-22.06.20:125][  0]LogMaterial: Display: Missing cached shader map for material M_Conical_Flask_250ml, compiling. 
[2019.10.12-22.06.20:163][  0]LogMaterial: Display: Missing cached shader map for material M_Beaker_500ml, compiling. 
[2019.10.12-22.06.20:200][  0]LogMaterial: Display: Missing cached shader map for material M_Beaker_250ml, compiling. 
[2019.10.12-22.06.20:236][  0]LogMaterial: Display: Missing cached shader map for material M_Tile_Floor, compiling. 
[2019.10.12-22.06.20:271][  0]LogMaterial: Display: Missing cached shader map for material M_Electron_Microscope_Image_2, compiling. 
[2019.10.12-22.06.20:348][  0]LogMaterial: Display: Missing cached shader map for material M_Sky_Panning_Clouds2, compiling. 
[2019.10.12-22.06.20:370][  0]LogAIModule: Creating AISystem for world GoogleVRMotionControlerMap
[2019.10.12-22.06.20:371][  0]LogLoad: Game class is 'GameModeBase'
[2019.10.12-22.06.20:414][  0]LogWorld: Bringing World /Game/GoogleVR_Pawn/GoogleVRMotionControlerMap.GoogleVRMotionControlerMap up for play (max tick rate 0) at 2019.10.12-19.06.20
[2019.10.12-22.06.20:414][  0]LogWorld: Bringing up level for play took: 0.008838
[2019.10.12-22.06.20:414][  0]LogGameMode: FindPlayerStart: PATHS NOT DEFINED or NO PLAYERSTART with positive rating
[2019.10.12-22.06.20:418][  0]LogGoogleVRMotionController: Warning: GoogleVRMotionControllerComponent has RequireInputComponent set to true, but the actor does not have a GoogleVRPointerInputComponent. Creating GoogleVRPointerInputComponent.
[2019.10.12-22.06.20:426][  0]LogLoad: Took 1.283558 seconds to LoadMap(/Game/GoogleVR_Pawn/GoogleVRMotionControlerMap)
[2019.10.12-22.06.20:521][  0]LogRenderer: Reallocating scene render targets to support 1280x720 Format 2 NumSamples 1 (Frame:1).
[2019.10.12-22.06.20:521][  0]LogLoad: (Engine Initialization) Total time: 178.03 seconds
[2019.10.12-22.06.20:521][  0]LogLoad: (Engine Initialization) Total Blueprint compile time: 0.00 seconds
[2019.10.12-22.06.20:525][  0]LogGoogleVRController: Creating Input Device: GoogleVRController -- Supported
[2019.10.12-22.06.20:525][  0]LogGoogleVRController: Successfully initialized GoogleVR Controller.
[2019.10.12-22.06.20:530][  0]LogContentStreaming: Texture pool size now 1000 MB
[2019.10.12-22.06.20:570][  0]LogSlate: Window 'VirtuaLab (64-bit Development PCD3D_ES2) ' being destroyed
[2019.10.12-22.06.20:575][  0]LogWindowsTextInputMethodSystem: Display: IME system now deactivated.
[2019.10.12-22.06.20:584][  1]LogSlate: Updating window title bar state: overlay mode, drag disabled, window buttons hidden, title bar hidden
[2019.10.12-22.06.20:584][  1]LogEngine: All Windows Closed
[2019.10.12-22.06.20:584][  1]LogWindows: FPlatformMisc::RequestExit(0)
[2019.10.12-22.06.21:321][  2]LogExit: Preparing to exit.
[2019.10.12-22.06.21:321][  2]LogMoviePlayer: Shutting down movie player
[2019.10.12-22.06.22:142][  2]LogSlate: Updating window title bar state: overlay mode, drag disabled, window buttons hidden, title bar hidden
[2019.10.12-22.06.22:214][  2]LogExit: Game engine shut down
[2019.10.12-22.06.23:118][  2]LogExit: Object subsystem successfully closed.
[2019.10.12-22.06.24:040][  2]LogShaderCompilers: Display: Shaders left to compile 0
[2019.10.12-22.06.24:055][  2]LogD3D11RHI: Shutdown
[2019.10.12-22.06.24:055][  2]LogD3D11RHI: CleanupD3DDevice
[2019.10.12-22.06.24:059][  2]LogRendererCore: FGlobalReadBuffer::ReleaseRHI
[2019.10.12-22.06.24:059][  2]LogRendererCore: FGlobalDynamicReadBuffer::Cleanup()
[2019.10.12-22.06.24:069][  2]LogRendererCore: FGlobalReadBuffer::ReleaseRHI
[2019.10.12-22.06.24:069][  2]LogRendererCore: FGlobalDynamicReadBuffer::Cleanup()
[2019.10.12-22.06.24:069][  2]LogRendererCore: FGlobalReadBuffer::ReleaseRHI
[2019.10.12-22.06.24:069][  2]LogRendererCore: FGlobalDynamicReadBuffer::Cleanup()
[2019.10.12-22.06.24:119][  2]LogD3D11RHI: ~FD3D11DynamicRHI
[2019.10.12-22.06.24:579][  2]LogModuleManager: Shutting down and abandoning module SequenceRecorderSections (404)
[2019.10.12-22.06.24:579][  2]LogModuleManager: Shutting down and abandoning module SequenceRecorder (402)
[2019.10.12-22.06.24:579][  2]LogModuleManager: Shutting down and abandoning module AutomationController (400)
[2019.10.12-22.06.24:587][  2]LogModuleManager: Shutting down and abandoning module AutomationWorker (398)
[2019.10.12-22.06.24:595][  2]LogModuleManager: Shutting down and abandoning module Voice (396)
[2019.10.12-22.06.24:595][  2]LogModuleManager: Shutting down and abandoning module AIModule (394)
[2019.10.12-22.06.24:614][  2]LogModuleManager: Shutting down and abandoning module GameplayDebugger (393)
[2019.10.12-22.06.24:614][  2]LogModuleManager: Shutting down and abandoning module AITestSuite (391)
[2019.10.12-22.06.24:626][  2]LogModuleManager: Shutting down and abandoning module NavigationSystem (389)
[2019.10.12-22.06.24:626][  2]LogModuleManager: Shutting down and abandoning module OculusMR (386)
[2019.10.12-22.06.24:626][  2]LogModuleManager: Shutting down and abandoning module WmfMediaFactory (384)
[2019.10.12-22.06.24:626][  2]LogModuleManager: Shutting down and abandoning module WebMMediaFactory (382)
[2019.10.12-22.06.24:626][  2]LogModuleManager: Shutting down and abandoning module WebMMedia (380)
[2019.10.12-22.06.24:675][  2]LogModuleManager: Shutting down and abandoning module OpenExrWrapper (378)
[2019.10.12-22.06.24:675][  2]LogModuleManager: Shutting down and abandoning module ImgMediaFactory (376)
[2019.10.12-22.06.24:675][  2]LogModuleManager: Shutting down and abandoning module AvfMediaFactory (374)
[2019.10.12-22.06.24:675][  2]LogModuleManager: Shutting down and abandoning module MagicLeapCameraPreviewFactory (372)
[2019.10.12-22.06.24:675][  2]LogModuleManager: Shutting down and abandoning module MagicLeapMediaCodecFactory (370)
[2019.10.12-22.06.24:675][  2]LogModuleManager: Shutting down and abandoning module MagicLeapMediaFactory (368)
[2019.10.12-22.06.24:675][  2]LogModuleManager: Shutting down and abandoning module CharacterAI (366)
[2019.10.12-22.06.24:675][  2]LogModuleManager: Shutting down and abandoning module SessionServices (364)
[2019.10.12-22.06.24:675][  2]LogModuleManager: Shutting down and abandoning module MovieSceneCapture (362)
[2019.10.12-22.06.24:675][  2]LogModuleManager: Shutting down and abandoning module LiveCoding (360)
[2019.10.12-22.06.24:698][  2]LogModuleManager: Shutting down and abandoning module LevelSequence (358)
[2019.10.12-22.06.24:698][  2]LogModuleManager: Shutting down and abandoning module MovieSceneTracks (356)
[2019.10.12-22.06.24:698][  2]LogModuleManager: Shutting down and abandoning module MovieScene (354)
[2019.10.12-22.06.24:705][  2]LogModuleManager: Shutting down and abandoning module StreamingPauseRendering (352)
[2019.10.12-22.06.24:706][  2]LogModuleManager: Shutting down and abandoning module PortalServices (350)
[2019.10.12-22.06.24:706][  2]LogModuleManager: Shutting down and abandoning module PortalRpc (348)
[2019.10.12-22.06.24:706][  2]LogModuleManager: Shutting down and abandoning module MessagingRpc (346)
[2019.10.12-22.06.24:706][  2]LogModuleManager: Shutting down and abandoning module ImageWriteQueue (344)
[2019.10.12-22.06.24:708][  2]LogModuleManager: Shutting down and abandoning module ProfilerService (342)
[2019.10.12-22.06.24:902][  2]LogModuleManager: Shutting down and abandoning module TaskGraph (340)
[2019.10.12-22.06.24:940][  2]LogModuleManager: Shutting down and abandoning module SteamVRController (338)
[2019.10.12-22.06.24:940][  2]LogModuleManager: Shutting down and abandoning module ProceduralMeshComponent (336)
[2019.10.12-22.06.24:940][  2]LogModuleManager: Shutting down and abandoning module OculusInput (334)
[2019.10.12-22.06.24:940][  2]LogModuleManager: Shutting down and abandoning module MobilePatchingUtils (332)
[2019.10.12-22.06.24:940][  2]LogModuleManager: Shutting down and abandoning module EditableMesh (330)
[2019.10.12-22.06.24:948][  2]LogModuleManager: Shutting down and abandoning module CustomMeshComponent (328)
[2019.10.12-22.06.24:948][  2]LogModuleManager: Shutting down and abandoning module CableComponent (326)
[2019.10.12-22.06.24:948][  2]LogModuleManager: Shutting down and abandoning module AudioCapture (324)
[2019.10.12-22.06.24:948][  2]LogModuleManager: Shutting down and abandoning module ArchVisCharacter (322)
[2019.10.12-22.06.24:948][  2]LogModuleManager: Shutting down and abandoning module AndroidPermission (320)
[2019.10.12-22.06.24:948][  2]LogModuleManager: Shutting down and abandoning module NUTUnrealEngine4 (318)
[2019.10.12-22.06.24:951][  2]LogModuleManager: Shutting down and abandoning module NetcodeUnitTest (316)
[2019.10.12-22.06.24:952][  2]LogModuleManager: Shutting down and abandoning module MediaCompositing (314)
[2019.10.12-22.06.24:952][  2]LogModuleManager: Shutting down and abandoning module LinearTimecode (312)
[2019.10.12-22.06.24:952][  2]LogModuleManager: Shutting down and abandoning module ImgMedia (310)
[2019.10.12-22.06.24:952][  2]LogModuleManager: Shutting down and abandoning module MagicLeapHelperVulkan (308)
[2019.10.12-22.06.24:952][  2]LogModuleManager: Shutting down and abandoning module MagicLeapHelperOpenGL (306)
[2019.10.12-22.06.24:952][  2]LogModuleManager: Shutting down and abandoning module MagicLeapAudio (304)
[2019.10.12-22.06.24:952][  2]LogModuleManager: Shutting down and abandoning module HTML5Networking (302)
[2019.10.12-22.06.24:952][  2]LogModuleManager: Shutting down and abandoning module GeometryCacheTracks (300)
[2019.10.12-22.06.24:952][  2]LogModuleManager: Shutting down and abandoning module GeometryCacheSequencer (299)
[2019.10.12-22.06.24:952][  2]LogModuleManager: Shutting down and abandoning module GeometryCache (296)
[2019.10.12-22.06.24:952][  2]LogModuleManager: Shutting down and abandoning module GeometryCacheEd (295)
[2019.10.12-22.06.24:952][  2]LogModuleManager: Shutting down and abandoning module BackChannel (292)
[2019.10.12-22.06.24:952][  2]LogModuleManager: Shutting down and abandoning module AppleVision (290)
[2019.10.12-22.06.24:952][  2]LogModuleManager: Shutting down and abandoning module AppleImageUtilsBlueprintSupport (288)
[2019.10.12-22.06.24:952][  2]LogModuleManager: Shutting down and abandoning module AppleImageUtils (286)
[2019.10.12-22.06.24:952][  2]LogModuleManager: Shutting down and abandoning module VariantManagerContent (284)
[2019.10.12-22.06.24:952][  2]LogModuleManager: Shutting down and abandoning module CryptoKeysOpenSSL (282)
[2019.10.12-22.06.24:952][  2]LogModuleManager: Shutting down and abandoning module CryptoKeys (280)
[2019.10.12-22.06.24:952][  2]LogModuleManager: Shutting down and abandoning module VisualStudioSourceCodeAccess (278)
[2019.10.12-22.06.24:952][  2]LogModuleManager: Shutting down and abandoning module HotReload (277)
[2019.10.12-22.06.24:957][  2]LogModuleManager: Shutting down and abandoning module DirectoryWatcher (276)
[2019.10.12-22.06.24:957][  2]LogModuleManager: Shutting down and abandoning module VisualStudioCodeSourceCodeAccess (272)
[2019.10.12-22.06.24:957][  2]LogModuleManager: Shutting down and abandoning module UObjectPlugin (270)
[2019.10.12-22.06.24:957][  2]LogModuleManager: Shutting down and abandoning module SubversionSourceControl (268)
[2019.10.12-22.06.24:962][  2]LogModuleManager: Shutting down and abandoning module PerforceSourceControl (266)
[2019.10.12-22.06.24:976][  2]LogModuleManager: Shutting down and abandoning module SourceControl (265)
[2019.10.12-22.06.24:979][  2]LogModuleManager: Shutting down and abandoning module CLionSourceCodeAccess (262)
[2019.10.12-22.06.24:979][  2]LogModuleManager: Shutting down and abandoning module ActorLayerUtilities (260)
[2019.10.12-22.06.24:979][  2]LogModuleManager: Shutting down and abandoning module VirtuaLab (258)
[2019.10.12-22.06.24:979][  2]LogModuleManager: Shutting down and abandoning module SignificanceManager (256)
[2019.10.12-22.06.24:979][  2]LogModuleManager: Shutting down and abandoning module RuntimePhysXCooking (254)
[2019.10.12-22.06.24:979][  2]LogModuleManager: Shutting down and abandoning module PhysXVehiclesEditor (252)
[2019.10.12-22.06.24:979][  2]LogModuleManager: Shutting down and abandoning module PhysXVehicles (250)
[2019.10.12-22.06.24:979][  2]LogModuleManager: Shutting down and abandoning module LocationServicesBPLibrary (248)
[2019.10.12-22.06.24:979][  2]LogModuleManager: Shutting down and abandoning module ActorSequence (246)
[2019.10.12-22.06.24:979][  2]LogModuleManager: Shutting down and abandoning module UdpMessaging (244)
[2019.10.12-22.06.25:080][  2]LogModuleManager: Shutting down and abandoning module TcpMessaging (242)
[2019.10.12-22.06.25:187][  2]LogModuleManager: Shutting down and abandoning module MagicLeapIdentity (240)
[2019.10.12-22.06.25:187][  2]LogModuleManager: Shutting down and abandoning module MagicLeapSecureStorage (238)
[2019.10.12-22.06.25:187][  2]LogModuleManager: Shutting down and abandoning module MagicLeapHandTracking (236)
[2019.10.12-22.06.25:199][  2]LogModuleManager: Shutting down and abandoning module MagicLeapEyeTracker (234)
[2019.10.12-22.06.25:199][  2]LogModuleManager: Shutting down and abandoning module MagicLeapController (232)
[2019.10.12-22.06.25:205][  2]LogSlate: Slate User Destroyed.  User Index 0, Is Virtual User: 0
[2019.10.12-22.06.25:205][  2]LogModuleManager: Shutting down and abandoning module MagicLeapAR (230)
[2019.10.12-22.06.25:205][  2]LogModuleManager: Shutting down and abandoning module AugmentedReality (229)
[2019.10.12-22.06.25:205][  2]LogModuleManager: Shutting down and abandoning module GameplayTagsEditor (226)
[2019.10.12-22.06.25:215][  2]LogModuleManager: Shutting down and abandoning module FacialAnimation (224)
[2019.10.12-22.06.25:215][  2]LogModuleManager: Shutting down and abandoning module DataValidation (222)
[2019.10.12-22.06.25:215][  2]LogModuleManager: Shutting down and abandoning module AssetManagerEditor (220)
[2019.10.12-22.06.25:226][  2]LogModuleManager: Shutting down and abandoning module TreeMap (219)
[2019.10.12-22.06.25:230][  2]LogModuleManager: Shutting down and abandoning module AnimationSharing (216)
[2019.10.12-22.06.25:230][  2]LogModuleManager: Shutting down and abandoning module LightPropagationVolumeRuntime (214)
[2019.10.12-22.06.25:230][  2]LogModuleManager: Shutting down and abandoning module AISupportModule (212)
[2019.10.12-22.06.25:230][  2]LogModuleManager: Shutting down and abandoning module Paper2D (210)
[2019.10.12-22.06.25:230][  2]LogModuleManager: Shutting down and abandoning module WindowsMoviePlayer (208)
[2019.10.12-22.06.25:230][  2]LogModuleManager: Shutting down and abandoning module WebMMoviePlayer (206)
[2019.10.12-22.06.25:230][  2]LogModuleManager: Shutting down and abandoning module PacketHandler (204)
[2019.10.12-22.06.25:230][  2]LogModuleManager: Shutting down and abandoning module ClothingSystemEditor (202)
[2019.10.12-22.06.25:231][  2]LogModuleManager: Shutting down and abandoning module ClothingSystemRuntime (200)
[2019.10.12-22.06.25:240][  2]LogModuleManager: Shutting down and abandoning module MediaAssets (198)
[2019.10.12-22.06.25:241][  2]LogModuleManager: Shutting down and abandoning module Overlay (196)
[2019.10.12-22.06.25:241][  2]LogModuleManager: Shutting down and abandoning module OverlayEditor (195)
[2019.10.12-22.06.25:241][  2]LogModuleManager: Shutting down and abandoning module VREditor (192)
[2019.10.12-22.06.25:252][  2]LogModuleManager: Shutting down and abandoning module StringTableEditor (190)
[2019.10.12-22.06.25:255][  2]LogModuleManager: Shutting down and abandoning module GameplayTasksEditor (188)
[2019.10.12-22.06.25:255][  2]LogModuleManager: Shutting down and abandoning module BehaviorTreeEditor (186)
[2019.10.12-22.06.25:278][  2]LogModuleManager: Shutting down and abandoning module FunctionalTesting (184)
[2019.10.12-22.06.25:284][  2]LogModuleManager: Shutting down and abandoning module CollisionAnalyzer (182)
[2019.10.12-22.06.25:296][  2]LogModuleManager: Shutting down and abandoning module WorkspaceMenuStructure (181)
[2019.10.12-22.06.25:296][  2]LogModuleManager: Shutting down and abandoning module UMG (178)
[2019.10.12-22.06.25:296][  2]LogModuleManager: Shutting down and abandoning module UMGEditor (177)
[2019.10.12-22.06.25:322][  2]LogModuleManager: Shutting down and abandoning module Sequencer (176)
[2019.10.12-22.06.25:347][  2]LogModuleManager: Shutting down and abandoning module MessageLog (173)
[2019.10.12-22.06.25:348][  2]LogModuleManager: Shutting down and abandoning module SlateReflector (168)
[2019.10.12-22.06.25:362][  2]LogModuleManager: Shutting down and abandoning module Slate (166)
[2019.10.12-22.06.25:362][  2]LogModuleManager: Shutting down and abandoning module EditorStyle (164)
[2019.10.12-22.06.25:363][  2]LogModuleManager: Shutting down and abandoning module UnrealEd (162)
[2019.10.12-22.06.25:368][  2]LogModuleManager: Shutting down and abandoning module MRMesh (160)
[2019.10.12-22.06.25:368][  2]LogModuleManager: Shutting down and abandoning module Messaging (158)
[2019.10.12-22.06.25:368][  2]LogModuleManager: Shutting down and abandoning module SourceCodeAccess (156)
[2019.10.12-22.06.25:368][  2]LogModuleManager: Shutting down and abandoning module HeadMountedDisplay (154)
[2019.10.12-22.06.25:368][  2]LogModuleManager: Shutting down and abandoning module XAudio2 (152)
[2019.10.12-22.06.25:368][  2]LogModuleManager: Shutting down and abandoning module Networking (150)
[2019.10.12-22.06.25:368][  2]LogModuleManager: Shutting down and abandoning module Core (148)
[2019.10.12-22.06.25:368][  2]LogModuleManager: Shutting down and abandoning module KismetCompiler (146)
[2019.10.12-22.06.25:368][  2]LogModuleManager: Shutting down and abandoning module MeshUtilities (144)
[2019.10.12-22.06.25:368][  2]LogModuleManager: Shutting down and abandoning module MeshMergeUtilities (143)
[2019.10.12-22.06.25:379][  2]LogModuleManager: Shutting down and abandoning module MeshReductionInterface (142)
[2019.10.12-22.06.25:379][  2]LogModuleManager: Shutting down and abandoning module SkeletalMeshReduction (141)
[2019.10.12-22.06.25:383][  2]LogModuleManager: Shutting down and abandoning module ProxyLODMeshReduction (139)
[2019.10.12-22.06.25:433][  2]LogModuleManager: Shutting down and abandoning module QuadricMeshReduction (137)
[2019.10.12-22.06.25:433][  2]LogModuleManager: Shutting down and abandoning module MaterialBaking (133)
[2019.10.12-22.06.25:436][  2]LogModuleManager: Shutting down and abandoning module PIEPreviewDeviceProfileSelector (128)
[2019.10.12-22.06.25:446][  2]LogModuleManager: Shutting down and abandoning module DerivedDataCache (126)
[2019.10.12-22.06.25:537][  2]LogDerivedDataCache: Shutdown
[2019.10.12-22.06.25:537][  2]LogModuleManager: Shutting down and abandoning module XGEController (124)
[2019.10.12-22.06.25:537][  2]LogModuleManager: Shutting down and abandoning module TargetPlatform (122)
[2019.10.12-22.06.25:537][  2]LogModuleManager: Shutting down and abandoning module VulkanShaderFormat (121)
[2019.10.12-22.06.25:618][  2]LogModuleManager: Shutting down and abandoning module ShaderFormatVectorVM (119)
[2019.10.12-22.06.25:619][  2]LogModuleManager: Shutting down and abandoning module ShaderFormatOpenGL (117)
[2019.10.12-22.06.25:625][  2]LogModuleManager: Shutting down and abandoning module ShaderFormatD3D (115)
[2019.10.12-22.06.25:625][  2]LogModuleManager: Shutting down and abandoning module MetalShaderFormat (113)
[2019.10.12-22.06.25:670][  2]LogModuleManager: Shutting down and abandoning module TextureFormatUncompressed (111)
[2019.10.12-22.06.25:670][  2]LogModuleManager: Shutting down and abandoning module TextureFormatPVR (109)
[2019.10.12-22.06.25:670][  2]LogModuleManager: Shutting down and abandoning module TextureFormatDXT (107)
[2019.10.12-22.06.25:670][  2]LogModuleManager: Shutting down and abandoning module TextureFormatIntelISPCTexComp (105)
[2019.10.12-22.06.25:670][  2]LogModuleManager: Shutting down and abandoning module TextureFormatASTC (103)
[2019.10.12-22.06.25:670][  2]LogModuleManager: Shutting down and abandoning module ImageWrapper (102)
[2019.10.12-22.06.25:670][  2]LogModuleManager: Shutting down and abandoning module TextureFormatAndroid (99)
[2019.10.12-22.06.25:670][  2]LogModuleManager: Shutting down and abandoning module AudioFormatOpus (97)
[2019.10.12-22.06.25:670][  2]LogModuleManager: Shutting down and abandoning module AudioFormatOgg (95)
[2019.10.12-22.06.25:670][  2]LogModuleManager: Shutting down and abandoning module AudioFormatADPCM (93)
[2019.10.12-22.06.25:670][  2]LogModuleManager: Shutting down and abandoning module WindowsTargetPlatform (91)
[2019.10.12-22.06.25:670][  2]LogModuleManager: Shutting down and abandoning module WindowsServerTargetPlatform (89)
[2019.10.12-22.06.25:670][  2]LogModuleManager: Shutting down and abandoning module WindowsNoEditorTargetPlatform (87)
[2019.10.12-22.06.25:670][  2]LogModuleManager: Shutting down and abandoning module WindowsClientTargetPlatform (85)
[2019.10.12-22.06.25:670][  2]LogModuleManager: Shutting down and abandoning module InputCore (82)
[2019.10.12-22.06.25:670][  2]LogModuleManager: Shutting down and abandoning module Settings (80)
[2019.10.12-22.06.25:670][  2]LogModuleManager: Shutting down and abandoning module PhysXCooking (78)
[2019.10.12-22.06.25:670][  2]LogModuleManager: Shutting down and abandoning module SteamVR (76)
[2019.10.12-22.06.25:684][  2]LogHMD: Freeing OpenVRDLLHandle.
[2019.10.12-22.06.25:684][  2]LogModuleManager: Shutting down and abandoning module OculusHMD (74)
[2019.10.12-22.06.25:692][  2]LogModuleManager: Shutting down and abandoning module GoogleVRHMD (72)
[2019.10.12-22.06.25:692][  2]LogModuleManager: Shutting down and abandoning module GoogleVRController (70)
[2019.10.12-22.06.25:692][  2]LogModuleManager: Shutting down and abandoning module ExampleDeviceProfileSelector (68)
[2019.10.12-22.06.25:692][  2]LogModuleManager: Shutting down and abandoning module LauncherChunkInstaller (66)
[2019.10.12-22.06.25:692][  2]LogModuleManager: Shutting down and abandoning module OnlineBlueprintSupport (64)
[2019.10.12-22.06.25:692][  2]LogModuleManager: Shutting down and abandoning module OnlineSubsystem (60)
[2019.10.12-22.06.25:693][  2]LogModuleManager: Shutting down and abandoning module XMPP (55)
[2019.10.12-22.06.25:704][  2]LogModuleManager: Shutting down and abandoning module WebSockets (54)
[2019.10.12-22.06.25:729][  2]LogModuleManager: Shutting down and abandoning module HTTP (51)
[2019.10.12-22.06.25:743][  2]LogModuleManager: Shutting down and abandoning module SSL (50)
[2019.10.12-22.06.25:745][  2]LogModuleManager: Shutting down and abandoning module WmfMedia (46)
[2019.10.12-22.06.25:752][  2]LogModuleManager: Shutting down and abandoning module Media (45)
[2019.10.12-22.06.25:758][  2]LogModuleManager: Shutting down and abandoning module MagicLeap (42)
[2019.10.12-22.06.25:765][  2]LogModuleManager: Shutting down and abandoning module DatasmithContent (40)
[2019.10.12-22.06.25:766][  2]LogModuleManager: Shutting down and abandoning module AnimationModifiers (38)
[2019.10.12-22.06.25:769][  2]LogModuleManager: Shutting down and abandoning module PropertyEditor (37)
[2019.10.12-22.06.25:774][  2]LogModuleManager: Shutting down and abandoning module AudioEditor (34)
[2019.10.12-22.06.25:801][  2]LogModuleManager: Shutting down and abandoning module TextureCompressor (32)
[2019.10.12-22.06.25:802][  2]LogModuleManager: Shutting down and abandoning module RenderCore (30)
[2019.10.12-22.06.25:802][  2]LogModuleManager: Shutting down and abandoning module Landscape (28)
[2019.10.12-22.06.25:802][  2]LogModuleManager: Shutting down and abandoning module SlateRHIRenderer (26)
[2019.10.12-22.06.25:839][  2]LogModuleManager: Shutting down and abandoning module OpenGLDrv (24)
[2019.10.12-22.06.25:841][  2]LogModuleManager: Shutting down and abandoning module D3D11RHI (22)
[2019.10.12-22.06.25:841][  2]LogModuleManager: Shutting down and abandoning module AnimGraphRuntime (20)
[2019.10.12-22.06.25:852][  2]LogModuleManager: Shutting down and abandoning module Renderer (18)
[2019.10.12-22.06.25:852][  2]LogModuleManager: Shutting down and abandoning module Engine (16)
[2019.10.12-22.06.25:852][  2]LogModuleManager: Shutting down and abandoning module CoreUObject (14)
[2019.10.12-22.06.25:852][  2]LogModuleManager: Shutting down and abandoning module NetworkFile (12)
[2019.10.12-22.06.25:852][  2]LogModuleManager: Shutting down and abandoning module CookedIterativeFile (10)
[2019.10.12-22.06.25:852][  2]LogModuleManager: Shutting down and abandoning module StreamingFile (8)
[2019.10.12-22.06.25:852][  2]LogModuleManager: Shutting down and abandoning module SandboxFile (6)
[2019.10.12-22.06.25:852][  2]LogModuleManager: Shutting down and abandoning module PakFile (4)
[2019.10.12-22.06.25:857][  2]LogModuleManager: Shutting down and abandoning module RSA (3)
[2019.10.12-22.06.25:868][  2]LogExit: Exiting.
[2019.10.12-22.06.25:891][  2]Log file closed, 10/12/19 19:06:25
