Log file open, 10/10/19 18:50:24
LogWindows: Failed to load 'aqProf.dll' (GetLastError=126)
LogWindows: File 'aqProf.dll' does not exist
LogWindows: Failed to load 'VtuneApi.dll' (GetLastError=126)
LogWindows: File 'VtuneApi.dll' does not exist
LogWindows: Failed to load 'VtuneApi32e.dll' (GetLastError=126)
LogWindows: File 'VtuneApi32e.dll' does not exist
LogConsoleResponse: Display: Failed to find resolution value strings in scalability ini. Falling back to default.
LogInit: Display: Running engine for game: VirtuaLab
LogPakFile: Registered encryption key '00000000000000000000000000000000': 0 pak files mounted, 0 remain pending
LogPlatformFile: Not using cached read wrapper
LogTaskGraph: Started task graph with 5 named threads and 14 total threads with 3 sets of task threads.
LogStats: Stats thread started at 1.701645
LogD3D11RHI: Loaded GFSDK_Aftermath_Lib.x64.dll
LogICUInternationalization: ICU TimeZone Detection - Raw Offset: -3:00, Platform Override: ''
LogPluginManager: Mounting plugin Paper2D
LogPluginManager: Mounting plugin AISupport
LogPluginManager: Mounting plugin LightPropagationVolume
LogPluginManager: Mounting plugin ActorLayerUtilities
LogPluginManager: Mounting plugin AnimationSharing
LogPluginManager: Mounting plugin CLionSourceCodeAccess
LogPluginManager: Mounting plugin CodeLiteSourceCodeAccess
LogPluginManager: Mounting plugin GitSourceControl
LogPluginManager: Mounting plugin KDevelopSourceCodeAccess
LogPluginManager: Mounting plugin NullSourceCodeAccess
LogPluginManager: Mounting plugin PerforceSourceControl
LogPluginManager: Mounting plugin SubversionSourceControl
LogPluginManager: Mounting plugin UObjectPlugin
LogPluginManager: Mounting plugin VisualStudioCodeSourceCodeAccess
LogPluginManager: Mounting plugin VisualStudioSourceCodeAccess
LogPluginManager: Mounting plugin XCodeSourceCodeAccess
LogPluginManager: Mounting plugin AssetManagerEditor
LogPluginManager: Mounting plugin CryptoKeys
LogPluginManager: Mounting plugin DataValidation
LogPluginManager: Mounting plugin FacialAnimation
LogPluginManager: Mounting plugin GameplayTagsEditor
LogPluginManager: Mounting plugin MacGraphicsSwitching
LogPluginManager: Mounting plugin MaterialAnalyzer
LogPluginManager: Mounting plugin MobileLauncherProfileWizard
LogPluginManager: Mounting plugin PluginBrowser
LogPluginManager: Mounting plugin SpeedTreeImporter
LogPluginManager: Mounting plugin DatasmithContent
LogPluginManager: Mounting plugin VariantManagerContent
LogPluginManager: Mounting plugin AlembicImporter
LogPluginManager: Mounting plugin AppleImageUtils
LogPluginManager: Mounting plugin AppleVision
LogPluginManager: Mounting plugin BackChannel
LogPluginManager: Mounting plugin CharacterAI
LogPluginManager: Mounting plugin GeometryCache
LogPluginManager: Mounting plugin HTML5Networking
LogPluginManager: Mounting plugin ProxyLODPlugin
LogPluginManager: Mounting plugin SkeletalReduction
LogPluginManager: Mounting plugin MagicLeap
LogPluginManager: Mounting plugin MagicLeapMedia
LogPluginManager: Mounting plugin AndroidMedia
LogPluginManager: Mounting plugin AvfMedia
LogPluginManager: Mounting plugin ImgMedia
LogPluginManager: Mounting plugin LinearTimecode
LogPluginManager: Mounting plugin MediaCompositing
LogPluginManager: Mounting plugin MediaPlayerEditor
LogPluginManager: Mounting plugin WebMMedia
LogPluginManager: Mounting plugin WmfMedia
LogPluginManager: Mounting plugin TcpMessaging
LogPluginManager: Mounting plugin UdpMessaging
LogPluginManager: Mounting plugin ActorSequence
LogPluginManager: Mounting plugin LevelSequenceEditor
LogPluginManager: Mounting plugin MatineeToLevelSequence
LogPluginManager: Mounting plugin NetcodeUnitTest
LogPluginManager: Mounting plugin NUTUnrealEngine4
LogPluginManager: Mounting plugin OnlineSubsystemGooglePlay
LogPluginManager: Mounting plugin OnlineSubsystemIOS
LogPluginManager: Mounting plugin OnlineSubsystem
LogPluginManager: Mounting plugin OnlineSubsystemNull
LogPluginManager: Mounting plugin OnlineSubsystemUtils
LogPluginManager: Mounting plugin LauncherChunkInstaller
LogPluginManager: Mounting plugin AndroidDeviceProfileSelector
LogPluginManager: Mounting plugin AndroidMoviePlayer
LogPluginManager: Mounting plugin AndroidPermission
LogPluginManager: Mounting plugin AppleMoviePlayer
LogPluginManager: Mounting plugin ArchVisCharacter
LogPluginManager: Mounting plugin AudioCapture
LogPluginManager: Mounting plugin CableComponent
LogPluginManager: Mounting plugin CustomMeshComponent
LogPluginManager: Mounting plugin EditableMesh
LogPluginManager: Mounting plugin ExampleDeviceProfileSelector
LogPluginManager: Mounting plugin Firebase
LogPluginManager: Mounting plugin GoogleCloudMessaging
LogPluginManager: Mounting plugin GoogleVRController
LogPluginManager: Mounting plugin GoogleVRHMD
LogPluginManager: Mounting plugin IOSDeviceProfileSelector
LogPluginManager: Mounting plugin LinuxDeviceProfileSelector
LogPluginManager: Mounting plugin LocationServicesBPLibrary
LogPluginManager: Mounting plugin MobilePatchingUtils
LogPluginManager: Mounting plugin OculusVR
LogPluginManager: Mounting plugin PhysXVehicles
LogPluginManager: Mounting plugin ProceduralMeshComponent
LogPluginManager: Mounting plugin RuntimePhysXCooking
LogPluginManager: Mounting plugin SignificanceManager
LogPluginManager: Mounting plugin SteamVR
LogPluginManager: Mounting plugin WebMMoviePlayer
LogPluginManager: Mounting plugin WindowsMoviePlayer
LogInit: Warning: Incompatible or missing module: VirtuaLab
Running C:/Program Files/Epic Games/UE_4.22/Engine/Binaries/DotNET/UnrealBuildTool.exe Development Win64 -Project="C:/Users/yagoc/Documents/GitHub/Virtual-Lab/VirtuaLab/VirtuaLab.uproject" -TargetType=Editor -Progress -NoHotReloadFromIDE
Using 'git status' to determine working set for adaptive non-unity build (C:\Users\yagoc\Documents\GitHub\Virtual-Lab).
Creating makefile for VirtuaLabEditor (no existing makefile)
@progress push 5%
Parsing headers for VirtuaLabEditor
  Running UnrealHeaderTool "C:\Users\yagoc\Documents\GitHub\Virtual-Lab\VirtuaLab\VirtuaLab.uproject" "C:\Users\yagoc\Documents\GitHub\Virtual-Lab\VirtuaLab\Intermediate\Build\Win64\VirtuaLabEditor\Development\VirtuaLabEditor.uhtmanifest" -LogCmds="loginit warning, logexit warning, logdatabase error" -Unattended -WarningsAsErrors -installed
Reflection code generated for VirtuaLabEditor in 8,1727835 seconds
@progress pop
Using Visual Studio 2017 14.16.27023 toolchain (C:\Program Files (x86)\Microsoft Visual Studio\2017\Community\VC\Tools\MSVC\14.16.27023) and Windows 10.0.18362.0 SDK (C:\Program Files (x86)\Windows Kits\10).
Building 9 actions with 4 processes...
  @progress 'Compiling C++ source code...' 0%
  @progress 'Compiling C++ source code...' 11%
  [1/9] Default.rc2
  @progress 'Compiling C++ source code...' 22%
  [2/9] SharedPCH.Engine.cpp
  @progress 'Compiling C++ source code...' 33%
  [3/9] VirtuaLab.cpp
  @progress 'Compiling C++ source code...' 44%
  [4/9] Grabber.gen.cpp
  @progress 'Compiling C++ source code...' 56%
  [5/9] Grabber.cpp
  @progress 'Compiling C++ source code...' 67%
  [6/9] VirtuaLab.init.gen.cpp
  @progress 'Compiling C++ source code...' 78%
  [7/9] UE4Editor-VirtuaLab.lib
     Criando biblioteca C:\Users\yagoc\Documents\GitHub\Virtual-Lab\VirtuaLab\Intermediate\Build\Win64\UE4Editor\Development\VirtuaLab\UE4Editor-VirtuaLab.lib e objeto C:\Users\yagoc\Documents\GitHub\Virtual-Lab\VirtuaLab\Intermediate\Build\Win64\UE4Editor\Development\VirtuaLab\UE4Editor-VirtuaLab.exp
  @progress 'Compiling C++ source code...' 89%
  [8/9] UE4Editor-VirtuaLab.dll
     Criando biblioteca C:\Users\yagoc\Documents\GitHub\Virtual-Lab\VirtuaLab\Intermediate\Build\Win64\UE4Editor\Development\VirtuaLab\UE4Editor-VirtuaLab.suppressed.lib e objeto C:\Users\yagoc\Documents\GitHub\Virtual-Lab\VirtuaLab\Intermediate\Build\Win64\UE4Editor\Development\VirtuaLab\UE4Editor-VirtuaLab.suppressed.exp
  @progress 'Compiling C++ source code...' 100%
  [9/9] VirtuaLabEditor.target
Total time in Parallel executor: 38,06 seconds
Total execution time: 77,72 seconds
LogInit: Using libcurl 7.55.1-DEV
LogInit:  - built for x86_64-pc-win32
LogInit:  - supports SSL with OpenSSL/1.1.1
LogInit:  - supports HTTP deflate (compression) using libz 1.2.8
LogInit:  - other features:
LogInit:      CURL_VERSION_SSL
LogInit:      CURL_VERSION_LIBZ
LogInit:      CURL_VERSION_IPV6
LogInit:      CURL_VERSION_ASYNCHDNS
LogInit:      CURL_VERSION_LARGEFILE
LogInit:      CURL_VERSION_IDN
LogInit:  CurlRequestOptions (configurable via config and command line):
LogInit:  - bVerifyPeer = true  - Libcurl will verify peer certificate
LogInit:  - bUseHttpProxy = false  - Libcurl will NOT use HTTP proxy
LogInit:  - bDontReuseConnections = false  - Libcurl will reuse connections
LogInit:  - MaxHostConnections = 16  - Libcurl will limit the number of connections to a host
LogInit:  - LocalHostAddr = Default
LogInit:  - BufferSize = 65536
LogInit: WinSock: version 1.1 (2.2), MaxSocks=32767, MaxUdp=65467
LogInit: Build: ++UE4+Release-4.22-CL-7053642
LogInit: Engine Version: 4.22.3-7053642+++UE4+Release-4.22
LogInit: Compatible Engine Version: 4.22.0-5660361+++UE4+Release-4.22
LogInit: Net CL: 5660361
LogInit: OS: Windows 10 (Release 1903) (), CPU: Intel(R) Core(TM) i5-4440 CPU @ 3.10GHz, GPU: NVIDIA GeForce GTX 1060 6GB
LogInit: Compiled (64-bit): Jun 18 2019 03:09:11
LogInit: Compiled with Visual C++: 19.16.27025.01
LogInit: Build Configuration: Development
LogInit: Branch Name: ++UE4+Release-4.22
LogInit: Command Line:  -game
LogInit: Base Directory: C:/Program Files/Epic Games/UE_4.22/Engine/Binaries/Win64/
LogInit: Installed Engine Build: 1
LogDevObjectVersion: Number of dev versions registered: 23
LogDevObjectVersion:   Dev-Blueprints (B0D832E4-1F89-4F0D-ACCF-7EB736FD4AA2): 10
LogDevObjectVersion:   Dev-Build (E1C64328-A22C-4D53-A36C-8E866417BD8C): 0
LogDevObjectVersion:   Dev-Core (375EC13C-06E4-48FB-B500-84F0262A717E): 3
LogDevObjectVersion:   Dev-Editor (E4B068ED-F494-42E9-A231-DA0B2E46BB41): 30
LogDevObjectVersion:   Dev-Framework (CFFC743F-43B0-4480-9391-14DF171D2073): 35
LogDevObjectVersion:   Dev-Mobile (B02B49B5-BB20-44E9-A304-32B752E40360): 2
LogDevObjectVersion:   Dev-Networking (A4E4105C-59A1-49B5-A7C5-40C4547EDFEE): 0
LogDevObjectVersion:   Dev-Online (39C831C9-5AE6-47DC-9A44-9C173E1C8E7C): 0
LogDevObjectVersion:   Dev-Physics (78F01B33-EBEA-4F98-B9B4-84EACCB95AA2): 0
LogDevObjectVersion:   Dev-Platform (6631380F-2D4D-43E0-8009-CF276956A95A): 0
LogDevObjectVersion:   Dev-Rendering (12F88B9F-8875-4AFC-A67C-D90C383ABD29): 28
LogDevObjectVersion:   Dev-Sequencer (7B5AE74C-D270-4C10-A958-57980B212A5A): 11
LogDevObjectVersion:   Dev-VR (D7296918-1DD6-4BDD-9DE2-64A83CC13884): 2
LogDevObjectVersion:   Dev-LoadTimes (C2A15278-BFE7-4AFE-6C17-90FF531DF755): 1
LogDevObjectVersion:   Private-Geometry (6EACA3D4-40EC-4CC1-B786-8BED09428FC5): 3
LogDevObjectVersion:   Dev-AnimPhys (29E575DD-E0A3-4627-9D10-D276232CDCEA): 17
LogDevObjectVersion:   Dev-Anim (AF43A65D-7FD3-4947-9873-3E8ED9C1BB05): 2
LogDevObjectVersion:   Dev-ReflectionCapture (6B266CEC-1EC7-4B8F-A30B-E4D90942FC07): 1
LogDevObjectVersion:   Dev-Automation (0DF73D61-A23F-47EA-B727-89E90C41499A): 1
LogDevObjectVersion:   FortniteMain (601D1886-AC64-4F84-AA16-D3DE0DEAC7D6): 25
LogDevObjectVersion:   Dev-Enterprise (9DFFBCD6-494F-0158-E221-12823C92A888): 6
LogDevObjectVersion:   Dev-Niagara (F2AED0AC-9AFE-416F-8664-AA7FFA26D6FC): 1
LogDevObjectVersion:   Dev-Destruction (174F1F0B-B4C6-45A5-B13F-2EE8D0FB917D): 2
LogInit: Presizing for max 16777216 objects, including 0 objects not considered by GC, pre-allocating 0 bytes for permanent pool.
LogInit: Object subsystem initialized
LogConfig: Setting CVar [[con.DebugEarlyDefault:1]]
LogConfig: Setting CVar [[r.setres:1280x720]]
[2019.10.10-21.51.54:852][  0]LogConfig: Setting CVar [[con.DebugEarlyDefault:1]]
[2019.10.10-21.51.54:853][  0]LogConfig: Setting CVar [[r.setres:1280x720]]
[2019.10.10-21.51.54:853][  0]LogConfig: Applying CVar settings from Section [/Script/Engine.RendererSettings] File [C:/Users/yagoc/Documents/GitHub/Virtual-Lab/VirtuaLab/Saved/Config/Windows/Engine.ini]
[2019.10.10-21.51.54:853][  0]LogConfig: Setting CVar [[r.GPUCrashDebugging:0]]
[2019.10.10-21.51.54:853][  0]LogConfig: Setting CVar [[r.MobileHDR:0]]
[2019.10.10-21.51.54:853][  0]LogConfig: Setting CVar [[r.Mobile.DisableVertexFog:0]]
[2019.10.10-21.51.54:853][  0]LogConfig: Setting CVar [[r.Shadow.CSM.MaxMobileCascades:2]]
[2019.10.10-21.51.54:853][  0]LogConfig: Setting CVar [[r.MobileMSAA:1]]
[2019.10.10-21.51.54:853][  0]LogConfig: Setting CVar [[r.DiscardUnusedQuality:0]]
[2019.10.10-21.51.54:853][  0]LogConfig: Setting CVar [[r.AllowOcclusionQueries:1]]
[2019.10.10-21.51.54:853][  0]LogConfig: Setting CVar [[r.MinScreenRadiusForLights:0.030000]]
[2019.10.10-21.51.54:853][  0]LogConfig: Setting CVar [[r.MinScreenRadiusForDepthPrepass:0.030000]]
[2019.10.10-21.51.54:853][  0]LogConfig: Setting CVar [[r.MinScreenRadiusForCSMDepth:0.010000]]
[2019.10.10-21.51.54:853][  0]LogConfig: Setting CVar [[r.PrecomputedVisibilityWarning:0]]
[2019.10.10-21.51.54:853][  0]LogConfig: Setting CVar [[r.TextureStreaming:1]]
[2019.10.10-21.51.54:853][  0]LogConfig: Setting CVar [[Compat.UseDXT5NormalMaps:0]]
[2019.10.10-21.51.54:853][  0]LogConfig: Setting CVar [[r.ClearCoatNormal:0]]
[2019.10.10-21.51.54:853][  0]LogConfig: Setting CVar [[r.ReflectionCaptureResolution:128]]
[2019.10.10-21.51.54:853][  0]LogConfig: Setting CVar [[r.ReflectionEnvironmentLightmapMixBasedOnRoughness:1]]
[2019.10.10-21.51.54:853][  0]LogConfig: Setting CVar [[r.ForwardShading:0]]
[2019.10.10-21.51.54:853][  0]LogConfig: Setting CVar [[r.VertexFoggingForOpaque:1]]
[2019.10.10-21.51.54:853][  0]LogConfig: Setting CVar [[r.AllowStaticLighting:1]]
[2019.10.10-21.51.54:853][  0]LogConfig: Setting CVar [[r.NormalMapsForStaticLighting:0]]
[2019.10.10-21.51.54:853][  0]LogConfig: Setting CVar [[r.GenerateMeshDistanceFields:0]]
[2019.10.10-21.51.54:853][  0]LogConfig: Setting CVar [[r.DistanceFieldBuild.EightBit:0]]
[2019.10.10-21.51.54:853][  0]LogConfig: Setting CVar [[r.GenerateLandscapeGIData:1]]
[2019.10.10-21.51.54:853][  0]LogConfig: Setting CVar [[r.DistanceFieldBuild.Compress:0]]
[2019.10.10-21.51.54:853][  0]LogConfig: Setting CVar [[r.TessellationAdaptivePixelsPerTriangle:48.000000]]
[2019.10.10-21.51.54:853][  0]LogConfig: Setting CVar [[r.SeparateTranslucency:0]]
[2019.10.10-21.51.54:853][  0]LogConfig: Setting CVar [[r.TranslucentSortPolicy:0]]
[2019.10.10-21.51.54:853][  0]LogConfig: Setting CVar [[r.CustomDepth:1]]
[2019.10.10-21.51.54:853][  0]LogConfig: Setting CVar [[r.CustomDepthTemporalAAJitter:1]]
[2019.10.10-21.51.54:853][  0]LogConfig: Setting CVar [[r.PostProcessing.PropagateAlpha:0]]
[2019.10.10-21.51.54:853][  0]LogConfig: Setting CVar [[r.DefaultFeature.Bloom:0]]
[2019.10.10-21.51.54:853][  0]LogConfig: Setting CVar [[r.DefaultFeature.AmbientOcclusion:0]]
[2019.10.10-21.51.54:853][  0]LogConfig: Setting CVar [[r.DefaultFeature.AmbientOcclusionStaticFraction:1]]
[2019.10.10-21.51.54:853][  0]LogConfig: Setting CVar [[r.DefaultFeature.AutoExposure:0]]
[2019.10.10-21.51.54:853][  0]LogConfig: Setting CVar [[r.DefaultFeature.AutoExposure.Method:1]]
[2019.10.10-21.51.54:853][  0]LogConfig: Setting CVar [[r.DefaultFeature.MotionBlur:0]]
[2019.10.10-21.51.54:853][  0]LogConfig: Setting CVar [[r.DefaultFeature.LensFlare:0]]
[2019.10.10-21.51.54:853][  0]LogConfig: Setting CVar [[r.DefaultFeature.AntiAliasing:0]]
[2019.10.10-21.51.54:853][  0]LogConfig: Setting CVar [[r.StencilForLODDither:0]]
[2019.10.10-21.51.54:853][  0]LogConfig: Setting CVar [[r.EarlyZPass:3]]
[2019.10.10-21.51.54:853][  0]LogConfig: Setting CVar [[r.EarlyZPassOnlyMaterialMasking:0]]
[2019.10.10-21.51.54:853][  0]LogConfig: Setting CVar [[r.DBuffer:1]]
[2019.10.10-21.51.54:853][  0]LogConfig: Setting CVar [[r.ClearSceneMethod:1]]
[2019.10.10-21.51.54:853][  0]LogConfig: Setting CVar [[r.BasePassOutputsVelocity:0]]
[2019.10.10-21.51.54:853][  0]LogConfig: Setting CVar [[r.SelectiveBasePassOutputs:0]]
[2019.10.10-21.51.54:853][  0]LogConfig: Setting CVar [[r.AllowGlobalClipPlane:0]]
[2019.10.10-21.51.54:853][  0]LogConfig: Setting CVar [[r.GBufferFormat:1]]
[2019.10.10-21.51.54:853][  0]LogConfig: Setting CVar [[r.MorphTarget.Mode:1]]
[2019.10.10-21.51.54:853][  0]LogConfig: Setting CVar [[vr.InstancedStereo:0]]
[2019.10.10-21.51.54:853][  0]LogConfig: Setting CVar [[vr.MultiView:0]]
[2019.10.10-21.51.54:853][  0]LogConfig: Setting CVar [[vr.MobileMultiView:0]]
[2019.10.10-21.51.54:853][  0]LogConfig: Setting CVar [[vr.MobileMultiView.Direct:0]]
[2019.10.10-21.51.54:853][  0]LogConfig: Setting CVar [[r.WireframeCullThreshold:5.000000]]
[2019.10.10-21.51.54:853][  0]LogConfig: Setting CVar [[r.SupportStationarySkylight:1]]
[2019.10.10-21.51.54:853][  0]LogConfig: Setting CVar [[r.SupportLowQualityLightmaps:1]]
[2019.10.10-21.51.54:853][  0]LogConfig: Setting CVar [[r.SupportPointLightWholeSceneShadows:1]]
[2019.10.10-21.51.54:853][  0]LogConfig: Setting CVar [[r.SupportAtmosphericFog:1]]
[2019.10.10-21.51.54:853][  0]LogConfig: Setting CVar [[r.SkinCache.CompileShaders:0]]
[2019.10.10-21.51.54:853][  0]LogConfig: Setting CVar [[r.Mobile.EnableStaticAndCSMShadowReceivers:1]]
[2019.10.10-21.51.54:853][  0]LogConfig: Setting CVar [[r.Mobile.AllowDistanceFieldShadows:1]]
[2019.10.10-21.51.54:853][  0]LogConfig: Setting CVar [[r.Mobile.AllowMovableDirectionalLights:1]]
[2019.10.10-21.51.54:853][  0]LogConfig: Setting CVar [[r.MobileNumDynamicPointLights:4]]
[2019.10.10-21.51.54:853][  0]LogConfig: Setting CVar [[r.MobileDynamicPointLightsUseStaticBranch:1]]
[2019.10.10-21.51.54:853][  0]LogConfig: Setting CVar [[r.SkinCache.SceneMemoryLimitInMB:128.000000]]
[2019.10.10-21.51.54:853][  0]LogConfig: Setting CVar [[r.GPUSkin.Limit2BoneInfluences:0]]
[2019.10.10-21.51.54:853][  0]LogConfig: Applying CVar settings from Section [/Script/Engine.RendererOverrideSettings] File [C:/Users/yagoc/Documents/GitHub/Virtual-Lab/VirtuaLab/Saved/Config/Windows/Engine.ini]
[2019.10.10-21.51.54:853][  0]LogConfig: Applying CVar settings from Section [/Script/Engine.StreamingSettings] File [C:/Users/yagoc/Documents/GitHub/Virtual-Lab/VirtuaLab/Saved/Config/Windows/Engine.ini]
[2019.10.10-21.51.54:853][  0]LogConfig: Setting CVar [[s.MinBulkDataSizeForAsyncLoading:131072]]
[2019.10.10-21.51.54:853][  0]LogConfig: Setting CVar [[s.AsyncLoadingThreadEnabled:0]]
[2019.10.10-21.51.54:853][  0]LogConfig: Setting CVar [[s.EventDrivenLoaderEnabled:1]]
[2019.10.10-21.51.54:854][  0]LogConfig: Setting CVar [[s.WarnIfTimeLimitExceeded:0]]
[2019.10.10-21.51.54:854][  0]LogConfig: Setting CVar [[s.TimeLimitExceededMultiplier:1.5]]
[2019.10.10-21.51.54:854][  0]LogConfig: Setting CVar [[s.TimeLimitExceededMinTime:0.005]]
[2019.10.10-21.51.54:854][  0]LogConfig: Setting CVar [[s.UseBackgroundLevelStreaming:1]]
[2019.10.10-21.51.54:854][  0]LogConfig: Setting CVar [[s.PriorityAsyncLoadingExtraTime:15.0]]
[2019.10.10-21.51.54:854][  0]LogConfig: Setting CVar [[s.LevelStreamingActorsUpdateTimeLimit:5.0]]
[2019.10.10-21.51.54:854][  0]LogConfig: Setting CVar [[s.PriorityLevelStreamingActorsUpdateExtraTime:5.0]]
[2019.10.10-21.51.54:854][  0]LogConfig: Setting CVar [[s.LevelStreamingComponentsRegistrationGranularity:10]]
[2019.10.10-21.51.54:854][  0]LogConfig: Setting CVar [[s.UnregisterComponentsTimeLimit:1.0]]
[2019.10.10-21.51.54:854][  0]LogConfig: Setting CVar [[s.LevelStreamingComponentsUnregistrationGranularity:5]]
[2019.10.10-21.51.54:854][  0]LogConfig: Applying CVar settings from Section [/Script/Engine.GarbageCollectionSettings] File [C:/Users/yagoc/Documents/GitHub/Virtual-Lab/VirtuaLab/Saved/Config/Windows/Engine.ini]
[2019.10.10-21.51.54:854][  0]LogConfig: Setting CVar [[gc.MaxObjectsNotConsideredByGC:1]]
[2019.10.10-21.51.54:854][  0]LogConfig: Setting CVar [[gc.SizeOfPermanentObjectPool:0]]
[2019.10.10-21.51.54:854][  0]LogConfig: Setting CVar [[gc.FlushStreamingOnGC:0]]
[2019.10.10-21.51.54:854][  0]LogConfig: Setting CVar [[gc.NumRetriesBeforeForcingGC:10]]
[2019.10.10-21.51.54:854][  0]LogConfig: Setting CVar [[gc.AllowParallelGC:1]]
[2019.10.10-21.51.54:854][  0]LogConfig: Setting CVar [[gc.TimeBetweenPurgingPendingKillObjects:61.1]]
[2019.10.10-21.51.54:854][  0]LogConfig: Setting CVar [[gc.MaxObjectsInEditor:16777216]]
[2019.10.10-21.51.54:854][  0]LogConfig: Setting CVar [[gc.IncrementalBeginDestroyEnabled:1]]
[2019.10.10-21.51.54:854][  0]LogConfig: Setting CVar [[gc.CreateGCClusters:1]]
[2019.10.10-21.51.54:854][  0]LogConfig: Setting CVar [[gc.MinGCClusterSize:5]]
[2019.10.10-21.51.54:854][  0]LogConfig: Setting CVar [[gc.ActorClusteringEnabled:0]]
[2019.10.10-21.51.54:854][  0]LogConfig: Setting CVar [[gc.BlueprintClusteringEnabled:0]]
[2019.10.10-21.51.54:854][  0]LogConfig: Setting CVar [[gc.UseDisregardForGCOnDedicatedServers:0]]
[2019.10.10-21.51.54:854][  0]LogConfig: Applying CVar settings from Section [/Script/Engine.NetworkSettings] File [C:/Users/yagoc/Documents/GitHub/Virtual-Lab/VirtuaLab/Saved/Config/Windows/Engine.ini]
[2019.10.10-21.51.54:854][  0]LogConfig: Applying CVar settings from Section [/Script/UnrealEd.CookerSettings] File [C:/Users/yagoc/Documents/GitHub/Virtual-Lab/VirtuaLab/Saved/Config/Windows/Engine.ini]
[2019.10.10-21.51.54:870][  0]LogConfig: Applying CVar settings from Section [ViewDistanceQuality@3] File [C:/Users/yagoc/Documents/GitHub/Virtual-Lab/VirtuaLab/Saved/Config/Windows/Scalability.ini]
[2019.10.10-21.51.54:871][  0]LogConfig: Setting CVar [[r.SkeletalMeshLODBias:0]]
[2019.10.10-21.51.54:871][  0]LogConfig: Setting CVar [[r.ViewDistanceScale:1.0]]
[2019.10.10-21.51.54:871][  0]LogConfig: Applying CVar settings from Section [AntiAliasingQuality@3] File [C:/Users/yagoc/Documents/GitHub/Virtual-Lab/VirtuaLab/Saved/Config/Windows/Scalability.ini]
[2019.10.10-21.51.54:871][  0]LogConfig: Setting CVar [[r.PostProcessAAQuality:4]]
[2019.10.10-21.51.54:871][  0]LogConfig: Applying CVar settings from Section [ShadowQuality@3] File [C:/Users/yagoc/Documents/GitHub/Virtual-Lab/VirtuaLab/Saved/Config/Windows/Scalability.ini]
[2019.10.10-21.51.54:871][  0]LogConfig: Setting CVar [[r.LightFunctionQuality:1]]
[2019.10.10-21.51.54:871][  0]LogConfig: Setting CVar [[r.ShadowQuality:5]]
[2019.10.10-21.51.54:871][  0]LogConfig: Setting CVar [[r.Shadow.CSM.MaxCascades:10]]
[2019.10.10-21.51.54:871][  0]LogConfig: Setting CVar [[r.Shadow.MaxResolution:2048]]
[2019.10.10-21.51.54:871][  0]LogConfig: Setting CVar [[r.Shadow.MaxCSMResolution:2048]]
[2019.10.10-21.51.54:871][  0]LogConfig: Setting CVar [[r.Shadow.RadiusThreshold:0.01]]
[2019.10.10-21.51.54:871][  0]LogConfig: Setting CVar [[r.Shadow.DistanceScale:1.0]]
[2019.10.10-21.51.54:871][  0]LogConfig: Setting CVar [[r.Shadow.CSM.TransitionScale:1.0]]
[2019.10.10-21.51.54:871][  0]LogConfig: Setting CVar [[r.Shadow.PreShadowResolutionFactor:1.0]]
[2019.10.10-21.51.54:871][  0]LogConfig: Setting CVar [[r.DistanceFieldShadowing:1]]
[2019.10.10-21.51.54:871][  0]LogConfig: Setting CVar [[r.DistanceFieldAO:1]]
[2019.10.10-21.51.54:871][  0]LogConfig: Setting CVar [[r.AOQuality:2]]
[2019.10.10-21.51.54:871][  0]LogConfig: Setting CVar [[r.VolumetricFog:1]]
[2019.10.10-21.51.54:871][  0]LogConfig: Setting CVar [[r.VolumetricFog.GridPixelSize:8]]
[2019.10.10-21.51.54:871][  0]LogConfig: Setting CVar [[r.VolumetricFog.GridSizeZ:128]]
[2019.10.10-21.51.54:871][  0]LogConfig: Setting CVar [[r.VolumetricFog.HistoryMissSupersampleCount:4]]
[2019.10.10-21.51.54:871][  0]LogConfig: Setting CVar [[r.LightMaxDrawDistanceScale:1]]
[2019.10.10-21.51.54:871][  0]LogConfig: Setting CVar [[r.CapsuleShadows:1]]
[2019.10.10-21.51.54:871][  0]LogConfig: Applying CVar settings from Section [PostProcessQuality@3] File [C:/Users/yagoc/Documents/GitHub/Virtual-Lab/VirtuaLab/Saved/Config/Windows/Scalability.ini]
[2019.10.10-21.51.54:871][  0]LogConfig: Setting CVar [[r.MotionBlurQuality:4]]
[2019.10.10-21.51.54:871][  0]LogConfig: Setting CVar [[r.AmbientOcclusionMipLevelFactor:0.4]]
[2019.10.10-21.51.54:871][  0]LogConfig: Setting CVar [[r.AmbientOcclusionMaxQuality:100]]
[2019.10.10-21.51.54:871][  0]LogConfig: Setting CVar [[r.AmbientOcclusionLevels:-1]]
[2019.10.10-21.51.54:871][  0]LogConfig: Setting CVar [[r.AmbientOcclusionRadiusScale:1.0]]
[2019.10.10-21.51.54:871][  0]LogConfig: Setting CVar [[r.DepthOfFieldQuality:2]]
[2019.10.10-21.51.54:871][  0]LogConfig: Setting CVar [[r.RenderTargetPoolMin:400]]
[2019.10.10-21.51.54:871][  0]LogConfig: Setting CVar [[r.LensFlareQuality:2]]
[2019.10.10-21.51.54:871][  0]LogConfig: Setting CVar [[r.SceneColorFringeQuality:1]]
[2019.10.10-21.51.54:871][  0]LogConfig: Setting CVar [[r.EyeAdaptationQuality:2]]
[2019.10.10-21.51.54:871][  0]LogConfig: Setting CVar [[r.BloomQuality:5]]
[2019.10.10-21.51.54:871][  0]LogConfig: Setting CVar [[r.FastBlurThreshold:100]]
[2019.10.10-21.51.54:871][  0]LogConfig: Setting CVar [[r.Upscale.Quality:3]]
[2019.10.10-21.51.54:871][  0]LogConfig: Setting CVar [[r.Tonemapper.GrainQuantization:1]]
[2019.10.10-21.51.54:871][  0]LogConfig: Setting CVar [[r.LightShaftQuality:1]]
[2019.10.10-21.51.54:871][  0]LogConfig: Setting CVar [[r.Filter.SizeScale:1]]
[2019.10.10-21.51.54:871][  0]LogConfig: Setting CVar [[r.Tonemapper.Quality:5]]
[2019.10.10-21.51.54:871][  0]LogConfig: Setting CVar [[r.DOF.Gather.AccumulatorQuality:1        ; higher gathering accumulator quality]]
[2019.10.10-21.51.54:871][  0]LogConfig: Setting CVar [[r.DOF.Gather.PostfilterMethod:1          ; Median3x3 postfilering method]]
[2019.10.10-21.51.54:871][  0]LogConfig: Setting CVar [[r.DOF.Gather.EnableBokehSettings:0       ; no bokeh simulation when gathering]]
[2019.10.10-21.51.54:871][  0]LogConfig: Setting CVar [[r.DOF.Gather.RingCount:4                 ; medium number of samples when gathering]]
[2019.10.10-21.51.54:871][  0]LogConfig: Setting CVar [[r.DOF.Scatter.ForegroundCompositing:1    ; additive foreground scattering]]
[2019.10.10-21.51.54:871][  0]LogConfig: Setting CVar [[r.DOF.Scatter.BackgroundCompositing:2    ; additive background scattering]]
[2019.10.10-21.51.54:871][  0]LogConfig: Setting CVar [[r.DOF.Scatter.EnableBokehSettings:1      ; bokeh simulation when scattering]]
[2019.10.10-21.51.54:871][  0]LogConfig: Setting CVar [[r.DOF.Scatter.MaxSpriteRatio:0.1         ; only a maximum of 10% of scattered bokeh]]
[2019.10.10-21.51.54:871][  0]LogConfig: Setting CVar [[r.DOF.Recombine.Quality:1                ; cheap slight out of focus]]
[2019.10.10-21.51.54:871][  0]LogConfig: Setting CVar [[r.DOF.Recombine.EnableBokehSettings:0    ; no bokeh simulation on slight out of focus]]
[2019.10.10-21.51.54:871][  0]LogConfig: Setting CVar [[r.DOF.TemporalAAQuality:1                ; more stable temporal accumulation]]
[2019.10.10-21.51.54:871][  0]LogConfig: Setting CVar [[r.DOF.Kernel.MaxForegroundRadius:0.025]]
[2019.10.10-21.51.54:871][  0]LogConfig: Setting CVar [[r.DOF.Kernel.MaxBackgroundRadius:0.025]]
[2019.10.10-21.51.54:871][  0]LogConfig: Applying CVar settings from Section [TextureQuality@3] File [C:/Users/yagoc/Documents/GitHub/Virtual-Lab/VirtuaLab/Saved/Config/Windows/Scalability.ini]
[2019.10.10-21.51.54:871][  0]LogConfig: Setting CVar [[r.Streaming.MipBias:0]]
[2019.10.10-21.51.54:871][  0]LogConfig: Setting CVar [[r.Streaming.AmortizeCPUToGPUCopy:0]]
[2019.10.10-21.51.54:871][  0]LogConfig: Setting CVar [[r.Streaming.MaxNumTexturesToStreamPerFrame:0]]
[2019.10.10-21.51.54:871][  0]LogConfig: Setting CVar [[r.Streaming.Boost:1]]
[2019.10.10-21.51.54:871][  0]LogConfig: Setting CVar [[r.MaxAnisotropy:8]]
[2019.10.10-21.51.54:871][  0]LogConfig: Setting CVar [[r.Streaming.LimitPoolSizeToVRAM:0]]
[2019.10.10-21.51.54:871][  0]LogConfig: Setting CVar [[r.Streaming.PoolSize:1000]]
[2019.10.10-21.51.54:871][  0]LogConfig: Setting CVar [[r.Streaming.MaxEffectiveScreenSize:0]]
[2019.10.10-21.51.54:871][  0]LogConfig: Applying CVar settings from Section [EffectsQuality@3] File [C:/Users/yagoc/Documents/GitHub/Virtual-Lab/VirtuaLab/Saved/Config/Windows/Scalability.ini]
[2019.10.10-21.51.54:871][  0]LogConfig: Setting CVar [[r.TranslucencyLightingVolumeDim:64]]
[2019.10.10-21.51.54:871][  0]LogConfig: Setting CVar [[r.RefractionQuality:2]]
[2019.10.10-21.51.54:871][  0]LogConfig: Setting CVar [[r.SSR.Quality:3]]
[2019.10.10-21.51.54:871][  0]LogConfig: Setting CVar [[r.SceneColorFormat:4]]
[2019.10.10-21.51.54:871][  0]LogConfig: Setting CVar [[r.DetailMode:2]]
[2019.10.10-21.51.54:871][  0]LogConfig: Setting CVar [[r.TranslucencyVolumeBlur:1]]
[2019.10.10-21.51.54:871][  0]LogConfig: Setting CVar [[r.MaterialQualityLevel:1 ; High quality]]
[2019.10.10-21.51.54:872][  0]LogConfig: Setting CVar [[r.SSS.Scale:1]]
[2019.10.10-21.51.54:872][  0]LogConfig: Setting CVar [[r.SSS.SampleSet:2]]
[2019.10.10-21.51.54:872][  0]LogConfig: Setting CVar [[r.SSS.Quality:1]]
[2019.10.10-21.51.54:872][  0]LogConfig: Setting CVar [[r.SSS.HalfRes:1]]
[2019.10.10-21.51.54:872][  0]LogConfig: Setting CVar [[r.EmitterSpawnRateScale:1.0]]
[2019.10.10-21.51.54:872][  0]LogConfig: Setting CVar [[r.ParticleLightQuality:2]]
[2019.10.10-21.51.54:872][  0]LogConfig: Applying CVar settings from Section [FoliageQuality@3] File [C:/Users/yagoc/Documents/GitHub/Virtual-Lab/VirtuaLab/Saved/Config/Windows/Scalability.ini]
[2019.10.10-21.51.54:872][  0]LogConfig: Setting CVar [[foliage.DensityScale:1.0]]
[2019.10.10-21.51.54:872][  0]LogConfig: Setting CVar [[grass.DensityScale:1.0]]
[2019.10.10-21.51.54:878][  0]LogInit: Selected Device Profile: [Windows]
[2019.10.10-21.51.54:878][  0]LogInit: Applying CVar settings loaded from the selected device profile: [Windows]
[2019.10.10-21.51.54:901][  0]LogHAL: Display: Platform has ~ 16 GB [17114693632 / 17179869184 / 16], which maps to Larger [LargestMinGB=32, LargerMinGB=12, DefaultMinGB=8, SmallerMinGB=6, SmallestMinGB=0)
[2019.10.10-21.51.54:902][  0]LogConfig: Setting CVar [[r.Vulkan.UseRealUBs:0		; Required until we fix HLR fall-out]]
[2019.10.10-21.51.54:902][  0]LogInit: Going up to parent DeviceProfile []
[2019.10.10-21.51.54:902][  0]LogConfig: Applying CVar settings from Section [ViewDistanceQuality@3] File [C:/Users/yagoc/Documents/GitHub/Virtual-Lab/VirtuaLab/Saved/Config/Windows/Scalability.ini]
[2019.10.10-21.51.54:902][  0]LogConfig: Setting CVar [[r.SkeletalMeshLODBias:0]]
[2019.10.10-21.51.54:902][  0]LogConfig: Setting CVar [[r.ViewDistanceScale:1.0]]
[2019.10.10-21.51.54:902][  0]LogConfig: Applying CVar settings from Section [AntiAliasingQuality@3] File [C:/Users/yagoc/Documents/GitHub/Virtual-Lab/VirtuaLab/Saved/Config/Windows/Scalability.ini]
[2019.10.10-21.51.54:902][  0]LogConfig: Setting CVar [[r.PostProcessAAQuality:4]]
[2019.10.10-21.51.54:902][  0]LogConfig: Applying CVar settings from Section [ShadowQuality@3] File [C:/Users/yagoc/Documents/GitHub/Virtual-Lab/VirtuaLab/Saved/Config/Windows/Scalability.ini]
[2019.10.10-21.51.54:902][  0]LogConfig: Setting CVar [[r.LightFunctionQuality:1]]
[2019.10.10-21.51.54:902][  0]LogConfig: Setting CVar [[r.ShadowQuality:5]]
[2019.10.10-21.51.54:902][  0]LogConfig: Setting CVar [[r.Shadow.CSM.MaxCascades:10]]
[2019.10.10-21.51.54:902][  0]LogConfig: Setting CVar [[r.Shadow.MaxResolution:2048]]
[2019.10.10-21.51.54:902][  0]LogConfig: Setting CVar [[r.Shadow.MaxCSMResolution:2048]]
[2019.10.10-21.51.54:902][  0]LogConfig: Setting CVar [[r.Shadow.RadiusThreshold:0.01]]
[2019.10.10-21.51.54:902][  0]LogConfig: Setting CVar [[r.Shadow.DistanceScale:1.0]]
[2019.10.10-21.51.54:902][  0]LogConfig: Setting CVar [[r.Shadow.CSM.TransitionScale:1.0]]
[2019.10.10-21.51.54:902][  0]LogConfig: Setting CVar [[r.Shadow.PreShadowResolutionFactor:1.0]]
[2019.10.10-21.51.54:902][  0]LogConfig: Setting CVar [[r.DistanceFieldShadowing:1]]
[2019.10.10-21.51.54:902][  0]LogConfig: Setting CVar [[r.DistanceFieldAO:1]]
[2019.10.10-21.51.54:902][  0]LogConfig: Setting CVar [[r.AOQuality:2]]
[2019.10.10-21.51.54:902][  0]LogConfig: Setting CVar [[r.VolumetricFog:1]]
[2019.10.10-21.51.54:902][  0]LogConfig: Setting CVar [[r.VolumetricFog.GridPixelSize:8]]
[2019.10.10-21.51.54:902][  0]LogConfig: Setting CVar [[r.VolumetricFog.GridSizeZ:128]]
[2019.10.10-21.51.54:902][  0]LogConfig: Setting CVar [[r.VolumetricFog.HistoryMissSupersampleCount:4]]
[2019.10.10-21.51.54:902][  0]LogConfig: Setting CVar [[r.LightMaxDrawDistanceScale:1]]
[2019.10.10-21.51.54:902][  0]LogConfig: Setting CVar [[r.CapsuleShadows:1]]
[2019.10.10-21.51.54:902][  0]LogConfig: Applying CVar settings from Section [PostProcessQuality@3] File [C:/Users/yagoc/Documents/GitHub/Virtual-Lab/VirtuaLab/Saved/Config/Windows/Scalability.ini]
[2019.10.10-21.51.54:902][  0]LogConfig: Setting CVar [[r.MotionBlurQuality:4]]
[2019.10.10-21.51.54:902][  0]LogConfig: Setting CVar [[r.AmbientOcclusionMipLevelFactor:0.4]]
[2019.10.10-21.51.54:902][  0]LogConfig: Setting CVar [[r.AmbientOcclusionMaxQuality:100]]
[2019.10.10-21.51.54:902][  0]LogConfig: Setting CVar [[r.AmbientOcclusionLevels:-1]]
[2019.10.10-21.51.54:902][  0]LogConfig: Setting CVar [[r.AmbientOcclusionRadiusScale:1.0]]
[2019.10.10-21.51.54:902][  0]LogConfig: Setting CVar [[r.DepthOfFieldQuality:2]]
[2019.10.10-21.51.54:902][  0]LogConfig: Setting CVar [[r.RenderTargetPoolMin:400]]
[2019.10.10-21.51.54:902][  0]LogConfig: Setting CVar [[r.LensFlareQuality:2]]
[2019.10.10-21.51.54:902][  0]LogConfig: Setting CVar [[r.SceneColorFringeQuality:1]]
[2019.10.10-21.51.54:902][  0]LogConfig: Setting CVar [[r.EyeAdaptationQuality:2]]
[2019.10.10-21.51.54:902][  0]LogConfig: Setting CVar [[r.BloomQuality:5]]
[2019.10.10-21.51.54:902][  0]LogConfig: Setting CVar [[r.FastBlurThreshold:100]]
[2019.10.10-21.51.54:902][  0]LogConfig: Setting CVar [[r.Upscale.Quality:3]]
[2019.10.10-21.51.54:902][  0]LogConfig: Setting CVar [[r.Tonemapper.GrainQuantization:1]]
[2019.10.10-21.51.54:902][  0]LogConfig: Setting CVar [[r.LightShaftQuality:1]]
[2019.10.10-21.51.54:902][  0]LogConfig: Setting CVar [[r.Filter.SizeScale:1]]
[2019.10.10-21.51.54:902][  0]LogConfig: Setting CVar [[r.Tonemapper.Quality:5]]
[2019.10.10-21.51.54:902][  0]LogConfig: Setting CVar [[r.DOF.Gather.AccumulatorQuality:1        ; higher gathering accumulator quality]]
[2019.10.10-21.51.54:902][  0]LogConfig: Setting CVar [[r.DOF.Gather.PostfilterMethod:1          ; Median3x3 postfilering method]]
[2019.10.10-21.51.54:902][  0]LogConfig: Setting CVar [[r.DOF.Gather.EnableBokehSettings:0       ; no bokeh simulation when gathering]]
[2019.10.10-21.51.54:902][  0]LogConfig: Setting CVar [[r.DOF.Gather.RingCount:4                 ; medium number of samples when gathering]]
[2019.10.10-21.51.54:902][  0]LogConfig: Setting CVar [[r.DOF.Scatter.ForegroundCompositing:1    ; additive foreground scattering]]
[2019.10.10-21.51.54:902][  0]LogConfig: Setting CVar [[r.DOF.Scatter.BackgroundCompositing:2    ; additive background scattering]]
[2019.10.10-21.51.54:902][  0]LogConfig: Setting CVar [[r.DOF.Scatter.EnableBokehSettings:1      ; bokeh simulation when scattering]]
[2019.10.10-21.51.54:902][  0]LogConfig: Setting CVar [[r.DOF.Scatter.MaxSpriteRatio:0.1         ; only a maximum of 10% of scattered bokeh]]
[2019.10.10-21.51.54:902][  0]LogConfig: Setting CVar [[r.DOF.Recombine.Quality:1                ; cheap slight out of focus]]
[2019.10.10-21.51.54:902][  0]LogConfig: Setting CVar [[r.DOF.Recombine.EnableBokehSettings:0    ; no bokeh simulation on slight out of focus]]
[2019.10.10-21.51.54:902][  0]LogConfig: Setting CVar [[r.DOF.TemporalAAQuality:1                ; more stable temporal accumulation]]
[2019.10.10-21.51.54:902][  0]LogConfig: Setting CVar [[r.DOF.Kernel.MaxForegroundRadius:0.025]]
[2019.10.10-21.51.54:902][  0]LogConfig: Setting CVar [[r.DOF.Kernel.MaxBackgroundRadius:0.025]]
[2019.10.10-21.51.54:902][  0]LogConfig: Applying CVar settings from Section [TextureQuality@3] File [C:/Users/yagoc/Documents/GitHub/Virtual-Lab/VirtuaLab/Saved/Config/Windows/Scalability.ini]
[2019.10.10-21.51.54:902][  0]LogConfig: Setting CVar [[r.Streaming.MipBias:0]]
[2019.10.10-21.51.54:902][  0]LogConfig: Setting CVar [[r.Streaming.AmortizeCPUToGPUCopy:0]]
[2019.10.10-21.51.54:902][  0]LogConfig: Setting CVar [[r.Streaming.MaxNumTexturesToStreamPerFrame:0]]
[2019.10.10-21.51.54:902][  0]LogConfig: Setting CVar [[r.Streaming.Boost:1]]
[2019.10.10-21.51.54:902][  0]LogConfig: Setting CVar [[r.MaxAnisotropy:8]]
[2019.10.10-21.51.54:902][  0]LogConfig: Setting CVar [[r.Streaming.LimitPoolSizeToVRAM:0]]
[2019.10.10-21.51.54:902][  0]LogConfig: Setting CVar [[r.Streaming.PoolSize:1000]]
[2019.10.10-21.51.54:902][  0]LogConfig: Setting CVar [[r.Streaming.MaxEffectiveScreenSize:0]]
[2019.10.10-21.51.54:902][  0]LogConfig: Applying CVar settings from Section [EffectsQuality@3] File [C:/Users/yagoc/Documents/GitHub/Virtual-Lab/VirtuaLab/Saved/Config/Windows/Scalability.ini]
[2019.10.10-21.51.54:902][  0]LogConfig: Setting CVar [[r.TranslucencyLightingVolumeDim:64]]
[2019.10.10-21.51.54:902][  0]LogConfig: Setting CVar [[r.RefractionQuality:2]]
[2019.10.10-21.51.54:902][  0]LogConfig: Setting CVar [[r.SSR.Quality:3]]
[2019.10.10-21.51.54:903][  0]LogConfig: Setting CVar [[r.SceneColorFormat:4]]
[2019.10.10-21.51.54:903][  0]LogConfig: Setting CVar [[r.DetailMode:2]]
[2019.10.10-21.51.54:903][  0]LogConfig: Setting CVar [[r.TranslucencyVolumeBlur:1]]
[2019.10.10-21.51.54:903][  0]LogConfig: Setting CVar [[r.MaterialQualityLevel:1 ; High quality]]
[2019.10.10-21.51.54:903][  0]LogConfig: Setting CVar [[r.SSS.Scale:1]]
[2019.10.10-21.51.54:903][  0]LogConfig: Setting CVar [[r.SSS.SampleSet:2]]
[2019.10.10-21.51.54:903][  0]LogConfig: Setting CVar [[r.SSS.Quality:1]]
[2019.10.10-21.51.54:903][  0]LogConfig: Setting CVar [[r.SSS.HalfRes:1]]
[2019.10.10-21.51.54:903][  0]LogConfig: Setting CVar [[r.EmitterSpawnRateScale:1.0]]
[2019.10.10-21.51.54:903][  0]LogConfig: Setting CVar [[r.ParticleLightQuality:2]]
[2019.10.10-21.51.54:903][  0]LogConfig: Applying CVar settings from Section [FoliageQuality@3] File [C:/Users/yagoc/Documents/GitHub/Virtual-Lab/VirtuaLab/Saved/Config/Windows/Scalability.ini]
[2019.10.10-21.51.54:903][  0]LogConfig: Setting CVar [[foliage.DensityScale:1.0]]
[2019.10.10-21.51.54:903][  0]LogConfig: Setting CVar [[grass.DensityScale:1.0]]
[2019.10.10-21.51.54:903][  0]LogConfig: Applying CVar settings from Section [Startup] File [../../../Engine/Config/ConsoleVariables.ini]
[2019.10.10-21.51.54:903][  0]LogConfig: Setting CVar [[net.UseAdaptiveNetUpdateFrequency:0]]
[2019.10.10-21.51.54:903][  0]LogConfig: Setting CVar [[p.chaos.AllowCreatePhysxBodies:1]]
[2019.10.10-21.51.54:903][  0]LogConfig: Applying CVar settings from Section [ConsoleVariables] File [C:/Users/yagoc/Documents/GitHub/Virtual-Lab/VirtuaLab/Saved/Config/Windows/Engine.ini]
[2019.10.10-21.51.54:917][  0]LogInit: Computer: DESKTOP-TLO73PE
[2019.10.10-21.51.54:917][  0]LogInit: User: yagoc
[2019.10.10-21.51.54:917][  0]LogInit: CPU Page size=4096, Cores=4
[2019.10.10-21.51.54:917][  0]LogInit: High frequency timer resolution =10.000000 MHz
[2019.10.10-21.51.54:927][  0]LogMemory: Memory total: Physical=15.9GB (16GB approx)
[2019.10.10-21.51.54:927][  0]LogMemory: Platform Memory Stats for Windows
[2019.10.10-21.51.54:927][  0]LogMemory: Process Physical Memory: 101.80 MB used, 101.81 MB peak
[2019.10.10-21.51.54:927][  0]LogMemory: Process Virtual Memory: 96.49 MB used, 96.49 MB peak
[2019.10.10-21.51.54:927][  0]LogMemory: Physical Memory: 5642.99 MB used,  10678.85 MB free, 16321.84 MB total
[2019.10.10-21.51.54:927][  0]LogMemory: Virtual Memory: 4691.99 MB used,  134213032.00 MB free, 134217728.00 MB total
[2019.10.10-21.51.55:726][  0]LogInit: Using OS detected language (pt-BR).
[2019.10.10-21.51.55:726][  0]LogInit: Using OS detected locale (pt-BR).
[2019.10.10-21.51.56:095][  0]LogTextLocalizationResource: LocRes '../../../Engine/Content/Localization/Editor/pt/Editor.locres' could not be opened for reading!
[2019.10.10-21.51.56:095][  0]LogTextLocalizationResource: LocRes '../../../Engine/Content/Localization/EditorTutorials/pt/EditorTutorials.locres' could not be opened for reading!
[2019.10.10-21.51.56:095][  0]LogTextLocalizationResource: LocRes '../../../Engine/Content/Localization/Keywords/pt/Keywords.locres' could not be opened for reading!
[2019.10.10-21.51.56:095][  0]LogTextLocalizationResource: LocRes '../../../Engine/Content/Localization/Category/pt/Category.locres' could not be opened for reading!
[2019.10.10-21.51.56:095][  0]LogTextLocalizationResource: LocRes '../../../Engine/Content/Localization/ToolTips/pt/ToolTips.locres' could not be opened for reading!
[2019.10.10-21.51.56:095][  0]LogTextLocalizationResource: LocRes '../../../Engine/Content/Localization/PropertyNames/pt/PropertyNames.locres' could not be opened for reading!
[2019.10.10-21.51.56:095][  0]LogTextLocalizationResource: LocRes '../../../Engine/Content/Localization/Engine/pt/Engine.locres' could not be opened for reading!
[2019.10.10-21.51.56:095][  0]LogTextLocalizationResource: LocRes '../../../Engine/Plugins/Online/Android/OnlineSubsystemGooglePlay/Content/Localization/OnlineSubsystemGooglePlay/pt/OnlineSubsystemGooglePlay.locres' could not be opened for reading!
[2019.10.10-21.51.56:095][  0]LogTextLocalizationResource: LocRes '../../../Engine/Plugins/Online/IOS/OnlineSubsystemIOS/Content/Localization/OnlineSubsystemIOS/pt/OnlineSubsystemIOS.locres' could not be opened for reading!
[2019.10.10-21.51.56:095][  0]LogTextLocalizationResource: LocRes '../../../Engine/Plugins/Online/OnlineSubsystem/Content/Localization/OnlineSubsystem/pt/OnlineSubsystem.locres' could not be opened for reading!
[2019.10.10-21.51.56:096][  0]LogTextLocalizationResource: LocRes '../../../Engine/Plugins/Online/OnlineSubsystemUtils/Content/Localization/OnlineSubsystemUtils/pt/OnlineSubsystemUtils.locres' could not be opened for reading!
[2019.10.10-21.51.56:918][  0]LogSlate: New Slate User Created.  User Index 0, Is Virtual User: 0
[2019.10.10-21.51.56:918][  0]LogSlate: Slate User Registered.  User Index 0, Is Virtual User: 0
[2019.10.10-21.51.57:003][  0]LogHMD: Failed to initialize OpenVR with code 110
[2019.10.10-21.51.57:003][  0]LogD3D11RHI: D3D11 adapters:
[2019.10.10-21.51.57:082][  0]LogD3D11RHI:    0. 'NVIDIA GeForce GTX 1060 6GB' (Feature Level 11_0)
[2019.10.10-21.51.57:082][  0]LogD3D11RHI:       6052/0/8160 MB DedicatedVideo/DedicatedSystem/SharedSystem, Outputs:1, VendorId:0x10de
[2019.10.10-21.51.57:084][  0]LogD3D11RHI:    1. 'Microsoft Basic Render Driver' (Feature Level 11_0)
[2019.10.10-21.51.57:085][  0]LogD3D11RHI:       0/0/8160 MB DedicatedVideo/DedicatedSystem/SharedSystem, Outputs:0, VendorId:0x1414
[2019.10.10-21.51.57:085][  0]LogD3D11RHI: Chosen D3D11 Adapter: 0
[2019.10.10-21.51.57:092][  0]LogD3D11RHI: Creating new Direct3DDevice
[2019.10.10-21.51.57:092][  0]LogD3D11RHI:     GPU DeviceId: 0x1c03 (for the marketing name, search the web for "GPU Device Id")
[2019.10.10-21.51.57:096][  0]LogWindows: EnumDisplayDevices:
[2019.10.10-21.51.57:096][  0]LogWindows:    0. 'NVIDIA GeForce GTX 1060 6GB' (P:1 D:1)
[2019.10.10-21.51.57:096][  0]LogWindows:    1. 'NVIDIA GeForce GTX 1060 6GB' (P:0 D:0)
[2019.10.10-21.51.57:097][  0]LogWindows:    2. 'NVIDIA GeForce GTX 1060 6GB' (P:0 D:0)
[2019.10.10-21.51.57:097][  0]LogWindows:    3. 'NVIDIA GeForce GTX 1060 6GB' (P:0 D:0)
[2019.10.10-21.51.57:097][  0]LogWindows: DebugString: FoundDriverCount:4 
[2019.10.10-21.51.57:097][  0]LogD3D11RHI:     Adapter Name: NVIDIA GeForce GTX 1060 6GB
[2019.10.10-21.51.57:097][  0]LogD3D11RHI:   Driver Version: 436.30 (internal:26.21.14.3630, unified:436.30)
[2019.10.10-21.51.57:097][  0]LogD3D11RHI:      Driver Date: 9-5-2019
[2019.10.10-21.51.57:097][  0]LogRHI: Texture pool is 4236 MB (70% of 6052 MB)
[2019.10.10-21.51.57:154][  0]LogD3D11RHI: Async texture creation enabled
[2019.10.10-21.51.57:273][  0]LogRendererCore: FGlobalReadBuffer::InitRHI
[2019.10.10-21.51.57:274][  0]LogRendererCore: FGlobalReadBuffer::InitRHI
[2019.10.10-21.51.57:274][  0]LogRendererCore: FGlobalReadBuffer::InitRHI
[2019.10.10-21.51.57:308][  0]LogD3D11RHI: GPU Timing Frequency: 1000.000000 (Debug: 2 1)
[2019.10.10-21.51.57:786][  0]LogTemp: Display: Module 'WindowsClientTargetPlatform' loaded TargetPlatform 'WindowsClient'
[2019.10.10-21.51.57:808][  0]LogTemp: Display: Module 'WindowsNoEditorTargetPlatform' loaded TargetPlatform 'WindowsNoEditor'
[2019.10.10-21.51.57:833][  0]LogTemp: Display: Module 'WindowsServerTargetPlatform' loaded TargetPlatform 'WindowsServer'
[2019.10.10-21.51.57:964][  0]LogTemp: Display: Module 'WindowsTargetPlatform' loaded TargetPlatform 'Windows'
[2019.10.10-21.51.57:964][  0]LogTargetPlatformManager: Display: Building Assets For Windows
[2019.10.10-21.51.58:402][  0]LogAudioDebug: Display: Lib vorbis DLL was dynamically loaded.
[2019.10.10-21.51.58:847][  0]LogShaderCompilers: Guid format shader working directory is -22 characters bigger than the processId version (../../../../../../Users/yagoc/Documents/GitHub/Virtual-Lab/VirtuaLab/Intermediate/Shaders/WorkingDirectory/6524/).
[2019.10.10-21.51.58:847][  0]LogShaderCompilers: Cleaned the shader compiler working directory 'C:/Users/yagoc/AppData/Local/Temp/UnrealShaderWorkingDir/F36C5D064BB5EB1918406D8C98FEA87E/'.
[2019.10.10-21.51.58:865][  0]LogXGEController: Cleaning working directory: C:/Users/yagoc/AppData/Local/Temp/UnrealXGEWorkingDir/
[2019.10.10-21.51.58:865][  0]LogXGEController: Cannot use XGE Controller as Incredibuild is not installed on this machine.
[2019.10.10-21.51.58:865][  0]LogShaderCompilers: Cannot use XGE Shader Compiler as Incredibuild is not installed on this machine.
[2019.10.10-21.51.58:865][  0]LogShaderCompilers: Display: Using Local Shader Compiler.
[2019.10.10-21.52.05:146][  0]LogDerivedDataCache: Display: Max Cache Size: 512 MB
[2019.10.10-21.52.05:781][  0]LogDerivedDataCache: Loaded boot cache 0.63s 73MB C:/Users/yagoc/AppData/Local/UnrealEngine/4.22/DerivedDataCache/Boot.ddc.
[2019.10.10-21.52.05:781][  0]LogDerivedDataCache: Display: Loaded Boot cache: C:/Users/yagoc/AppData/Local/UnrealEngine/4.22/DerivedDataCache/Boot.ddc
[2019.10.10-21.52.05:781][  0]LogDerivedDataCache: FDerivedDataBackendGraph:  Pak pak cache file ../../../../../../Users/yagoc/Documents/GitHub/Virtual-Lab/VirtuaLab/DerivedDataCache/DDC.ddp not found, will not use a pak cache.
[2019.10.10-21.52.05:781][  0]LogDerivedDataCache: Unable to find inner node Pak for hierarchical cache Hierarchy.
[2019.10.10-21.52.05:781][  0]LogDerivedDataCache: FDerivedDataBackendGraph:  CompressedPak pak cache file ../../../../../../Users/yagoc/Documents/GitHub/Virtual-Lab/VirtuaLab/DerivedDataCache/Compressed.ddp not found, will not use a pak cache.
[2019.10.10-21.52.05:781][  0]LogDerivedDataCache: Unable to find inner node CompressedPak for hierarchical cache Hierarchy.
[2019.10.10-21.52.05:835][  0]LogDerivedDataCache: Display: Pak cache opened for reading ../../../Engine/DerivedDataCache/Compressed.ddp.
[2019.10.10-21.52.05:835][  0]LogDerivedDataCache: FDerivedDataBackendGraph:  EnterprisePak pak cache file ../../../Enterprise/DerivedDataCache/Compressed.ddp not found, will not use a pak cache.
[2019.10.10-21.52.05:835][  0]LogDerivedDataCache: Unable to find inner node EnterprisePak for hierarchical cache Hierarchy.
[2019.10.10-21.52.05:848][  0]LogDerivedDataCache: Using Local data cache path C:/Users/yagoc/AppData/Local/UnrealEngine/Common/DerivedDataCache: Writable
[2019.10.10-21.52.05:848][  0]LogDerivedDataCache: Shared data cache path not found in *engine.ini, will not use an Shared cache.
[2019.10.10-21.52.05:848][  0]LogDerivedDataCache: Unable to find inner node Shared for hierarchical cache Hierarchy.
[2019.10.10-21.52.05:876][  0]LogMaterial: Verifying Global Shaders for PCD3D_SM5
[2019.10.10-21.52.05:919][  0]LogSlate: Using FreeType 2.6.0
[2019.10.10-21.52.06:017][  0]LogSlate: SlateFontServices - WITH_FREETYPE: 1, WITH_HARFBUZZ: 1
[2019.10.10-21.52.07:830][  0]LogInit: Using OS detected language (pt-BR).
[2019.10.10-21.52.07:830][  0]LogInit: Using OS detected locale (pt-BR).
[2019.10.10-21.52.07:830][  0]LogTextLocalizationManager: No localization for 'pt-BR' exists, so 'en' will be used for the language.
[2019.10.10-21.52.07:830][  0]LogTextLocalizationManager: No localization for 'pt-BR' exists, so 'en' will be used for the locale.
[2019.10.10-21.52.07:830][  0]LogSlate: FontCache flush requested. Reason: Culture for localization was changed
[2019.10.10-21.52.07:830][  0]LogSlate: FontCache flush requested. Reason: Culture for localization was changed
[2019.10.10-21.52.07:836][  0]LogTextLocalizationManager: Compacting localization data took   0.01ms
[2019.10.10-21.52.07:854][  0]LogAssetRegistry: FAssetRegistry took 0.0049 seconds to start up
[2019.10.10-21.52.09:005][  0]LogPackageLocalizationCache: Processed 11 localized package path(s) for 1 prioritized culture(s) in 0.023132 seconds
[2019.10.10-21.52.09:218][  0]LogInit: Selected Device Profile: [Windows]
[2019.10.10-21.52.10:336][  0]LogMeshReduction: Using QuadricMeshReduction for automatic static mesh reduction
[2019.10.10-21.52.10:336][  0]LogMeshReduction: Using SimplygonMeshReduction for automatic skeletal mesh reduction
[2019.10.10-21.52.10:336][  0]LogMeshReduction: Using ProxyLODMeshReduction for automatic mesh merging
[2019.10.10-21.52.10:336][  0]LogMeshReduction: No distributed automatic mesh merging module available
[2019.10.10-21.52.10:337][  0]LogMeshMerging: No distributed automatic mesh merging module available
[2019.10.10-21.52.10:707][  0]LogNetVersion: VirtuaLab 1.0.0, NetCL: 5660361, EngineNetVer: 10, GameNetVer: 0 (Checksum: 1699588597)
[2019.10.10-21.52.11:564][  0]LogObj: Error: LoadConfig (/Script/Engine.Default__RendererSettings): import failed for bEnableAlphaChannelInPostProcessing in: False
[2019.10.10-21.52.22:177][  0]LogMoviePlayer: Initializing movie player
[2019.10.10-21.52.23:250][  0]SourceControl: Controle de origem desativado
[2019.10.10-21.52.23:250][  0]SourceControl: Controle de origem desativado
[2019.10.10-21.52.23:264][  0]SourceControl: Controle de origem desativado
[2019.10.10-21.52.24:200][  0]LogAndroidPermission: UAndroidPermissionCallbackProxy::GetInstance
[2019.10.10-21.52.24:642][  0]LogOcInput: OculusInput pre-init called
[2019.10.10-21.52.24:673][  0]LogUObjectArray: 47109 objects as part of root set at end of initial load.
[2019.10.10-21.52.24:673][  0]LogUObjectAllocator: 8331336 out of 0 bytes used by permanent object pool.
[2019.10.10-21.52.24:673][  0]LogUObjectArray: CloseDisregardForGC: 0/0 objects in disregard for GC pool
[2019.10.10-21.52.25:412][  0]LogEngine: Initializing Engine...
[2019.10.10-21.52.31:227][  0]LogHMD: GoogleVR API created
[2019.10.10-21.52.31:417][  0]LogStats: UGameplayTagsManager::InitializeManager -  0.135 s
[2019.10.10-21.52.33:495][  0]LogInit: Initializing FReadOnlyCVARCache
[2019.10.10-21.52.33:537][  0]LogInit: XAudio2 using 'Alto-falantes (Razer Surround Audio Controller)' : 6 channels at 48 kHz using 16 bits per sample (channel mask 0x3f)
[2019.10.10-21.52.33:564][  0]LogInit: FAudioDevice initialized.
[2019.10.10-21.52.33:576][  0]LogNetVersion: Set ProjectVersion to 1.0.0.0. Version Checksum will be recalculated on next use.
[2019.10.10-21.52.34:338][  0]LogDerivedDataCache: Saved boot cache 0.72s 83MB C:/Users/yagoc/AppData/Local/UnrealEngine/4.22/DerivedDataCache/Boot.ddc.
[2019.10.10-21.52.34:400][  0]LogInit: Texture streaming: Enabled
[2019.10.10-21.52.38:333][  0]LogSlate: Updating window title bar state: overlay mode, drag disabled, window buttons hidden, title bar hidden
[2019.10.10-21.52.38:333][  0]LogInit: Display: Game Engine Initialized.
[2019.10.10-21.52.39:231][  0]LogInit: Display: Starting Game.
[2019.10.10-21.52.39:243][  0]LogNet: Browse: /Game/GoogleVR_Pawn/GoogleVRMotionControlerMap?Name=Player
[2019.10.10-21.52.39:244][  0]LogLoad: LoadMap: /Game/GoogleVR_Pawn/GoogleVRMotionControlerMap?Name=Player
[2019.10.10-21.52.39:280][  0]LogUObjectHash: Compacting FUObjectHashTables data took   1.82ms
[2019.10.10-21.52.46:167][  0]LogAIModule: Creating AISystem for world GoogleVRMotionControlerMap
[2019.10.10-21.52.46:167][  0]LogLoad: Game class is 'GameModeBase'
[2019.10.10-21.52.46:398][  0]LogWorld: Bringing World /Game/GoogleVR_Pawn/GoogleVRMotionControlerMap.GoogleVRMotionControlerMap up for play (max tick rate 0) at 2019.10.10-18.52.46
[2019.10.10-21.52.46:398][  0]LogWorld: Bringing up level for play took: 0.219084
[2019.10.10-21.52.46:399][  0]LogGameMode: FindPlayerStart: PATHS NOT DEFINED or NO PLAYERSTART with positive rating
[2019.10.10-21.52.46:435][  0]LogGoogleVRMotionController: Warning: GoogleVRMotionControllerComponent has RequireInputComponent set to true, but the actor does not have a GoogleVRPointerInputComponent. Creating GoogleVRPointerInputComponent.
[2019.10.10-21.52.46:492][  0]LogLoad: Took 7.248092 seconds to LoadMap(/Game/GoogleVR_Pawn/GoogleVRMotionControlerMap)
[2019.10.10-21.52.47:128][  0]LogRenderer: Reallocating scene render targets to support 1920x1080 Format 10 NumSamples 1 (Frame:1).
[2019.10.10-21.52.47:128][  0]LogLoad: (Engine Initialization) Total time: 152.33 seconds
[2019.10.10-21.52.47:128][  0]LogLoad: (Engine Initialization) Total Blueprint compile time: 0.00 seconds
[2019.10.10-21.52.47:242][  0]LogGoogleVRController: Creating Input Device: GoogleVRController -- Supported
[2019.10.10-21.52.47:329][  0]LogGoogleVRController: Successfully initialized GoogleVR Controller.
[2019.10.10-21.52.47:366][  0]LogContentStreaming: Texture pool size now 1000 MB
[2019.10.10-21.52.47:370][  0]LogRenderer: Reallocating scene render targets to support 128x128 Format 10 NumSamples 1 (Frame:1).
[2019.10.10-21.52.47:450][  0]LogRenderer: Reallocating scene render targets to support 1920x1080 Format 10 NumSamples 1 (Frame:2).
[2019.10.10-21.52.47:472][  0]LogProfilingDebugging: Allocated a 1024 x 1024 texture for HMD canvas layer
[2019.10.10-21.55.11:348][594]LogSlate: Window 'VirtuaLab (64-bit Development PCD3D_SM5) ' being destroyed
[2019.10.10-21.55.11:364][594]LogWindowsTextInputMethodSystem: Display: IME system now deactivated.
[2019.10.10-21.55.11:376][595]LogSlate: Updating window title bar state: overlay mode, drag disabled, window buttons hidden, title bar hidden
[2019.10.10-21.55.11:377][595]LogEngine: All Windows Closed
[2019.10.10-21.55.11:377][595]LogWindows: FPlatformMisc::RequestExit(0)
[2019.10.10-21.55.12:447][596]LogExit: Preparing to exit.
[2019.10.10-21.55.12:447][596]LogMoviePlayer: Shutting down movie player
[2019.10.10-21.55.13:007][596]LogSlate: Updating window title bar state: overlay mode, drag disabled, window buttons hidden, title bar hidden
[2019.10.10-21.55.13:272][596]LogExit: Game engine shut down
[2019.10.10-21.55.14:316][596]LogExit: Object subsystem successfully closed.
[2019.10.10-21.55.14:625][596]LogShaderCompilers: Display: Shaders left to compile 0
[2019.10.10-21.55.14:703][596]LogD3D11RHI: Shutdown
[2019.10.10-21.55.14:703][596]LogD3D11RHI: CleanupD3DDevice
[2019.10.10-21.55.14:707][596]LogRendererCore: FGlobalReadBuffer::ReleaseRHI
[2019.10.10-21.55.14:707][596]LogRendererCore: FGlobalDynamicReadBuffer::Cleanup()
[2019.10.10-21.55.14:726][596]LogRendererCore: FGlobalReadBuffer::ReleaseRHI
[2019.10.10-21.55.14:726][596]LogRendererCore: FGlobalDynamicReadBuffer::Cleanup()
[2019.10.10-21.55.14:726][596]LogRendererCore: FGlobalReadBuffer::ReleaseRHI
[2019.10.10-21.55.14:726][596]LogRendererCore: FGlobalDynamicReadBuffer::Cleanup()
[2019.10.10-21.55.14:797][596]LogD3D11RHI: ~FD3D11DynamicRHI
[2019.10.10-21.55.15:427][596]LogModuleManager: Shutting down and abandoning module SequenceRecorderSections (406)
[2019.10.10-21.55.15:427][596]LogModuleManager: Shutting down and abandoning module SequenceRecorder (404)
[2019.10.10-21.55.15:427][596]LogModuleManager: Shutting down and abandoning module AutomationController (402)
[2019.10.10-21.55.15:427][596]LogModuleManager: Shutting down and abandoning module AutomationWorker (400)
[2019.10.10-21.55.15:427][596]LogModuleManager: Shutting down and abandoning module Voice (398)
[2019.10.10-21.55.15:427][596]LogModuleManager: Shutting down and abandoning module AIModule (396)
[2019.10.10-21.55.15:428][596]LogModuleManager: Shutting down and abandoning module GameplayDebugger (395)
[2019.10.10-21.55.15:428][596]LogModuleManager: Shutting down and abandoning module AITestSuite (393)
[2019.10.10-21.55.15:428][596]LogModuleManager: Shutting down and abandoning module NavigationSystem (391)
[2019.10.10-21.55.15:428][596]LogModuleManager: Shutting down and abandoning module OculusMR (388)
[2019.10.10-21.55.15:428][596]LogModuleManager: Shutting down and abandoning module WmfMediaFactory (386)
[2019.10.10-21.55.15:428][596]LogModuleManager: Shutting down and abandoning module WebMMediaFactory (384)
[2019.10.10-21.55.15:428][596]LogModuleManager: Shutting down and abandoning module WebMMedia (382)
[2019.10.10-21.55.15:428][596]LogModuleManager: Shutting down and abandoning module OpenExrWrapper (380)
[2019.10.10-21.55.15:428][596]LogModuleManager: Shutting down and abandoning module ImgMediaFactory (378)
[2019.10.10-21.55.15:428][596]LogModuleManager: Shutting down and abandoning module AvfMediaFactory (376)
[2019.10.10-21.55.15:428][596]LogModuleManager: Shutting down and abandoning module MagicLeapCameraPreviewFactory (374)
[2019.10.10-21.55.15:428][596]LogModuleManager: Shutting down and abandoning module MagicLeapMediaCodecFactory (372)
[2019.10.10-21.55.15:428][596]LogModuleManager: Shutting down and abandoning module MagicLeapMediaFactory (370)
[2019.10.10-21.55.15:428][596]LogModuleManager: Shutting down and abandoning module CharacterAI (368)
[2019.10.10-21.55.15:428][596]LogModuleManager: Shutting down and abandoning module SessionServices (366)
[2019.10.10-21.55.15:428][596]LogModuleManager: Shutting down and abandoning module MovieSceneCapture (364)
[2019.10.10-21.55.15:428][596]LogModuleManager: Shutting down and abandoning module LiveCoding (362)
[2019.10.10-21.55.15:428][596]LogModuleManager: Shutting down and abandoning module LevelSequence (360)
[2019.10.10-21.55.15:428][596]LogModuleManager: Shutting down and abandoning module MovieSceneTracks (358)
[2019.10.10-21.55.15:428][596]LogModuleManager: Shutting down and abandoning module MovieScene (356)
[2019.10.10-21.55.15:428][596]LogModuleManager: Shutting down and abandoning module StreamingPauseRendering (354)
[2019.10.10-21.55.15:428][596]LogModuleManager: Shutting down and abandoning module PortalServices (352)
[2019.10.10-21.55.15:428][596]LogModuleManager: Shutting down and abandoning module PortalRpc (350)
[2019.10.10-21.55.15:428][596]LogModuleManager: Shutting down and abandoning module MessagingRpc (348)
[2019.10.10-21.55.15:428][596]LogModuleManager: Shutting down and abandoning module ImageWriteQueue (346)
[2019.10.10-21.55.15:431][596]LogModuleManager: Shutting down and abandoning module ProfilerService (344)
[2019.10.10-21.55.15:667][596]LogModuleManager: Shutting down and abandoning module TaskGraph (342)
[2019.10.10-21.55.15:704][596]LogModuleManager: Shutting down and abandoning module SteamVRController (340)
[2019.10.10-21.55.15:704][596]LogModuleManager: Shutting down and abandoning module ProceduralMeshComponent (338)
[2019.10.10-21.55.15:704][596]LogModuleManager: Shutting down and abandoning module OculusInput (336)
[2019.10.10-21.55.15:704][596]LogModuleManager: Shutting down and abandoning module MobilePatchingUtils (334)
[2019.10.10-21.55.15:704][596]LogModuleManager: Shutting down and abandoning module EditableMesh (332)
[2019.10.10-21.55.15:721][596]LogModuleManager: Shutting down and abandoning module CustomMeshComponent (330)
[2019.10.10-21.55.15:721][596]LogModuleManager: Shutting down and abandoning module CableComponent (328)
[2019.10.10-21.55.15:722][596]LogModuleManager: Shutting down and abandoning module AudioCapture (326)
[2019.10.10-21.55.15:722][596]LogModuleManager: Shutting down and abandoning module ArchVisCharacter (324)
[2019.10.10-21.55.15:722][596]LogModuleManager: Shutting down and abandoning module AndroidPermission (322)
[2019.10.10-21.55.15:722][596]LogModuleManager: Shutting down and abandoning module NUTUnrealEngine4 (320)
[2019.10.10-21.55.15:722][596]LogModuleManager: Shutting down and abandoning module NetcodeUnitTest (318)
[2019.10.10-21.55.15:722][596]LogModuleManager: Shutting down and abandoning module MediaCompositing (316)
[2019.10.10-21.55.15:722][596]LogModuleManager: Shutting down and abandoning module LinearTimecode (314)
[2019.10.10-21.55.15:722][596]LogModuleManager: Shutting down and abandoning module ImgMedia (312)
[2019.10.10-21.55.15:722][596]LogModuleManager: Shutting down and abandoning module MagicLeapHelperVulkan (310)
[2019.10.10-21.55.15:722][596]LogModuleManager: Shutting down and abandoning module MagicLeapHelperOpenGL (308)
[2019.10.10-21.55.15:722][596]LogModuleManager: Shutting down and abandoning module MagicLeapAudio (306)
[2019.10.10-21.55.15:722][596]LogModuleManager: Shutting down and abandoning module HTML5Networking (304)
[2019.10.10-21.55.15:722][596]LogModuleManager: Shutting down and abandoning module GeometryCacheTracks (302)
[2019.10.10-21.55.15:722][596]LogModuleManager: Shutting down and abandoning module GeometryCacheSequencer (301)
[2019.10.10-21.55.15:722][596]LogModuleManager: Shutting down and abandoning module GeometryCache (298)
[2019.10.10-21.55.15:722][596]LogModuleManager: Shutting down and abandoning module GeometryCacheEd (297)
[2019.10.10-21.55.15:722][596]LogModuleManager: Shutting down and abandoning module BackChannel (294)
[2019.10.10-21.55.15:722][596]LogModuleManager: Shutting down and abandoning module AppleVision (292)
[2019.10.10-21.55.15:722][596]LogModuleManager: Shutting down and abandoning module AppleImageUtilsBlueprintSupport (290)
[2019.10.10-21.55.15:722][596]LogModuleManager: Shutting down and abandoning module AppleImageUtils (288)
[2019.10.10-21.55.15:722][596]LogModuleManager: Shutting down and abandoning module VariantManagerContent (286)
[2019.10.10-21.55.15:722][596]LogModuleManager: Shutting down and abandoning module CryptoKeysOpenSSL (284)
[2019.10.10-21.55.15:722][596]LogModuleManager: Shutting down and abandoning module CryptoKeys (282)
[2019.10.10-21.55.15:722][596]LogModuleManager: Shutting down and abandoning module VisualStudioSourceCodeAccess (280)
[2019.10.10-21.55.15:722][596]LogModuleManager: Shutting down and abandoning module HotReload (279)
[2019.10.10-21.55.15:722][596]LogModuleManager: Shutting down and abandoning module DirectoryWatcher (278)
[2019.10.10-21.55.15:723][596]LogModuleManager: Shutting down and abandoning module VisualStudioCodeSourceCodeAccess (274)
[2019.10.10-21.55.15:723][596]LogModuleManager: Shutting down and abandoning module UObjectPlugin (272)
[2019.10.10-21.55.15:723][596]LogModuleManager: Shutting down and abandoning module SubversionSourceControl (270)
[2019.10.10-21.55.15:723][596]LogModuleManager: Shutting down and abandoning module PerforceSourceControl (268)
[2019.10.10-21.55.15:732][596]LogModuleManager: Shutting down and abandoning module SourceControl (267)
[2019.10.10-21.55.15:751][596]LogModuleManager: Shutting down and abandoning module CLionSourceCodeAccess (264)
[2019.10.10-21.55.15:751][596]LogModuleManager: Shutting down and abandoning module ActorLayerUtilities (262)
[2019.10.10-21.55.15:751][596]LogModuleManager: Shutting down and abandoning module VirtuaLab (260)
[2019.10.10-21.55.15:751][596]LogModuleManager: Shutting down and abandoning module SignificanceManager (258)
[2019.10.10-21.55.15:752][596]LogModuleManager: Shutting down and abandoning module RuntimePhysXCooking (256)
[2019.10.10-21.55.15:752][596]LogModuleManager: Shutting down and abandoning module PhysXVehiclesEditor (254)
[2019.10.10-21.55.15:752][596]LogModuleManager: Shutting down and abandoning module PhysXVehicles (252)
[2019.10.10-21.55.15:752][596]LogModuleManager: Shutting down and abandoning module LocationServicesBPLibrary (250)
[2019.10.10-21.55.15:752][596]LogModuleManager: Shutting down and abandoning module ActorSequence (248)
[2019.10.10-21.55.15:752][596]LogModuleManager: Shutting down and abandoning module UdpMessaging (246)
[2019.10.10-21.55.15:752][596]LogModuleManager: Shutting down and abandoning module TcpMessaging (244)
[2019.10.10-21.55.15:790][596]LogModuleManager: Shutting down and abandoning module MagicLeapIdentity (242)
[2019.10.10-21.55.15:790][596]LogModuleManager: Shutting down and abandoning module MagicLeapSecureStorage (240)
[2019.10.10-21.55.15:790][596]LogModuleManager: Shutting down and abandoning module MagicLeapHandTracking (238)
[2019.10.10-21.55.15:813][596]LogModuleManager: Shutting down and abandoning module MagicLeapEyeTracker (236)
[2019.10.10-21.55.15:813][596]LogModuleManager: Shutting down and abandoning module MagicLeapController (234)
[2019.10.10-21.55.15:836][596]LogSlate: Slate User Destroyed.  User Index 0, Is Virtual User: 0
[2019.10.10-21.55.15:836][596]LogModuleManager: Shutting down and abandoning module MagicLeapAR (232)
[2019.10.10-21.55.15:836][596]LogModuleManager: Shutting down and abandoning module AugmentedReality (231)
[2019.10.10-21.55.15:836][596]LogModuleManager: Shutting down and abandoning module GameplayTagsEditor (228)
[2019.10.10-21.55.15:836][596]LogModuleManager: Shutting down and abandoning module FacialAnimation (226)
[2019.10.10-21.55.15:836][596]LogModuleManager: Shutting down and abandoning module DataValidation (224)
[2019.10.10-21.55.15:836][596]LogModuleManager: Shutting down and abandoning module AssetManagerEditor (222)
[2019.10.10-21.55.15:850][596]LogModuleManager: Shutting down and abandoning module TreeMap (221)
[2019.10.10-21.55.15:850][596]LogModuleManager: Shutting down and abandoning module AnimationSharing (218)
[2019.10.10-21.55.15:850][596]LogModuleManager: Shutting down and abandoning module LightPropagationVolumeRuntime (216)
[2019.10.10-21.55.15:850][596]LogModuleManager: Shutting down and abandoning module AISupportModule (214)
[2019.10.10-21.55.15:850][596]LogModuleManager: Shutting down and abandoning module Paper2D (212)
[2019.10.10-21.55.15:850][596]LogModuleManager: Shutting down and abandoning module WindowsMoviePlayer (210)
[2019.10.10-21.55.15:850][596]LogModuleManager: Shutting down and abandoning module WebMMoviePlayer (208)
[2019.10.10-21.55.15:850][596]LogModuleManager: Shutting down and abandoning module PacketHandler (206)
[2019.10.10-21.55.15:850][596]LogModuleManager: Shutting down and abandoning module ClothingSystemEditor (204)
[2019.10.10-21.55.15:850][596]LogModuleManager: Shutting down and abandoning module ClothingSystemRuntime (202)
[2019.10.10-21.55.15:897][596]LogModuleManager: Shutting down and abandoning module MediaAssets (200)
[2019.10.10-21.55.15:897][596]LogModuleManager: Shutting down and abandoning module Overlay (198)
[2019.10.10-21.55.15:897][596]LogModuleManager: Shutting down and abandoning module OverlayEditor (197)
[2019.10.10-21.55.15:897][596]LogModuleManager: Shutting down and abandoning module VREditor (194)
[2019.10.10-21.55.15:917][596]LogModuleManager: Shutting down and abandoning module StringTableEditor (192)
[2019.10.10-21.55.15:932][596]LogModuleManager: Shutting down and abandoning module GameplayTasksEditor (190)
[2019.10.10-21.55.15:932][596]LogModuleManager: Shutting down and abandoning module BehaviorTreeEditor (188)
[2019.10.10-21.55.15:969][596]LogModuleManager: Shutting down and abandoning module FunctionalTesting (186)
[2019.10.10-21.55.15:969][596]LogModuleManager: Shutting down and abandoning module CollisionAnalyzer (184)
[2019.10.10-21.55.15:975][596]LogModuleManager: Shutting down and abandoning module WorkspaceMenuStructure (183)
[2019.10.10-21.55.15:976][596]LogModuleManager: Shutting down and abandoning module UMG (180)
[2019.10.10-21.55.15:976][596]LogModuleManager: Shutting down and abandoning module UMGEditor (179)
[2019.10.10-21.55.16:027][596]LogModuleManager: Shutting down and abandoning module Sequencer (178)
[2019.10.10-21.55.16:097][596]LogModuleManager: Shutting down and abandoning module MessageLog (175)
[2019.10.10-21.55.16:102][596]LogModuleManager: Shutting down and abandoning module SlateReflector (170)
[2019.10.10-21.55.16:120][596]LogModuleManager: Shutting down and abandoning module Slate (168)
[2019.10.10-21.55.16:120][596]LogModuleManager: Shutting down and abandoning module EditorStyle (166)
[2019.10.10-21.55.16:121][596]LogModuleManager: Shutting down and abandoning module UnrealEd (164)
[2019.10.10-21.55.16:133][596]LogModuleManager: Shutting down and abandoning module MRMesh (162)
[2019.10.10-21.55.16:133][596]LogModuleManager: Shutting down and abandoning module Messaging (160)
[2019.10.10-21.55.16:133][596]LogModuleManager: Shutting down and abandoning module SourceCodeAccess (158)
[2019.10.10-21.55.16:133][596]LogModuleManager: Shutting down and abandoning module HeadMountedDisplay (156)
[2019.10.10-21.55.16:133][596]LogModuleManager: Shutting down and abandoning module XAudio2 (154)
[2019.10.10-21.55.16:133][596]LogModuleManager: Shutting down and abandoning module Networking (152)
[2019.10.10-21.55.16:133][596]LogModuleManager: Shutting down and abandoning module Core (150)
[2019.10.10-21.55.16:133][596]LogModuleManager: Shutting down and abandoning module KismetCompiler (148)
[2019.10.10-21.55.16:133][596]LogModuleManager: Shutting down and abandoning module MeshUtilities (146)
[2019.10.10-21.55.16:158][596]LogModuleManager: Shutting down and abandoning module MeshMergeUtilities (145)
[2019.10.10-21.55.16:169][596]LogModuleManager: Shutting down and abandoning module MeshReductionInterface (144)
[2019.10.10-21.55.16:169][596]LogModuleManager: Shutting down and abandoning module SkeletalMeshReduction (143)
[2019.10.10-21.55.16:188][596]LogModuleManager: Shutting down and abandoning module ProxyLODMeshReduction (141)
[2019.10.10-21.55.16:258][596]LogModuleManager: Shutting down and abandoning module QuadricMeshReduction (139)
[2019.10.10-21.55.16:258][596]LogModuleManager: Shutting down and abandoning module MaterialBaking (135)
[2019.10.10-21.55.16:258][596]LogModuleManager: Shutting down and abandoning module PIEPreviewDeviceProfileSelector (130)
[2019.10.10-21.55.16:258][596]LogModuleManager: Shutting down and abandoning module DerivedDataCache (128)
[2019.10.10-21.55.16:306][596]LogDerivedDataCache: Shutdown
[2019.10.10-21.55.16:306][596]LogModuleManager: Shutting down and abandoning module XGEController (126)
[2019.10.10-21.55.16:307][596]LogXGEController: Cleaning working directory: C:/Users/yagoc/AppData/Local/Temp/UnrealXGEWorkingDir/
[2019.10.10-21.55.16:307][596]LogModuleManager: Shutting down and abandoning module TargetPlatform (124)
[2019.10.10-21.55.16:307][596]LogModuleManager: Shutting down and abandoning module VulkanShaderFormat (123)
[2019.10.10-21.55.16:307][596]LogModuleManager: Shutting down and abandoning module ShaderFormatVectorVM (121)
[2019.10.10-21.55.16:307][596]LogModuleManager: Shutting down and abandoning module ShaderFormatOpenGL (119)
[2019.10.10-21.55.16:320][596]LogModuleManager: Shutting down and abandoning module ShaderFormatD3D (117)
[2019.10.10-21.55.16:320][596]LogModuleManager: Shutting down and abandoning module MetalShaderFormat (115)
[2019.10.10-21.55.16:359][596]LogModuleManager: Shutting down and abandoning module TextureFormatUncompressed (113)
[2019.10.10-21.55.16:359][596]LogModuleManager: Shutting down and abandoning module TextureFormatPVR (111)
[2019.10.10-21.55.16:359][596]LogModuleManager: Shutting down and abandoning module TextureFormatDXT (109)
[2019.10.10-21.55.16:359][596]LogModuleManager: Shutting down and abandoning module TextureFormatIntelISPCTexComp (107)
[2019.10.10-21.55.16:359][596]LogModuleManager: Shutting down and abandoning module TextureFormatASTC (105)
[2019.10.10-21.55.16:360][596]LogModuleManager: Shutting down and abandoning module ImageWrapper (104)
[2019.10.10-21.55.16:360][596]LogModuleManager: Shutting down and abandoning module TextureFormatAndroid (101)
[2019.10.10-21.55.16:360][596]LogModuleManager: Shutting down and abandoning module AudioFormatOpus (99)
[2019.10.10-21.55.16:360][596]LogModuleManager: Shutting down and abandoning module AudioFormatOgg (97)
[2019.10.10-21.55.16:360][596]LogModuleManager: Shutting down and abandoning module AudioFormatADPCM (95)
[2019.10.10-21.55.16:360][596]LogModuleManager: Shutting down and abandoning module WindowsTargetPlatform (93)
[2019.10.10-21.55.16:360][596]LogModuleManager: Shutting down and abandoning module WindowsServerTargetPlatform (91)
[2019.10.10-21.55.16:360][596]LogModuleManager: Shutting down and abandoning module WindowsNoEditorTargetPlatform (89)
[2019.10.10-21.55.16:360][596]LogModuleManager: Shutting down and abandoning module WindowsClientTargetPlatform (87)
[2019.10.10-21.55.16:360][596]LogModuleManager: Shutting down and abandoning module InputCore (84)
[2019.10.10-21.55.16:360][596]LogModuleManager: Shutting down and abandoning module Settings (82)
[2019.10.10-21.55.16:360][596]LogModuleManager: Shutting down and abandoning module PhysXCooking (80)
[2019.10.10-21.55.16:360][596]LogModuleManager: Shutting down and abandoning module SteamVR (78)
[2019.10.10-21.55.16:360][596]LogHMD: Freeing OpenVRDLLHandle.
[2019.10.10-21.55.16:360][596]LogModuleManager: Shutting down and abandoning module OculusHMD (76)
[2019.10.10-21.55.16:380][596]LogModuleManager: Shutting down and abandoning module GoogleVRHMD (74)
[2019.10.10-21.55.16:380][596]LogModuleManager: Shutting down and abandoning module GoogleVRController (72)
[2019.10.10-21.55.16:380][596]LogModuleManager: Shutting down and abandoning module ExampleDeviceProfileSelector (70)
[2019.10.10-21.55.16:380][596]LogModuleManager: Shutting down and abandoning module LauncherChunkInstaller (68)
[2019.10.10-21.55.16:380][596]LogModuleManager: Shutting down and abandoning module OnlineBlueprintSupport (66)
[2019.10.10-21.55.16:380][596]LogModuleManager: Shutting down and abandoning module OnlineSubsystem (62)
[2019.10.10-21.55.16:381][596]LogModuleManager: Shutting down and abandoning module XMPP (57)
[2019.10.10-21.55.16:392][596]LogModuleManager: Shutting down and abandoning module WebSockets (56)
[2019.10.10-21.55.16:433][596]LogModuleManager: Shutting down and abandoning module HTTP (53)
[2019.10.10-21.55.16:457][596]LogModuleManager: Shutting down and abandoning module SSL (52)
[2019.10.10-21.55.16:459][596]LogModuleManager: Shutting down and abandoning module WmfMedia (48)
[2019.10.10-21.55.16:467][596]LogModuleManager: Shutting down and abandoning module Media (47)
[2019.10.10-21.55.16:473][596]LogModuleManager: Shutting down and abandoning module MagicLeap (44)
[2019.10.10-21.55.16:473][596]LogModuleManager: Shutting down and abandoning module DatasmithContent (42)
[2019.10.10-21.55.16:474][596]LogModuleManager: Shutting down and abandoning module DesktopPlatform (40)
[2019.10.10-21.55.16:474][596]LogModuleManager: Shutting down and abandoning module AnimationModifiers (38)
[2019.10.10-21.55.16:483][596]LogModuleManager: Shutting down and abandoning module PropertyEditor (37)
[2019.10.10-21.55.16:490][596]LogModuleManager: Shutting down and abandoning module AudioEditor (34)
[2019.10.10-21.55.16:498][596]LogModuleManager: Shutting down and abandoning module TextureCompressor (32)
[2019.10.10-21.55.16:498][596]LogModuleManager: Shutting down and abandoning module RenderCore (30)
[2019.10.10-21.55.16:498][596]LogModuleManager: Shutting down and abandoning module Landscape (28)
[2019.10.10-21.55.16:498][596]LogModuleManager: Shutting down and abandoning module SlateRHIRenderer (26)
[2019.10.10-21.55.16:553][596]LogModuleManager: Shutting down and abandoning module OpenGLDrv (24)
[2019.10.10-21.55.16:589][596]LogModuleManager: Shutting down and abandoning module D3D11RHI (22)
[2019.10.10-21.55.16:590][596]LogModuleManager: Shutting down and abandoning module AnimGraphRuntime (20)
[2019.10.10-21.55.16:590][596]LogModuleManager: Shutting down and abandoning module Renderer (18)
[2019.10.10-21.55.16:590][596]LogModuleManager: Shutting down and abandoning module Engine (16)
[2019.10.10-21.55.16:590][596]LogModuleManager: Shutting down and abandoning module CoreUObject (14)
[2019.10.10-21.55.16:590][596]LogModuleManager: Shutting down and abandoning module NetworkFile (12)
[2019.10.10-21.55.16:590][596]LogModuleManager: Shutting down and abandoning module CookedIterativeFile (10)
[2019.10.10-21.55.16:590][596]LogModuleManager: Shutting down and abandoning module StreamingFile (8)
[2019.10.10-21.55.16:590][596]LogModuleManager: Shutting down and abandoning module SandboxFile (6)
[2019.10.10-21.55.16:590][596]LogModuleManager: Shutting down and abandoning module PakFile (4)
[2019.10.10-21.55.16:590][596]LogModuleManager: Shutting down and abandoning module RSA (3)
[2019.10.10-21.55.16:598][596]LogExit: Exiting.
[2019.10.10-21.55.16:617][596]Log file closed, 10/10/19 18:55:16
