Log file open, 10/13/19 19:22:17
LogWindows: Failed to load 'aqProf.dll' (GetLastError=126)
LogWindows: File 'aqProf.dll' does not exist
LogWindows: Failed to load 'VtuneApi.dll' (GetLastError=126)
LogWindows: File 'VtuneApi.dll' does not exist
LogWindows: Failed to load 'VtuneApi32e.dll' (GetLastError=126)
LogWindows: File 'VtuneApi32e.dll' does not exist
LogConsoleResponse: Display: Failed to find resolution value strings in scalability ini. Falling back to default.
LogInit: Display: Running engine for game: VirtuaLab
LogPakFile: Registered encryption key '00000000000000000000000000000000': 0 pak files mounted, 0 remain pending
LogPlatformFile: Not using cached read wrapper
LogTaskGraph: Started task graph with 5 named threads and 14 total threads with 3 sets of task threads.
LogStats: Stats thread started at 2.476431
LogD3D11RHI: Loaded GFSDK_Aftermath_Lib.x64.dll
LogICUInternationalization: ICU TimeZone Detection - Raw Offset: -3:00, Platform Override: ''
LogPluginManager: Mounting plugin Paper2D
LogPluginManager: Mounting plugin AISupport
LogPluginManager: Mounting plugin LightPropagationVolume
LogPluginManager: Mounting plugin ActorLayerUtilities
LogPluginManager: Mounting plugin AnimationSharing
LogPluginManager: Mounting plugin CLionSourceCodeAccess
LogPluginManager: Mounting plugin CodeLiteSourceCodeAccess
LogPluginManager: Mounting plugin GitSourceControl
LogPluginManager: Mounting plugin KDevelopSourceCodeAccess
LogPluginManager: Mounting plugin NullSourceCodeAccess
LogPluginManager: Mounting plugin PerforceSourceControl
LogPluginManager: Mounting plugin SubversionSourceControl
LogPluginManager: Mounting plugin UObjectPlugin
LogPluginManager: Mounting plugin VisualStudioCodeSourceCodeAccess
LogPluginManager: Mounting plugin VisualStudioSourceCodeAccess
LogPluginManager: Mounting plugin XCodeSourceCodeAccess
LogPluginManager: Mounting plugin AssetManagerEditor
LogPluginManager: Mounting plugin CryptoKeys
LogPluginManager: Mounting plugin DataValidation
LogPluginManager: Mounting plugin FacialAnimation
LogPluginManager: Mounting plugin GameplayTagsEditor
LogPluginManager: Mounting plugin MacGraphicsSwitching
LogPluginManager: Mounting plugin MaterialAnalyzer
LogPluginManager: Mounting plugin MobileLauncherProfileWizard
LogPluginManager: Mounting plugin PluginBrowser
LogPluginManager: Mounting plugin SpeedTreeImporter
LogPluginManager: Mounting plugin DatasmithContent
LogPluginManager: Mounting plugin VariantManagerContent
LogPluginManager: Mounting plugin AlembicImporter
LogPluginManager: Mounting plugin AppleImageUtils
LogPluginManager: Mounting plugin AppleVision
LogPluginManager: Mounting plugin BackChannel
LogPluginManager: Mounting plugin CharacterAI
LogPluginManager: Mounting plugin GeometryCache
LogPluginManager: Mounting plugin HTML5Networking
LogPluginManager: Mounting plugin ProxyLODPlugin
LogPluginManager: Mounting plugin SkeletalReduction
LogPluginManager: Mounting plugin MagicLeap
LogPluginManager: Mounting plugin MagicLeapMedia
LogPluginManager: Mounting plugin AndroidMedia
LogPluginManager: Mounting plugin AvfMedia
LogPluginManager: Mounting plugin ImgMedia
LogPluginManager: Mounting plugin LinearTimecode
LogPluginManager: Mounting plugin MediaCompositing
LogPluginManager: Mounting plugin MediaPlayerEditor
LogPluginManager: Mounting plugin WebMMedia
LogPluginManager: Mounting plugin WmfMedia
LogPluginManager: Mounting plugin TcpMessaging
LogPluginManager: Mounting plugin UdpMessaging
LogPluginManager: Mounting plugin ActorSequence
LogPluginManager: Mounting plugin LevelSequenceEditor
LogPluginManager: Mounting plugin MatineeToLevelSequence
LogPluginManager: Mounting plugin NetcodeUnitTest
LogPluginManager: Mounting plugin NUTUnrealEngine4
LogPluginManager: Mounting plugin OnlineSubsystemGooglePlay
LogPluginManager: Mounting plugin OnlineSubsystemIOS
LogPluginManager: Mounting plugin OnlineSubsystem
LogPluginManager: Mounting plugin OnlineSubsystemNull
LogPluginManager: Mounting plugin OnlineSubsystemUtils
LogPluginManager: Mounting plugin LauncherChunkInstaller
LogPluginManager: Mounting plugin AndroidDeviceProfileSelector
LogPluginManager: Mounting plugin AndroidMoviePlayer
LogPluginManager: Mounting plugin AndroidPermission
LogPluginManager: Mounting plugin AppleMoviePlayer
LogPluginManager: Mounting plugin ArchVisCharacter
LogPluginManager: Mounting plugin AudioCapture
LogPluginManager: Mounting plugin CableComponent
LogPluginManager: Mounting plugin CustomMeshComponent
LogPluginManager: Mounting plugin EditableMesh
LogPluginManager: Mounting plugin ExampleDeviceProfileSelector
LogPluginManager: Mounting plugin Firebase
LogPluginManager: Mounting plugin GoogleCloudMessaging
LogPluginManager: Mounting plugin GoogleVRController
LogPluginManager: Mounting plugin GoogleVRHMD
LogPluginManager: Mounting plugin IOSDeviceProfileSelector
LogPluginManager: Mounting plugin LinuxDeviceProfileSelector
LogPluginManager: Mounting plugin LocationServicesBPLibrary
LogPluginManager: Mounting plugin MobilePatchingUtils
LogPluginManager: Mounting plugin OculusVR
LogPluginManager: Mounting plugin PhysXVehicles
LogPluginManager: Mounting plugin ProceduralMeshComponent
LogPluginManager: Mounting plugin RuntimePhysXCooking
LogPluginManager: Mounting plugin SignificanceManager
LogPluginManager: Mounting plugin SteamVR
LogPluginManager: Mounting plugin WebMMoviePlayer
LogPluginManager: Mounting plugin WindowsMoviePlayer
LogInit: Using libcurl 7.55.1-DEV
LogInit:  - built for x86_64-pc-win32
LogInit:  - supports SSL with OpenSSL/1.1.1
LogInit:  - supports HTTP deflate (compression) using libz 1.2.8
LogInit:  - other features:
LogInit:      CURL_VERSION_SSL
LogInit:      CURL_VERSION_LIBZ
LogInit:      CURL_VERSION_IPV6
LogInit:      CURL_VERSION_ASYNCHDNS
LogInit:      CURL_VERSION_LARGEFILE
LogInit:      CURL_VERSION_IDN
LogInit:  CurlRequestOptions (configurable via config and command line):
LogInit:  - bVerifyPeer = true  - Libcurl will verify peer certificate
LogInit:  - bUseHttpProxy = false  - Libcurl will NOT use HTTP proxy
LogInit:  - bDontReuseConnections = false  - Libcurl will reuse connections
LogInit:  - MaxHostConnections = 16  - Libcurl will limit the number of connections to a host
LogInit:  - LocalHostAddr = Default
LogInit:  - BufferSize = 65536
LogInit: WinSock: version 1.1 (2.2), MaxSocks=32767, MaxUdp=65467
LogInit: Build: ++UE4+Release-4.22-CL-7053642
LogInit: Engine Version: 4.22.3-7053642+++UE4+Release-4.22
LogInit: Compatible Engine Version: 4.22.0-5660361+++UE4+Release-4.22
LogInit: Net CL: 5660361
LogInit: OS: Windows 10 (Release 1903) (), CPU: Intel(R) Core(TM) i5-4440 CPU @ 3.10GHz, GPU: NVIDIA GeForce GTX 1060 6GB
LogInit: Compiled (64-bit): Jun 18 2019 03:09:11
LogInit: Compiled with Visual C++: 19.16.27025.01
LogInit: Build Configuration: Development
LogInit: Branch Name: ++UE4+Release-4.22
LogInit: Command Line: 
LogInit: Base Directory: C:/Program Files/Epic Games/UE_4.22/Engine/Binaries/Win64/
LogInit: Installed Engine Build: 1
LogDevObjectVersion: Number of dev versions registered: 23
LogDevObjectVersion:   Dev-Blueprints (B0D832E4-1F89-4F0D-ACCF-7EB736FD4AA2): 10
LogDevObjectVersion:   Dev-Build (E1C64328-A22C-4D53-A36C-8E866417BD8C): 0
LogDevObjectVersion:   Dev-Core (375EC13C-06E4-48FB-B500-84F0262A717E): 3
LogDevObjectVersion:   Dev-Editor (E4B068ED-F494-42E9-A231-DA0B2E46BB41): 30
LogDevObjectVersion:   Dev-Framework (CFFC743F-43B0-4480-9391-14DF171D2073): 35
LogDevObjectVersion:   Dev-Mobile (B02B49B5-BB20-44E9-A304-32B752E40360): 2
LogDevObjectVersion:   Dev-Networking (A4E4105C-59A1-49B5-A7C5-40C4547EDFEE): 0
LogDevObjectVersion:   Dev-Online (39C831C9-5AE6-47DC-9A44-9C173E1C8E7C): 0
LogDevObjectVersion:   Dev-Physics (78F01B33-EBEA-4F98-B9B4-84EACCB95AA2): 0
LogDevObjectVersion:   Dev-Platform (6631380F-2D4D-43E0-8009-CF276956A95A): 0
LogDevObjectVersion:   Dev-Rendering (12F88B9F-8875-4AFC-A67C-D90C383ABD29): 28
LogDevObjectVersion:   Dev-Sequencer (7B5AE74C-D270-4C10-A958-57980B212A5A): 11
LogDevObjectVersion:   Dev-VR (D7296918-1DD6-4BDD-9DE2-64A83CC13884): 2
LogDevObjectVersion:   Dev-LoadTimes (C2A15278-BFE7-4AFE-6C17-90FF531DF755): 1
LogDevObjectVersion:   Private-Geometry (6EACA3D4-40EC-4CC1-B786-8BED09428FC5): 3
LogDevObjectVersion:   Dev-AnimPhys (29E575DD-E0A3-4627-9D10-D276232CDCEA): 17
LogDevObjectVersion:   Dev-Anim (AF43A65D-7FD3-4947-9873-3E8ED9C1BB05): 2
LogDevObjectVersion:   Dev-ReflectionCapture (6B266CEC-1EC7-4B8F-A30B-E4D90942FC07): 1
LogDevObjectVersion:   Dev-Automation (0DF73D61-A23F-47EA-B727-89E90C41499A): 1
LogDevObjectVersion:   FortniteMain (601D1886-AC64-4F84-AA16-D3DE0DEAC7D6): 25
LogDevObjectVersion:   Dev-Enterprise (9DFFBCD6-494F-0158-E221-12823C92A888): 6
LogDevObjectVersion:   Dev-Niagara (F2AED0AC-9AFE-416F-8664-AA7FFA26D6FC): 1
LogDevObjectVersion:   Dev-Destruction (174F1F0B-B4C6-45A5-B13F-2EE8D0FB917D): 2
LogInit: Presizing for max 16777216 objects, including 0 objects not considered by GC, pre-allocating 0 bytes for permanent pool.
LogInit: Object subsystem initialized
LogConfig: Setting CVar [[con.DebugEarlyDefault:1]]
LogConfig: Setting CVar [[r.setres:1280x720]]
[2019.10.13-22.22.19:564][  0]LogConfig: Setting CVar [[r.VSync:0]]
[2019.10.13-22.22.19:564][  0]LogConfig: Setting CVar [[r.RHICmdBypass:0]]
[2019.10.13-22.22.19:564][  0]LogConfig: Applying CVar settings from Section [/Script/Engine.RendererSettings] File [C:/Users/yagoc/Documents/GitHub/Virtual-Lab/VirtuaLab/Saved/Config/Windows/Engine.ini]
[2019.10.13-22.22.19:564][  0]LogConfig: Setting CVar [[r.GPUCrashDebugging:0]]
[2019.10.13-22.22.19:564][  0]LogConfig: Setting CVar [[r.MobileHDR:0]]
[2019.10.13-22.22.19:564][  0]LogConfig: Setting CVar [[r.Mobile.DisableVertexFog:0]]
[2019.10.13-22.22.19:564][  0]LogConfig: Setting CVar [[r.Shadow.CSM.MaxMobileCascades:2]]
[2019.10.13-22.22.19:564][  0]LogConfig: Setting CVar [[r.MobileMSAA:1]]
[2019.10.13-22.22.19:564][  0]LogConfig: Setting CVar [[r.DiscardUnusedQuality:0]]
[2019.10.13-22.22.19:564][  0]LogConfig: Setting CVar [[r.AllowOcclusionQueries:1]]
[2019.10.13-22.22.19:564][  0]LogConfig: Setting CVar [[r.MinScreenRadiusForLights:0.030000]]
[2019.10.13-22.22.19:564][  0]LogConfig: Setting CVar [[r.MinScreenRadiusForDepthPrepass:0.030000]]
[2019.10.13-22.22.19:564][  0]LogConfig: Setting CVar [[r.MinScreenRadiusForCSMDepth:0.010000]]
[2019.10.13-22.22.19:564][  0]LogConfig: Setting CVar [[r.PrecomputedVisibilityWarning:0]]
[2019.10.13-22.22.19:564][  0]LogConfig: Setting CVar [[r.TextureStreaming:1]]
[2019.10.13-22.22.19:564][  0]LogConfig: Setting CVar [[Compat.UseDXT5NormalMaps:0]]
[2019.10.13-22.22.19:564][  0]LogConfig: Setting CVar [[r.ClearCoatNormal:0]]
[2019.10.13-22.22.19:564][  0]LogConfig: Setting CVar [[r.ReflectionCaptureResolution:128]]
[2019.10.13-22.22.19:564][  0]LogConfig: Setting CVar [[r.ReflectionEnvironmentLightmapMixBasedOnRoughness:1]]
[2019.10.13-22.22.19:564][  0]LogConfig: Setting CVar [[r.ForwardShading:0]]
[2019.10.13-22.22.19:564][  0]LogConfig: Setting CVar [[r.VertexFoggingForOpaque:1]]
[2019.10.13-22.22.19:564][  0]LogConfig: Setting CVar [[r.AllowStaticLighting:1]]
[2019.10.13-22.22.19:564][  0]LogConfig: Setting CVar [[r.NormalMapsForStaticLighting:0]]
[2019.10.13-22.22.19:564][  0]LogConfig: Setting CVar [[r.GenerateMeshDistanceFields:0]]
[2019.10.13-22.22.19:564][  0]LogConfig: Setting CVar [[r.DistanceFieldBuild.EightBit:0]]
[2019.10.13-22.22.19:565][  0]LogConfig: Setting CVar [[r.GenerateLandscapeGIData:1]]
[2019.10.13-22.22.19:565][  0]LogConfig: Setting CVar [[r.DistanceFieldBuild.Compress:0]]
[2019.10.13-22.22.19:565][  0]LogConfig: Setting CVar [[r.TessellationAdaptivePixelsPerTriangle:48.000000]]
[2019.10.13-22.22.19:565][  0]LogConfig: Setting CVar [[r.SeparateTranslucency:0]]
[2019.10.13-22.22.19:565][  0]LogConfig: Setting CVar [[r.TranslucentSortPolicy:0]]
[2019.10.13-22.22.19:565][  0]LogConfig: Setting CVar [[r.CustomDepth:1]]
[2019.10.13-22.22.19:565][  0]LogConfig: Setting CVar [[r.CustomDepthTemporalAAJitter:1]]
[2019.10.13-22.22.19:565][  0]LogConfig: Setting CVar [[r.PostProcessing.PropagateAlpha:0]]
[2019.10.13-22.22.19:565][  0]LogConfig: Setting CVar [[r.DefaultFeature.Bloom:0]]
[2019.10.13-22.22.19:565][  0]LogConfig: Setting CVar [[r.DefaultFeature.AmbientOcclusion:0]]
[2019.10.13-22.22.19:565][  0]LogConfig: Setting CVar [[r.DefaultFeature.AmbientOcclusionStaticFraction:1]]
[2019.10.13-22.22.19:565][  0]LogConfig: Setting CVar [[r.DefaultFeature.AutoExposure:0]]
[2019.10.13-22.22.19:565][  0]LogConfig: Setting CVar [[r.DefaultFeature.AutoExposure.Method:1]]
[2019.10.13-22.22.19:565][  0]LogConfig: Setting CVar [[r.DefaultFeature.MotionBlur:0]]
[2019.10.13-22.22.19:565][  0]LogConfig: Setting CVar [[r.DefaultFeature.LensFlare:0]]
[2019.10.13-22.22.19:565][  0]LogConfig: Setting CVar [[r.DefaultFeature.AntiAliasing:0]]
[2019.10.13-22.22.19:565][  0]LogConfig: Setting CVar [[r.StencilForLODDither:0]]
[2019.10.13-22.22.19:565][  0]LogConfig: Setting CVar [[r.EarlyZPass:3]]
[2019.10.13-22.22.19:568][  0]LogConfig: Setting CVar [[r.EarlyZPassOnlyMaterialMasking:0]]
[2019.10.13-22.22.19:568][  0]LogConfig: Setting CVar [[r.DBuffer:1]]
[2019.10.13-22.22.19:568][  0]LogConfig: Setting CVar [[r.ClearSceneMethod:1]]
[2019.10.13-22.22.19:568][  0]LogConfig: Setting CVar [[r.BasePassOutputsVelocity:0]]
[2019.10.13-22.22.19:568][  0]LogConfig: Setting CVar [[r.SelectiveBasePassOutputs:0]]
[2019.10.13-22.22.19:568][  0]LogConfig: Setting CVar [[r.AllowGlobalClipPlane:0]]
[2019.10.13-22.22.19:568][  0]LogConfig: Setting CVar [[r.GBufferFormat:1]]
[2019.10.13-22.22.19:568][  0]LogConfig: Setting CVar [[r.MorphTarget.Mode:1]]
[2019.10.13-22.22.19:568][  0]LogConfig: Setting CVar [[vr.InstancedStereo:0]]
[2019.10.13-22.22.19:568][  0]LogConfig: Setting CVar [[vr.MultiView:0]]
[2019.10.13-22.22.19:568][  0]LogConfig: Setting CVar [[vr.MobileMultiView:0]]
[2019.10.13-22.22.19:568][  0]LogConfig: Setting CVar [[vr.MobileMultiView.Direct:0]]
[2019.10.13-22.22.19:568][  0]LogConfig: Setting CVar [[r.WireframeCullThreshold:5.000000]]
[2019.10.13-22.22.19:568][  0]LogConfig: Setting CVar [[r.SupportStationarySkylight:1]]
[2019.10.13-22.22.19:568][  0]LogConfig: Setting CVar [[r.SupportLowQualityLightmaps:1]]
[2019.10.13-22.22.19:568][  0]LogConfig: Setting CVar [[r.SupportPointLightWholeSceneShadows:1]]
[2019.10.13-22.22.19:568][  0]LogConfig: Setting CVar [[r.SupportAtmosphericFog:1]]
[2019.10.13-22.22.19:568][  0]LogConfig: Setting CVar [[r.SkinCache.CompileShaders:0]]
[2019.10.13-22.22.19:568][  0]LogConfig: Setting CVar [[r.Mobile.EnableStaticAndCSMShadowReceivers:1]]
[2019.10.13-22.22.19:568][  0]LogConfig: Setting CVar [[r.Mobile.AllowDistanceFieldShadows:1]]
[2019.10.13-22.22.19:568][  0]LogConfig: Setting CVar [[r.Mobile.AllowMovableDirectionalLights:1]]
[2019.10.13-22.22.19:568][  0]LogConfig: Setting CVar [[r.MobileNumDynamicPointLights:4]]
[2019.10.13-22.22.19:568][  0]LogConfig: Setting CVar [[r.MobileDynamicPointLightsUseStaticBranch:1]]
[2019.10.13-22.22.19:568][  0]LogConfig: Setting CVar [[r.SkinCache.SceneMemoryLimitInMB:128.000000]]
[2019.10.13-22.22.19:568][  0]LogConfig: Setting CVar [[r.GPUSkin.Limit2BoneInfluences:0]]
[2019.10.13-22.22.19:568][  0]LogConfig: Applying CVar settings from Section [/Script/Engine.RendererOverrideSettings] File [C:/Users/yagoc/Documents/GitHub/Virtual-Lab/VirtuaLab/Saved/Config/Windows/Engine.ini]
[2019.10.13-22.22.19:568][  0]LogConfig: Applying CVar settings from Section [/Script/Engine.StreamingSettings] File [C:/Users/yagoc/Documents/GitHub/Virtual-Lab/VirtuaLab/Saved/Config/Windows/Engine.ini]
[2019.10.13-22.22.19:568][  0]LogConfig: Setting CVar [[s.MinBulkDataSizeForAsyncLoading:131072]]
[2019.10.13-22.22.19:568][  0]LogConfig: Setting CVar [[s.AsyncLoadingThreadEnabled:0]]
[2019.10.13-22.22.19:568][  0]LogConfig: Setting CVar [[s.EventDrivenLoaderEnabled:1]]
[2019.10.13-22.22.19:568][  0]LogConfig: Setting CVar [[s.WarnIfTimeLimitExceeded:0]]
[2019.10.13-22.22.19:568][  0]LogConfig: Setting CVar [[s.TimeLimitExceededMultiplier:1.5]]
[2019.10.13-22.22.19:568][  0]LogConfig: Setting CVar [[s.TimeLimitExceededMinTime:0.005]]
[2019.10.13-22.22.19:568][  0]LogConfig: Setting CVar [[s.UseBackgroundLevelStreaming:1]]
[2019.10.13-22.22.19:568][  0]LogConfig: Setting CVar [[s.PriorityAsyncLoadingExtraTime:15.0]]
[2019.10.13-22.22.19:568][  0]LogConfig: Setting CVar [[s.LevelStreamingActorsUpdateTimeLimit:5.0]]
[2019.10.13-22.22.19:568][  0]LogConfig: Setting CVar [[s.PriorityLevelStreamingActorsUpdateExtraTime:5.0]]
[2019.10.13-22.22.19:568][  0]LogConfig: Setting CVar [[s.LevelStreamingComponentsRegistrationGranularity:10]]
[2019.10.13-22.22.19:568][  0]LogConfig: Setting CVar [[s.UnregisterComponentsTimeLimit:1.0]]
[2019.10.13-22.22.19:568][  0]LogConfig: Setting CVar [[s.LevelStreamingComponentsUnregistrationGranularity:5]]
[2019.10.13-22.22.19:568][  0]LogConfig: Applying CVar settings from Section [/Script/Engine.GarbageCollectionSettings] File [C:/Users/yagoc/Documents/GitHub/Virtual-Lab/VirtuaLab/Saved/Config/Windows/Engine.ini]
[2019.10.13-22.22.19:568][  0]LogConfig: Setting CVar [[gc.MaxObjectsNotConsideredByGC:1]]
[2019.10.13-22.22.19:568][  0]LogConfig: Setting CVar [[gc.SizeOfPermanentObjectPool:0]]
[2019.10.13-22.22.19:568][  0]LogConfig: Setting CVar [[gc.FlushStreamingOnGC:0]]
[2019.10.13-22.22.19:568][  0]LogConfig: Setting CVar [[gc.NumRetriesBeforeForcingGC:10]]
[2019.10.13-22.22.19:568][  0]LogConfig: Setting CVar [[gc.AllowParallelGC:1]]
[2019.10.13-22.22.19:568][  0]LogConfig: Setting CVar [[gc.TimeBetweenPurgingPendingKillObjects:61.1]]
[2019.10.13-22.22.19:568][  0]LogConfig: Setting CVar [[gc.MaxObjectsInEditor:16777216]]
[2019.10.13-22.22.19:568][  0]LogConfig: Setting CVar [[gc.IncrementalBeginDestroyEnabled:1]]
[2019.10.13-22.22.19:568][  0]LogConfig: Setting CVar [[gc.CreateGCClusters:1]]
[2019.10.13-22.22.19:568][  0]LogConfig: Setting CVar [[gc.MinGCClusterSize:5]]
[2019.10.13-22.22.19:568][  0]LogConfig: Setting CVar [[gc.ActorClusteringEnabled:0]]
[2019.10.13-22.22.19:568][  0]LogConfig: Setting CVar [[gc.BlueprintClusteringEnabled:0]]
[2019.10.13-22.22.19:568][  0]LogConfig: Setting CVar [[gc.UseDisregardForGCOnDedicatedServers:0]]
[2019.10.13-22.22.19:568][  0]LogConfig: Applying CVar settings from Section [/Script/Engine.NetworkSettings] File [C:/Users/yagoc/Documents/GitHub/Virtual-Lab/VirtuaLab/Saved/Config/Windows/Engine.ini]
[2019.10.13-22.22.19:568][  0]LogConfig: Applying CVar settings from Section [/Script/UnrealEd.CookerSettings] File [C:/Users/yagoc/Documents/GitHub/Virtual-Lab/VirtuaLab/Saved/Config/Windows/Engine.ini]
[2019.10.13-22.22.19:577][  0]LogConfig: Applying CVar settings from Section [ViewDistanceQuality@3] File [C:/Users/yagoc/Documents/GitHub/Virtual-Lab/VirtuaLab/Saved/Config/Windows/Scalability.ini]
[2019.10.13-22.22.19:577][  0]LogConfig: Setting CVar [[r.SkeletalMeshLODBias:0]]
[2019.10.13-22.22.19:577][  0]LogConfig: Setting CVar [[r.ViewDistanceScale:1.0]]
[2019.10.13-22.22.19:577][  0]LogConfig: Applying CVar settings from Section [AntiAliasingQuality@3] File [C:/Users/yagoc/Documents/GitHub/Virtual-Lab/VirtuaLab/Saved/Config/Windows/Scalability.ini]
[2019.10.13-22.22.19:577][  0]LogConfig: Setting CVar [[r.PostProcessAAQuality:4]]
[2019.10.13-22.22.19:577][  0]LogConfig: Applying CVar settings from Section [ShadowQuality@3] File [C:/Users/yagoc/Documents/GitHub/Virtual-Lab/VirtuaLab/Saved/Config/Windows/Scalability.ini]
[2019.10.13-22.22.19:577][  0]LogConfig: Setting CVar [[r.LightFunctionQuality:1]]
[2019.10.13-22.22.19:577][  0]LogConfig: Setting CVar [[r.ShadowQuality:5]]
[2019.10.13-22.22.19:577][  0]LogConfig: Setting CVar [[r.Shadow.CSM.MaxCascades:10]]
[2019.10.13-22.22.19:577][  0]LogConfig: Setting CVar [[r.Shadow.MaxResolution:2048]]
[2019.10.13-22.22.19:578][  0]LogConfig: Setting CVar [[r.Shadow.MaxCSMResolution:2048]]
[2019.10.13-22.22.19:578][  0]LogConfig: Setting CVar [[r.Shadow.RadiusThreshold:0.01]]
[2019.10.13-22.22.19:578][  0]LogConfig: Setting CVar [[r.Shadow.DistanceScale:1.0]]
[2019.10.13-22.22.19:578][  0]LogConfig: Setting CVar [[r.Shadow.CSM.TransitionScale:1.0]]
[2019.10.13-22.22.19:578][  0]LogConfig: Setting CVar [[r.Shadow.PreShadowResolutionFactor:1.0]]
[2019.10.13-22.22.19:578][  0]LogConfig: Setting CVar [[r.DistanceFieldShadowing:1]]
[2019.10.13-22.22.19:578][  0]LogConfig: Setting CVar [[r.DistanceFieldAO:1]]
[2019.10.13-22.22.19:578][  0]LogConfig: Setting CVar [[r.AOQuality:2]]
[2019.10.13-22.22.19:578][  0]LogConfig: Setting CVar [[r.VolumetricFog:1]]
[2019.10.13-22.22.19:578][  0]LogConfig: Setting CVar [[r.VolumetricFog.GridPixelSize:8]]
[2019.10.13-22.22.19:578][  0]LogConfig: Setting CVar [[r.VolumetricFog.GridSizeZ:128]]
[2019.10.13-22.22.19:578][  0]LogConfig: Setting CVar [[r.VolumetricFog.HistoryMissSupersampleCount:4]]
[2019.10.13-22.22.19:578][  0]LogConfig: Setting CVar [[r.LightMaxDrawDistanceScale:1]]
[2019.10.13-22.22.19:578][  0]LogConfig: Setting CVar [[r.CapsuleShadows:1]]
[2019.10.13-22.22.19:578][  0]LogConfig: Applying CVar settings from Section [PostProcessQuality@3] File [C:/Users/yagoc/Documents/GitHub/Virtual-Lab/VirtuaLab/Saved/Config/Windows/Scalability.ini]
[2019.10.13-22.22.19:578][  0]LogConfig: Setting CVar [[r.MotionBlurQuality:4]]
[2019.10.13-22.22.19:578][  0]LogConfig: Setting CVar [[r.AmbientOcclusionMipLevelFactor:0.4]]
[2019.10.13-22.22.19:578][  0]LogConfig: Setting CVar [[r.AmbientOcclusionMaxQuality:100]]
[2019.10.13-22.22.19:578][  0]LogConfig: Setting CVar [[r.AmbientOcclusionLevels:-1]]
[2019.10.13-22.22.19:578][  0]LogConfig: Setting CVar [[r.AmbientOcclusionRadiusScale:1.0]]
[2019.10.13-22.22.19:578][  0]LogConfig: Setting CVar [[r.DepthOfFieldQuality:2]]
[2019.10.13-22.22.19:578][  0]LogConfig: Setting CVar [[r.RenderTargetPoolMin:400]]
[2019.10.13-22.22.19:578][  0]LogConfig: Setting CVar [[r.LensFlareQuality:2]]
[2019.10.13-22.22.19:578][  0]LogConfig: Setting CVar [[r.SceneColorFringeQuality:1]]
[2019.10.13-22.22.19:578][  0]LogConfig: Setting CVar [[r.EyeAdaptationQuality:2]]
[2019.10.13-22.22.19:578][  0]LogConfig: Setting CVar [[r.BloomQuality:5]]
[2019.10.13-22.22.19:578][  0]LogConfig: Setting CVar [[r.FastBlurThreshold:100]]
[2019.10.13-22.22.19:578][  0]LogConfig: Setting CVar [[r.Upscale.Quality:3]]
[2019.10.13-22.22.19:578][  0]LogConfig: Setting CVar [[r.Tonemapper.GrainQuantization:1]]
[2019.10.13-22.22.19:578][  0]LogConfig: Setting CVar [[r.LightShaftQuality:1]]
[2019.10.13-22.22.19:578][  0]LogConfig: Setting CVar [[r.Filter.SizeScale:1]]
[2019.10.13-22.22.19:578][  0]LogConfig: Setting CVar [[r.Tonemapper.Quality:5]]
[2019.10.13-22.22.19:578][  0]LogConfig: Setting CVar [[r.DOF.Gather.AccumulatorQuality:1        ; higher gathering accumulator quality]]
[2019.10.13-22.22.19:578][  0]LogConfig: Setting CVar [[r.DOF.Gather.PostfilterMethod:1          ; Median3x3 postfilering method]]
[2019.10.13-22.22.19:578][  0]LogConfig: Setting CVar [[r.DOF.Gather.EnableBokehSettings:0       ; no bokeh simulation when gathering]]
[2019.10.13-22.22.19:578][  0]LogConfig: Setting CVar [[r.DOF.Gather.RingCount:4                 ; medium number of samples when gathering]]
[2019.10.13-22.22.19:578][  0]LogConfig: Setting CVar [[r.DOF.Scatter.ForegroundCompositing:1    ; additive foreground scattering]]
[2019.10.13-22.22.19:578][  0]LogConfig: Setting CVar [[r.DOF.Scatter.BackgroundCompositing:2    ; additive background scattering]]
[2019.10.13-22.22.19:578][  0]LogConfig: Setting CVar [[r.DOF.Scatter.EnableBokehSettings:1      ; bokeh simulation when scattering]]
[2019.10.13-22.22.19:578][  0]LogConfig: Setting CVar [[r.DOF.Scatter.MaxSpriteRatio:0.1         ; only a maximum of 10% of scattered bokeh]]
[2019.10.13-22.22.19:578][  0]LogConfig: Setting CVar [[r.DOF.Recombine.Quality:1                ; cheap slight out of focus]]
[2019.10.13-22.22.19:578][  0]LogConfig: Setting CVar [[r.DOF.Recombine.EnableBokehSettings:0    ; no bokeh simulation on slight out of focus]]
[2019.10.13-22.22.19:578][  0]LogConfig: Setting CVar [[r.DOF.TemporalAAQuality:1                ; more stable temporal accumulation]]
[2019.10.13-22.22.19:578][  0]LogConfig: Setting CVar [[r.DOF.Kernel.MaxForegroundRadius:0.025]]
[2019.10.13-22.22.19:578][  0]LogConfig: Setting CVar [[r.DOF.Kernel.MaxBackgroundRadius:0.025]]
[2019.10.13-22.22.19:578][  0]LogConfig: Applying CVar settings from Section [TextureQuality@3] File [C:/Users/yagoc/Documents/GitHub/Virtual-Lab/VirtuaLab/Saved/Config/Windows/Scalability.ini]
[2019.10.13-22.22.19:578][  0]LogConfig: Setting CVar [[r.Streaming.MipBias:0]]
[2019.10.13-22.22.19:578][  0]LogConfig: Setting CVar [[r.Streaming.AmortizeCPUToGPUCopy:0]]
[2019.10.13-22.22.19:578][  0]LogConfig: Setting CVar [[r.Streaming.MaxNumTexturesToStreamPerFrame:0]]
[2019.10.13-22.22.19:578][  0]LogConfig: Setting CVar [[r.Streaming.Boost:1]]
[2019.10.13-22.22.19:578][  0]LogConfig: Setting CVar [[r.MaxAnisotropy:8]]
[2019.10.13-22.22.19:578][  0]LogConfig: Setting CVar [[r.Streaming.LimitPoolSizeToVRAM:0]]
[2019.10.13-22.22.19:578][  0]LogConfig: Setting CVar [[r.Streaming.PoolSize:1000]]
[2019.10.13-22.22.19:578][  0]LogConfig: Setting CVar [[r.Streaming.MaxEffectiveScreenSize:0]]
[2019.10.13-22.22.19:578][  0]LogConfig: Applying CVar settings from Section [EffectsQuality@3] File [C:/Users/yagoc/Documents/GitHub/Virtual-Lab/VirtuaLab/Saved/Config/Windows/Scalability.ini]
[2019.10.13-22.22.19:578][  0]LogConfig: Setting CVar [[r.TranslucencyLightingVolumeDim:64]]
[2019.10.13-22.22.19:578][  0]LogConfig: Setting CVar [[r.RefractionQuality:2]]
[2019.10.13-22.22.19:578][  0]LogConfig: Setting CVar [[r.SSR.Quality:3]]
[2019.10.13-22.22.19:578][  0]LogConfig: Setting CVar [[r.SceneColorFormat:4]]
[2019.10.13-22.22.19:578][  0]LogConfig: Setting CVar [[r.DetailMode:2]]
[2019.10.13-22.22.19:578][  0]LogConfig: Setting CVar [[r.TranslucencyVolumeBlur:1]]
[2019.10.13-22.22.19:578][  0]LogConfig: Setting CVar [[r.MaterialQualityLevel:1 ; High quality]]
[2019.10.13-22.22.19:578][  0]LogConfig: Setting CVar [[r.SSS.Scale:1]]
[2019.10.13-22.22.19:578][  0]LogConfig: Setting CVar [[r.SSS.SampleSet:2]]
[2019.10.13-22.22.19:578][  0]LogConfig: Setting CVar [[r.SSS.Quality:1]]
[2019.10.13-22.22.19:578][  0]LogConfig: Setting CVar [[r.SSS.HalfRes:1]]
[2019.10.13-22.22.19:578][  0]LogConfig: Setting CVar [[r.EmitterSpawnRateScale:1.0]]
[2019.10.13-22.22.19:578][  0]LogConfig: Setting CVar [[r.ParticleLightQuality:2]]
[2019.10.13-22.22.19:578][  0]LogConfig: Applying CVar settings from Section [FoliageQuality@3] File [C:/Users/yagoc/Documents/GitHub/Virtual-Lab/VirtuaLab/Saved/Config/Windows/Scalability.ini]
[2019.10.13-22.22.19:578][  0]LogConfig: Setting CVar [[foliage.DensityScale:1.0]]
[2019.10.13-22.22.19:578][  0]LogConfig: Setting CVar [[grass.DensityScale:1.0]]
[2019.10.13-22.22.19:585][  0]LogInit: Selected Device Profile: [Windows]
[2019.10.13-22.22.19:585][  0]LogInit: Applying CVar settings loaded from the selected device profile: [Windows]
[2019.10.13-22.22.19:648][  0]LogHAL: Display: Platform has ~ 16 GB [17114693632 / 17179869184 / 16], which maps to Larger [LargestMinGB=32, LargerMinGB=12, DefaultMinGB=8, SmallerMinGB=6, SmallestMinGB=0)
[2019.10.13-22.22.19:649][  0]LogConfig: Setting CVar [[r.Vulkan.UseRealUBs:0		; Required until we fix HLR fall-out]]
[2019.10.13-22.22.19:649][  0]LogInit: Going up to parent DeviceProfile []
[2019.10.13-22.22.19:657][  0]LogConfig: Applying CVar settings from Section [ViewDistanceQuality@1] File [C:/Users/yagoc/Documents/GitHub/Virtual-Lab/VirtuaLab/Saved/Config/Windows/Scalability.ini]
[2019.10.13-22.22.19:657][  0]LogConfig: Setting CVar [[r.SkeletalMeshLODBias:1]]
[2019.10.13-22.22.19:657][  0]LogConfig: Setting CVar [[r.ViewDistanceScale:0.6]]
[2019.10.13-22.22.19:657][  0]LogConfig: Applying CVar settings from Section [AntiAliasingQuality@1] File [C:/Users/yagoc/Documents/GitHub/Virtual-Lab/VirtuaLab/Saved/Config/Windows/Scalability.ini]
[2019.10.13-22.22.19:657][  0]LogConfig: Setting CVar [[r.PostProcessAAQuality:2]]
[2019.10.13-22.22.19:657][  0]LogConfig: Applying CVar settings from Section [ShadowQuality@1] File [C:/Users/yagoc/Documents/GitHub/Virtual-Lab/VirtuaLab/Saved/Config/Windows/Scalability.ini]
[2019.10.13-22.22.19:657][  0]LogConfig: Setting CVar [[r.LightFunctionQuality:1]]
[2019.10.13-22.22.19:657][  0]LogConfig: Setting CVar [[r.ShadowQuality:3]]
[2019.10.13-22.22.19:657][  0]LogConfig: Setting CVar [[r.Shadow.CSM.MaxCascades:1]]
[2019.10.13-22.22.19:657][  0]LogConfig: Setting CVar [[r.Shadow.MaxResolution:1024]]
[2019.10.13-22.22.19:657][  0]LogConfig: Setting CVar [[r.Shadow.MaxCSMResolution:1024]]
[2019.10.13-22.22.19:657][  0]LogConfig: Setting CVar [[r.Shadow.RadiusThreshold:0.05]]
[2019.10.13-22.22.19:657][  0]LogConfig: Setting CVar [[r.Shadow.DistanceScale:0.7]]
[2019.10.13-22.22.19:657][  0]LogConfig: Setting CVar [[r.Shadow.CSM.TransitionScale:0.25]]
[2019.10.13-22.22.19:657][  0]LogConfig: Setting CVar [[r.Shadow.PreShadowResolutionFactor:0.5]]
[2019.10.13-22.22.19:657][  0]LogConfig: Setting CVar [[r.DistanceFieldShadowing:0]]
[2019.10.13-22.22.19:657][  0]LogConfig: Setting CVar [[r.DistanceFieldAO:0]]
[2019.10.13-22.22.19:657][  0]LogConfig: Setting CVar [[r.VolumetricFog:0]]
[2019.10.13-22.22.19:657][  0]LogConfig: Setting CVar [[r.LightMaxDrawDistanceScale:.5]]
[2019.10.13-22.22.19:657][  0]LogConfig: Setting CVar [[r.CapsuleShadows:1]]
[2019.10.13-22.22.19:657][  0]LogConfig: Applying CVar settings from Section [PostProcessQuality@1] File [C:/Users/yagoc/Documents/GitHub/Virtual-Lab/VirtuaLab/Saved/Config/Windows/Scalability.ini]
[2019.10.13-22.22.19:657][  0]LogConfig: Setting CVar [[r.MotionBlurQuality:3]]
[2019.10.13-22.22.19:657][  0]LogConfig: Setting CVar [[r.AmbientOcclusionMipLevelFactor:1.0]]
[2019.10.13-22.22.19:657][  0]LogConfig: Setting CVar [[r.AmbientOcclusionMaxQuality:60]]
[2019.10.13-22.22.19:657][  0]LogConfig: Setting CVar [[r.AmbientOcclusionLevels:-1]]
[2019.10.13-22.22.19:657][  0]LogConfig: Setting CVar [[r.AmbientOcclusionRadiusScale:1.5]]
[2019.10.13-22.22.19:657][  0]LogConfig: Setting CVar [[r.DepthOfFieldQuality:1]]
[2019.10.13-22.22.19:657][  0]LogConfig: Setting CVar [[r.RenderTargetPoolMin:350]]
[2019.10.13-22.22.19:657][  0]LogConfig: Setting CVar [[r.LensFlareQuality:0]]
[2019.10.13-22.22.19:657][  0]LogConfig: Setting CVar [[r.SceneColorFringeQuality:0]]
[2019.10.13-22.22.19:657][  0]LogConfig: Setting CVar [[r.EyeAdaptationQuality:0]]
[2019.10.13-22.22.19:657][  0]LogConfig: Setting CVar [[r.BloomQuality:4]]
[2019.10.13-22.22.19:657][  0]LogConfig: Setting CVar [[r.FastBlurThreshold:2]]
[2019.10.13-22.22.19:657][  0]LogConfig: Setting CVar [[r.Upscale.Quality:2]]
[2019.10.13-22.22.19:657][  0]LogConfig: Setting CVar [[r.Tonemapper.GrainQuantization:0]]
[2019.10.13-22.22.19:657][  0]LogConfig: Setting CVar [[r.LightShaftQuality:0]]
[2019.10.13-22.22.19:657][  0]LogConfig: Setting CVar [[r.Filter.SizeScale:0.7]]
[2019.10.13-22.22.19:657][  0]LogConfig: Setting CVar [[r.Tonemapper.Quality:2]]
[2019.10.13-22.22.19:657][  0]LogConfig: Setting CVar [[r.DOF.Gather.AccumulatorQuality:0        ; lower gathering accumulator quality]]
[2019.10.13-22.22.19:657][  0]LogConfig: Setting CVar [[r.DOF.Gather.PostfilterMethod:2          ; Max3x3 postfilering method]]
[2019.10.13-22.22.19:657][  0]LogConfig: Setting CVar [[r.DOF.Gather.EnableBokehSettings:0       ; no bokeh simulation when gathering]]
[2019.10.13-22.22.19:657][  0]LogConfig: Setting CVar [[r.DOF.Gather.RingCount:3                 ; low number of samples when gathering]]
[2019.10.13-22.22.19:657][  0]LogConfig: Setting CVar [[r.DOF.Scatter.ForegroundCompositing:0    ; no foreground scattering]]
[2019.10.13-22.22.19:657][  0]LogConfig: Setting CVar [[r.DOF.Scatter.BackgroundCompositing:0    ; no foreground scattering]]
[2019.10.13-22.22.19:657][  0]LogConfig: Setting CVar [[r.DOF.Recombine.Quality:0                ; no slight out of focus]]
[2019.10.13-22.22.19:657][  0]LogConfig: Setting CVar [[r.DOF.TemporalAAQuality:0                ; faster temporal accumulation]]
[2019.10.13-22.22.19:657][  0]LogConfig: Setting CVar [[r.DOF.Kernel.MaxForegroundRadius:0.006   ; required because low gathering and no scattering and not looking great at 1080p]]
[2019.10.13-22.22.19:657][  0]LogConfig: Setting CVar [[r.DOF.Kernel.MaxBackgroundRadius:0.006   ; required because low gathering and no scattering and not looking great at 1080p]]
[2019.10.13-22.22.19:657][  0]LogConfig: Applying CVar settings from Section [TextureQuality@1] File [C:/Users/yagoc/Documents/GitHub/Virtual-Lab/VirtuaLab/Saved/Config/Windows/Scalability.ini]
[2019.10.13-22.22.19:657][  0]LogConfig: Setting CVar [[r.Streaming.MipBias:1]]
[2019.10.13-22.22.19:657][  0]LogConfig: Setting CVar [[r.Streaming.AmortizeCPUToGPUCopy:0]]
[2019.10.13-22.22.19:657][  0]LogConfig: Setting CVar [[r.Streaming.MaxNumTexturesToStreamPerFrame:0]]
[2019.10.13-22.22.19:657][  0]LogConfig: Setting CVar [[r.Streaming.Boost:1]]
[2019.10.13-22.22.19:657][  0]LogConfig: Setting CVar [[r.MaxAnisotropy:2]]
[2019.10.13-22.22.19:657][  0]LogConfig: Setting CVar [[r.Streaming.LimitPoolSizeToVRAM:1]]
[2019.10.13-22.22.19:657][  0]LogConfig: Setting CVar [[r.Streaming.PoolSize:600]]
[2019.10.13-22.22.19:657][  0]LogConfig: Setting CVar [[r.Streaming.MaxEffectiveScreenSize:0]]
[2019.10.13-22.22.19:657][  0]LogConfig: Applying CVar settings from Section [EffectsQuality@1] File [C:/Users/yagoc/Documents/GitHub/Virtual-Lab/VirtuaLab/Saved/Config/Windows/Scalability.ini]
[2019.10.13-22.22.19:657][  0]LogConfig: Setting CVar [[r.TranslucencyLightingVolumeDim:32]]
[2019.10.13-22.22.19:657][  0]LogConfig: Setting CVar [[r.RefractionQuality:0]]
[2019.10.13-22.22.19:657][  0]LogConfig: Setting CVar [[r.SSR.Quality:0]]
[2019.10.13-22.22.19:657][  0]LogConfig: Setting CVar [[r.SceneColorFormat:3]]
[2019.10.13-22.22.19:657][  0]LogConfig: Setting CVar [[r.DetailMode:1]]
[2019.10.13-22.22.19:657][  0]LogConfig: Setting CVar [[r.TranslucencyVolumeBlur:0]]
[2019.10.13-22.22.19:657][  0]LogConfig: Setting CVar [[r.MaterialQualityLevel:2 ; Medium quality]]
[2019.10.13-22.22.19:658][  0]LogConfig: Setting CVar [[r.SSS.Scale:0.75]]
[2019.10.13-22.22.19:658][  0]LogConfig: Setting CVar [[r.SSS.SampleSet:0]]
[2019.10.13-22.22.19:658][  0]LogConfig: Setting CVar [[r.SSS.Quality:0]]
[2019.10.13-22.22.19:658][  0]LogConfig: Setting CVar [[r.SSS.HalfRes:1]]
[2019.10.13-22.22.19:658][  0]LogConfig: Setting CVar [[r.EmitterSpawnRateScale:0.25]]
[2019.10.13-22.22.19:658][  0]LogConfig: Setting CVar [[r.ParticleLightQuality:0]]
[2019.10.13-22.22.19:658][  0]LogConfig: Applying CVar settings from Section [FoliageQuality@1] File [C:/Users/yagoc/Documents/GitHub/Virtual-Lab/VirtuaLab/Saved/Config/Windows/Scalability.ini]
[2019.10.13-22.22.19:658][  0]LogConfig: Setting CVar [[foliage.DensityScale:0.4]]
[2019.10.13-22.22.19:658][  0]LogConfig: Setting CVar [[grass.DensityScale:0.4]]
[2019.10.13-22.22.19:658][  0]LogConfig: Applying CVar settings from Section [Startup] File [../../../Engine/Config/ConsoleVariables.ini]
[2019.10.13-22.22.19:698][  0]LogConfig: Setting CVar [[net.UseAdaptiveNetUpdateFrequency:0]]
[2019.10.13-22.22.19:698][  0]LogConfig: Setting CVar [[p.chaos.AllowCreatePhysxBodies:1]]
[2019.10.13-22.22.19:698][  0]LogConfig: Applying CVar settings from Section [ConsoleVariables] File [C:/Users/yagoc/Documents/GitHub/Virtual-Lab/VirtuaLab/Saved/Config/Windows/Engine.ini]
[2019.10.13-22.22.19:722][  0]LogInit: Computer: DESKTOP-TLO73PE
[2019.10.13-22.22.19:722][  0]LogInit: User: yagoc
[2019.10.13-22.22.19:722][  0]LogInit: CPU Page size=4096, Cores=4
[2019.10.13-22.22.19:722][  0]LogInit: High frequency timer resolution =10.000000 MHz
[2019.10.13-22.22.19:727][  0]LogMemory: Memory total: Physical=15.9GB (16GB approx)
[2019.10.13-22.22.19:727][  0]LogMemory: Platform Memory Stats for Windows
[2019.10.13-22.22.19:727][  0]LogMemory: Process Physical Memory: 97.09 MB used, 97.09 MB peak
[2019.10.13-22.22.19:727][  0]LogMemory: Process Virtual Memory: 84.11 MB used, 84.11 MB peak
[2019.10.13-22.22.19:727][  0]LogMemory: Physical Memory: 6194.11 MB used,  10127.73 MB free, 16321.84 MB total
[2019.10.13-22.22.19:727][  0]LogMemory: Virtual Memory: 4625.97 MB used,  134213104.00 MB free, 134217728.00 MB total
[2019.10.13-22.22.20:332][  0]LogInit: Overriding language with editor language configuration option (en).
[2019.10.13-22.22.20:332][  0]LogInit: Overriding locale with editor locale configuration option (pt-BR).
[2019.10.13-22.22.21:032][  0]LogInit: Setting process to per monitor DPI aware
[2019.10.13-22.22.21:401][  0]LogSlate: New Slate User Created.  User Index 0, Is Virtual User: 0
[2019.10.13-22.22.21:401][  0]LogSlate: Slate User Registered.  User Index 0, Is Virtual User: 0
[2019.10.13-22.22.25:731][  0]LogHMD: Failed to initialize OpenVR with code 110
[2019.10.13-22.22.25:731][  0]LogD3D11RHI: D3D11 adapters:
[2019.10.13-22.22.25:830][  0]LogD3D11RHI:    0. 'NVIDIA GeForce GTX 1060 6GB' (Feature Level 11_0)
[2019.10.13-22.22.25:830][  0]LogD3D11RHI:       6052/0/8160 MB DedicatedVideo/DedicatedSystem/SharedSystem, Outputs:1, VendorId:0x10de
[2019.10.13-22.22.25:877][  0]LogD3D11RHI:    1. 'Microsoft Basic Render Driver' (Feature Level 11_0)
[2019.10.13-22.22.25:877][  0]LogD3D11RHI:       0/0/8160 MB DedicatedVideo/DedicatedSystem/SharedSystem, Outputs:0, VendorId:0x1414
[2019.10.13-22.22.25:877][  0]LogD3D11RHI: Chosen D3D11 Adapter: 0
[2019.10.13-22.22.25:886][  0]LogD3D11RHI: Creating new Direct3DDevice
[2019.10.13-22.22.25:886][  0]LogD3D11RHI:     GPU DeviceId: 0x1c03 (for the marketing name, search the web for "GPU Device Id")
[2019.10.13-22.22.25:896][  0]LogWindows: EnumDisplayDevices:
[2019.10.13-22.22.25:897][  0]LogWindows:    0. 'NVIDIA GeForce GTX 1060 6GB' (P:1 D:1)
[2019.10.13-22.22.25:897][  0]LogWindows:    1. 'NVIDIA GeForce GTX 1060 6GB' (P:0 D:0)
[2019.10.13-22.22.25:897][  0]LogWindows:    2. 'NVIDIA GeForce GTX 1060 6GB' (P:0 D:0)
[2019.10.13-22.22.25:897][  0]LogWindows:    3. 'NVIDIA GeForce GTX 1060 6GB' (P:0 D:0)
[2019.10.13-22.22.25:897][  0]LogWindows: DebugString: FoundDriverCount:4 
[2019.10.13-22.22.25:897][  0]LogD3D11RHI:     Adapter Name: NVIDIA GeForce GTX 1060 6GB
[2019.10.13-22.22.25:897][  0]LogD3D11RHI:   Driver Version: 436.30 (internal:26.21.14.3630, unified:436.30)
[2019.10.13-22.22.25:897][  0]LogD3D11RHI:      Driver Date: 9-5-2019
[2019.10.13-22.22.25:897][  0]LogRHI: Texture pool is 4236 MB (70% of 6052 MB)
[2019.10.13-22.22.25:972][  0]LogD3D11RHI: Async texture creation enabled
[2019.10.13-22.22.26:236][  0]LogRendererCore: FGlobalReadBuffer::InitRHI
[2019.10.13-22.22.26:243][  0]LogRendererCore: FGlobalReadBuffer::InitRHI
[2019.10.13-22.22.26:243][  0]LogRendererCore: FGlobalReadBuffer::InitRHI
[2019.10.13-22.22.26:284][  0]LogD3D11RHI: GPU Timing Frequency: 1000.000000 (Debug: 2 1)
[2019.10.13-22.22.27:350][  0]LogTemp: Display: Module 'AllDesktopTargetPlatform' loaded TargetPlatform 'AllDesktop'
[2019.10.13-22.22.27:385][  0]LogTemp: Display: Module 'MacClientTargetPlatform' loaded TargetPlatform 'MacClient'
[2019.10.13-22.22.27:405][  0]LogTemp: Display: Module 'MacNoEditorTargetPlatform' loaded TargetPlatform 'MacNoEditor'
[2019.10.13-22.22.27:425][  0]LogTemp: Display: Module 'MacServerTargetPlatform' loaded TargetPlatform 'MacServer'
[2019.10.13-22.22.27:475][  0]LogTemp: Display: Module 'MacTargetPlatform' loaded TargetPlatform 'Mac'
[2019.10.13-22.22.27:521][  0]LogTemp: Display: Module 'WindowsClientTargetPlatform' loaded TargetPlatform 'WindowsClient'
[2019.10.13-22.22.27:541][  0]LogTemp: Display: Module 'WindowsNoEditorTargetPlatform' loaded TargetPlatform 'WindowsNoEditor'
[2019.10.13-22.22.27:657][  0]LogTemp: Display: Module 'WindowsServerTargetPlatform' loaded TargetPlatform 'WindowsServer'
[2019.10.13-22.22.27:674][  0]LogTemp: Display: Module 'WindowsTargetPlatform' loaded TargetPlatform 'Windows'
[2019.10.13-22.22.27:816][  0]LogTemp: Display: Module 'AndroidTargetPlatform' loaded TargetPlatform 'Android'
[2019.10.13-22.22.27:816][  0]LogTemp: Display: Module 'AndroidTargetPlatform' loaded TargetPlatform 'Android_ASTC'
[2019.10.13-22.22.27:816][  0]LogTemp: Display: Module 'AndroidTargetPlatform' loaded TargetPlatform 'Android_ATC'
[2019.10.13-22.22.27:816][  0]LogTemp: Display: Module 'AndroidTargetPlatform' loaded TargetPlatform 'Android_DXT'
[2019.10.13-22.22.27:816][  0]LogTemp: Display: Module 'AndroidTargetPlatform' loaded TargetPlatform 'Android_ETC1'
[2019.10.13-22.22.27:816][  0]LogTemp: Display: Module 'AndroidTargetPlatform' loaded TargetPlatform 'Android_ETC1a'
[2019.10.13-22.22.27:816][  0]LogTemp: Display: Module 'AndroidTargetPlatform' loaded TargetPlatform 'Android_ETC2'
[2019.10.13-22.22.27:816][  0]LogTemp: Display: Module 'AndroidTargetPlatform' loaded TargetPlatform 'Android_PVRTC'
[2019.10.13-22.22.27:816][  0]LogTemp: Display: Module 'AndroidTargetPlatform' loaded TargetPlatform 'AndroidClient'
[2019.10.13-22.22.27:816][  0]LogTemp: Display: Module 'AndroidTargetPlatform' loaded TargetPlatform 'Android_ASTCClient'
[2019.10.13-22.22.27:816][  0]LogTemp: Display: Module 'AndroidTargetPlatform' loaded TargetPlatform 'Android_ATCClient'
[2019.10.13-22.22.27:816][  0]LogTemp: Display: Module 'AndroidTargetPlatform' loaded TargetPlatform 'Android_DXTClient'
[2019.10.13-22.22.27:816][  0]LogTemp: Display: Module 'AndroidTargetPlatform' loaded TargetPlatform 'Android_ETC1Client'
[2019.10.13-22.22.27:816][  0]LogTemp: Display: Module 'AndroidTargetPlatform' loaded TargetPlatform 'Android_ETC1aClient'
[2019.10.13-22.22.27:816][  0]LogTemp: Display: Module 'AndroidTargetPlatform' loaded TargetPlatform 'Android_ETC2Client'
[2019.10.13-22.22.27:816][  0]LogTemp: Display: Module 'AndroidTargetPlatform' loaded TargetPlatform 'Android_PVRTCClient'
[2019.10.13-22.22.27:816][  0]LogTemp: Display: Module 'AndroidTargetPlatform' loaded TargetPlatform 'Android_Multi'
[2019.10.13-22.22.27:816][  0]LogTemp: Display: Module 'AndroidTargetPlatform' loaded TargetPlatform 'Android_MultiClient'
[2019.10.13-22.22.27:835][  0]LogTemp: Display: Module 'HTML5TargetPlatform' loaded TargetPlatform 'HTML5'
[2019.10.13-22.22.27:999][  0]LogTemp: Display: Module 'IOSTargetPlatform' loaded TargetPlatform 'IOSClient'
[2019.10.13-22.22.27:999][  0]LogTemp: Display: Module 'IOSTargetPlatform' loaded TargetPlatform 'IOS'
[2019.10.13-22.22.28:075][  0]LogTemp: Display: Module 'TVOSTargetPlatform' loaded TargetPlatform 'TVOSClient'
[2019.10.13-22.22.28:075][  0]LogTemp: Display: Module 'TVOSTargetPlatform' loaded TargetPlatform 'TVOS'
[2019.10.13-22.22.28:112][  0]LogTemp: Display: Module 'LinuxClientTargetPlatform' loaded TargetPlatform 'LinuxClient'
[2019.10.13-22.22.28:137][  0]LogTemp: Display: Module 'LinuxNoEditorTargetPlatform' loaded TargetPlatform 'LinuxNoEditor'
[2019.10.13-22.22.28:159][  0]LogTemp: Display: Module 'LinuxServerTargetPlatform' loaded TargetPlatform 'LinuxServer'
[2019.10.13-22.22.28:203][  0]LogTemp: Display: Module 'LinuxTargetPlatform' loaded TargetPlatform 'Linux'
[2019.10.13-22.22.28:286][  0]LogTemp: Display: Module 'LuminTargetPlatform' loaded TargetPlatform 'Lumin'
[2019.10.13-22.22.28:286][  0]LogTemp: Display: Module 'LuminTargetPlatform' loaded TargetPlatform 'LuminClient'
[2019.10.13-22.22.28:286][  0]LogTargetPlatformManager: Display: Building Assets For Windows
[2019.10.13-22.22.28:454][  0]LogAudioDebug: Display: Lib vorbis DLL was dynamically loaded.
[2019.10.13-22.22.28:957][  0]LogShaderCompilers: Guid format shader working directory is -22 characters bigger than the processId version (../../../../../../Users/yagoc/Documents/GitHub/Virtual-Lab/VirtuaLab/Intermediate/Shaders/WorkingDirectory/3868/).
[2019.10.13-22.22.28:958][  0]LogShaderCompilers: Cleaned the shader compiler working directory 'C:/Users/yagoc/AppData/Local/Temp/UnrealShaderWorkingDir/414421604149D317F59C72A8924561F3/'.
[2019.10.13-22.22.28:974][  0]LogXGEController: Cleaning working directory: C:/Users/yagoc/AppData/Local/Temp/UnrealXGEWorkingDir/
[2019.10.13-22.22.28:974][  0]LogXGEController: Cannot use XGE Controller as Incredibuild is not installed on this machine.
[2019.10.13-22.22.28:975][  0]LogShaderCompilers: Cannot use XGE Shader Compiler as Incredibuild is not installed on this machine.
[2019.10.13-22.22.28:975][  0]LogShaderCompilers: Display: Using Local Shader Compiler.
[2019.10.13-22.22.34:960][  0]LogDerivedDataCache: Display: Max Cache Size: 512 MB
[2019.10.13-22.22.35:496][  0]LogDerivedDataCache: Loaded boot cache 0.54s 82MB C:/Users/yagoc/AppData/Local/UnrealEngine/4.22/DerivedDataCache/Boot.ddc.
[2019.10.13-22.22.35:496][  0]LogDerivedDataCache: Display: Loaded Boot cache: C:/Users/yagoc/AppData/Local/UnrealEngine/4.22/DerivedDataCache/Boot.ddc
[2019.10.13-22.22.35:496][  0]LogDerivedDataCache: FDerivedDataBackendGraph:  Pak pak cache file ../../../../../../Users/yagoc/Documents/GitHub/Virtual-Lab/VirtuaLab/DerivedDataCache/DDC.ddp not found, will not use a pak cache.
[2019.10.13-22.22.35:496][  0]LogDerivedDataCache: Unable to find inner node Pak for hierarchical cache Hierarchy.
[2019.10.13-22.22.35:496][  0]LogDerivedDataCache: FDerivedDataBackendGraph:  CompressedPak pak cache file ../../../../../../Users/yagoc/Documents/GitHub/Virtual-Lab/VirtuaLab/DerivedDataCache/Compressed.ddp not found, will not use a pak cache.
[2019.10.13-22.22.35:496][  0]LogDerivedDataCache: Unable to find inner node CompressedPak for hierarchical cache Hierarchy.
[2019.10.13-22.22.35:568][  0]LogDerivedDataCache: Display: Pak cache opened for reading ../../../Engine/DerivedDataCache/Compressed.ddp.
[2019.10.13-22.22.35:568][  0]LogDerivedDataCache: FDerivedDataBackendGraph:  EnterprisePak pak cache file ../../../Enterprise/DerivedDataCache/Compressed.ddp not found, will not use a pak cache.
[2019.10.13-22.22.35:568][  0]LogDerivedDataCache: Unable to find inner node EnterprisePak for hierarchical cache Hierarchy.
[2019.10.13-22.22.35:581][  0]LogDerivedDataCache: Using Local data cache path C:/Users/yagoc/AppData/Local/UnrealEngine/Common/DerivedDataCache: Writable
[2019.10.13-22.22.35:581][  0]LogDerivedDataCache: Shared data cache path not found in *engine.ini, will not use an Shared cache.
[2019.10.13-22.22.35:581][  0]LogDerivedDataCache: Unable to find inner node Shared for hierarchical cache Hierarchy.
[2019.10.13-22.22.35:640][  0]LogMaterial: Verifying Global Shaders for PCD3D_SM5
[2019.10.13-22.22.35:702][  0]LogSlate: Using FreeType 2.6.0
[2019.10.13-22.22.35:783][  0]LogSlate: SlateFontServices - WITH_FREETYPE: 1, WITH_HARFBUZZ: 1
[2019.10.13-22.22.37:333][  0]LogAssetRegistry: FAssetRegistry took 0.0413 seconds to start up
[2019.10.13-22.22.42:364][  0]LogInit: Selected Device Profile: [Windows]
[2019.10.13-22.22.43:645][  0]LogMeshReduction: Using QuadricMeshReduction for automatic static mesh reduction
[2019.10.13-22.22.43:645][  0]LogMeshReduction: Using SimplygonMeshReduction for automatic skeletal mesh reduction
[2019.10.13-22.22.43:645][  0]LogMeshReduction: Using ProxyLODMeshReduction for automatic mesh merging
[2019.10.13-22.22.43:645][  0]LogMeshReduction: No distributed automatic mesh merging module available
[2019.10.13-22.22.43:646][  0]LogMeshMerging: No distributed automatic mesh merging module available
[2019.10.13-22.22.44:031][  0]LogNetVersion: VirtuaLab 1.0.0, NetCL: 5660361, EngineNetVer: 10, GameNetVer: 0 (Checksum: 1699588597)
[2019.10.13-22.22.45:256][  0]LogObj: Error: LoadConfig (/Script/Engine.Default__RendererSettings): import failed for bEnableAlphaChannelInPostProcessing in: False
[2019.10.13-22.22.49:892][  0]LogPackageLocalizationCache: Processed 11 localized package path(s) for 1 prioritized culture(s) in 0.082191 seconds
[2019.10.13-22.22.49:900][  0]LogUObjectArray: 42898 objects as part of root set at end of initial load.
[2019.10.13-22.22.49:901][  0]LogUObjectAllocator: 7514664 out of 0 bytes used by permanent object pool.
[2019.10.13-22.22.49:901][  0]LogUObjectArray: CloseDisregardForGC: 0/0 objects in disregard for GC pool
[2019.10.13-22.23.06:224][  0]LogTcpMessaging: Initializing TcpMessaging bridge
[2019.10.13-22.23.06:254][  0]LogUdpMessaging: Initializing bridge on interface 0.0.0.0:0 to multicast group 230.0.0.1:6666.
[2019.10.13-22.23.06:787][  0]SourceControl: Source control is disabled
[2019.10.13-22.23.06:804][  0]SourceControl: Source control is disabled
[2019.10.13-22.23.06:850][  0]SourceControl: Source control is disabled
[2019.10.13-22.23.06:930][  0]SourceControl: Source control is disabled
[2019.10.13-22.23.07:653][  0]LogAndroidPermission: UAndroidPermissionCallbackProxy::GetInstance
[2019.10.13-22.23.08:049][  0]LogOcInput: OculusInput pre-init called
[2019.10.13-22.23.09:907][  0]LogEngine: Initializing Engine...
[2019.10.13-22.23.15:733][  0]LogHMD: GoogleVR API created
[2019.10.13-22.23.15:780][  0]LogStats: UGameplayTagsManager::InitializeManager -  0.027 s
[2019.10.13-22.23.17:110][  0]LogInit: Initializing FReadOnlyCVARCache
[2019.10.13-22.23.17:472][  0]LogAIModule: Creating AISystem for world Untitled
[2019.10.13-22.23.17:704][  0]LogInit: XAudio2 using 'Alto-falantes (Razer Surround Audio Controller)' : 6 channels at 48 kHz using 16 bits per sample (channel mask 0x3f)
[2019.10.13-22.23.17:755][  0]LogInit: FAudioDevice initialized.
[2019.10.13-22.23.17:755][  0]LogNetVersion: Set ProjectVersion to 1.0.0.0. Version Checksum will be recalculated on next use.
[2019.10.13-22.23.18:072][  0]LogDerivedDataCache: Saved boot cache 0.32s 72MB C:/Users/yagoc/AppData/Local/UnrealEngine/4.22/DerivedDataCache/Boot.ddc.
[2019.10.13-22.23.18:078][  0]LogInit: Texture streaming: Enabled
[2019.10.13-22.23.18:304][  0]LogEngineSessionManager: EngineSessionManager initialized
[2019.10.13-22.23.19:074][  0]LogInit: Transaction tracking system initialized
[2019.10.13-22.23.20:474][  0]BlueprintLog: New page: Editor Load
[2019.10.13-22.23.24:132][  0]LocalizationService: Localization service is disabled
[2019.10.13-22.23.35:931][  0]LogFileCache: Scanning file cache for directory 'C:/Users/yagoc/Documents/GitHub/Virtual-Lab/VirtuaLab/Content/' took 0.03s
[2019.10.13-22.23.35:931][  0]LogCook: Display: Max memory allowance for cook 16384mb min free memory 0mb
[2019.10.13-22.23.35:931][  0]LogCook: Display: Mobile HDR setting 0
[2019.10.13-22.23.45:593][  0]SourceControl: Source control is disabled
[2019.10.13-22.23.45:669][  0]Cmd: MAP LOAD FILE="../../../../../../Users/yagoc/Documents/GitHub/Virtual-Lab/VirtuaLab/Content/GoogleVR_Pawn/GoogleVRMotionControlerMap.umap" TEMPLATE=0 SHOWPROGRESS=1 FEATURELEVEL=3
[2019.10.13-22.23.45:785][  0]LightingResults: New page: Lighting Build
[2019.10.13-22.23.46:174][  0]MapCheck: New page: Map Check
[2019.10.13-22.23.46:174][  0]LightingResults: New page: Lighting Build
[2019.10.13-22.23.46:698][  0]LogUObjectHash: Compacting FUObjectHashTables data took  53.93ms
[2019.10.13-22.24.03:022][  0]LogAIModule: Creating AISystem for world GoogleVRMotionControlerMap
[2019.10.13-22.24.04:015][  0]LogEditorServer: Finished looking for orphan Actors (0.000 secs)
[2019.10.13-22.24.04:152][  0]LogUObjectHash: Compacting FUObjectHashTables data took   2.65ms
[2019.10.13-22.24.04:152][  0]Cmd: MAP CHECKDEP NOCLEARLOG
[2019.10.13-22.24.04:189][  0]MapCheck: Map check complete: 0 Error(s), 0 Warning(s), took 0,158ms to complete.
[2019.10.13-22.24.04:189][  0]LogFileHelpers: Loading map 'GoogleVRMotionControlerMap' took 18.521
[2019.10.13-22.24.06:519][  0]LogCollectionManager: Loaded 0 collections in 0.002105 seconds
[2019.10.13-22.24.06:907][  0]LogFileCache: Scanning file cache for directory 'C:/Users/yagoc/Documents/GitHub/Virtual-Lab/VirtuaLab/Saved/Collections/' took 0.01s
[2019.10.13-22.24.06:907][  0]LogFileCache: Scanning file cache for directory 'C:/Users/yagoc/Documents/GitHub/Virtual-Lab/VirtuaLab/Content/Developers/yagoc/Collections/' took 0.01s
[2019.10.13-22.24.06:907][  0]LogFileCache: Scanning file cache for directory 'C:/Users/yagoc/Documents/GitHub/Virtual-Lab/VirtuaLab/Content/Collections/' took 0.00s
[2019.10.13-22.24.06:907][  0]LogCollectionManager: Rebuilt the GUID cache for 0 collections in 0.000000 seconds
[2019.10.13-22.24.06:942][  0]LogContentBrowser: Native class hierarchy populated in 0.0326 seconds. Added 2748 classes and 670 folders.
[2019.10.13-22.24.07:118][  0]LogContentBrowser: Native class hierarchy updated for 'WidgetCarousel' in 0.0004 seconds. Added 0 classes and 0 folders.
[2019.10.13-22.24.07:367][  0]LogPakFile: Registered encryption key '00000000000000000000000000000000': 0 pak files mounted, 0 remain pending
[2019.10.13-22.24.07:398][  0]LogPakFile: Registered encryption key '00000000000000000000000000000000': 0 pak files mounted, 0 remain pending
[2019.10.13-22.24.07:498][  0]LogPakFile: Registered encryption key '00000000000000000000000000000000': 0 pak files mounted, 0 remain pending
[2019.10.13-22.24.07:657][  0]LogPakFile: Registered encryption key '00000000000000000000000000000000': 0 pak files mounted, 0 remain pending
[2019.10.13-22.24.07:681][  0]LogPakFile: Registered encryption key '00000000000000000000000000000000': 0 pak files mounted, 0 remain pending
[2019.10.13-22.24.07:736][  0]LogPakFile: Registered encryption key '00000000000000000000000000000000': 0 pak files mounted, 0 remain pending
[2019.10.13-22.24.07:877][  0]LogPakFile: Registered encryption key '00000000000000000000000000000000': 0 pak files mounted, 0 remain pending
[2019.10.13-22.24.07:947][  0]LogPakFile: Registered encryption key '00000000000000000000000000000000': 0 pak files mounted, 0 remain pending
[2019.10.13-22.24.07:971][  0]LogPakFile: Registered encryption key '00000000000000000000000000000000': 0 pak files mounted, 0 remain pending
[2019.10.13-22.24.08:101][  0]LogPakFile: Registered encryption key '00000000000000000000000000000000': 0 pak files mounted, 0 remain pending
[2019.10.13-22.24.08:163][  0]LogPakFile: Registered encryption key '00000000000000000000000000000000': 0 pak files mounted, 0 remain pending
[2019.10.13-22.24.08:204][  0]LogPakFile: Registered encryption key '00000000000000000000000000000000': 0 pak files mounted, 0 remain pending
[2019.10.13-22.24.08:303][  0]LogPakFile: Registered encryption key '00000000000000000000000000000000': 0 pak files mounted, 0 remain pending
[2019.10.13-22.24.08:362][  0]LogPakFile: Registered encryption key '00000000000000000000000000000000': 0 pak files mounted, 0 remain pending
[2019.10.13-22.24.08:421][  0]LogPakFile: Registered encryption key '00000000000000000000000000000000': 0 pak files mounted, 0 remain pending
[2019.10.13-22.24.08:451][  0]LogPakFile: Registered encryption key '00000000000000000000000000000000': 0 pak files mounted, 0 remain pending
[2019.10.13-22.24.08:526][  0]LogPakFile: Registered encryption key '00000000000000000000000000000000': 0 pak files mounted, 0 remain pending
[2019.10.13-22.24.08:561][  0]LogPakFile: Registered encryption key '00000000000000000000000000000000': 0 pak files mounted, 0 remain pending
[2019.10.13-22.24.08:644][  0]LogPakFile: Registered encryption key '00000000000000000000000000000000': 0 pak files mounted, 0 remain pending
[2019.10.13-22.24.08:711][  0]LogPakFile: Registered encryption key '00000000000000000000000000000000': 0 pak files mounted, 0 remain pending
[2019.10.13-22.24.08:792][  0]LogPakFile: Registered encryption key '00000000000000000000000000000000': 0 pak files mounted, 0 remain pending
[2019.10.13-22.24.08:825][  0]LogPakFile: Registered encryption key '00000000000000000000000000000000': 0 pak files mounted, 0 remain pending
[2019.10.13-22.24.08:903][  0]LogPakFile: Registered encryption key '00000000000000000000000000000000': 0 pak files mounted, 0 remain pending
[2019.10.13-22.24.08:965][  0]LogPakFile: Registered encryption key '00000000000000000000000000000000': 0 pak files mounted, 0 remain pending
[2019.10.13-22.24.09:096][  0]LogPakFile: Registered encryption key '00000000000000000000000000000000': 0 pak files mounted, 0 remain pending
[2019.10.13-22.24.09:130][  0]LogPakFile: Registered encryption key '00000000000000000000000000000000': 0 pak files mounted, 0 remain pending
[2019.10.13-22.24.12:156][  0]LogContentBrowser: Native class hierarchy updated for 'AddContentDialog' in 0.0005 seconds. Added 0 classes and 0 folders.
[2019.10.13-22.24.12:602][  0]LogSlate: Updating window title bar state: overlay mode, drag disabled, window buttons hidden, title bar hidden
[2019.10.13-22.24.12:650][  0]LogSlate: Updating window title bar state: overlay mode, drag disabled, window buttons hidden, title bar hidden
[2019.10.13-22.24.12:659][  0]LogSlate: Updating window title bar state: overlay mode, drag disabled, window buttons hidden, title bar hidden
[2019.10.13-22.24.12:668][  0]LogSlate: Updating window title bar state: overlay mode, drag disabled, window buttons hidden, title bar hidden
[2019.10.13-22.24.12:957][  0]LogSlate: Took 0.051247 seconds to synchronously load lazily loaded font '../../../Engine/Content/Slate/Fonts/Roboto-Regular.ttf' (155K)
[2019.10.13-22.24.12:988][  0]LogSlate: Took 0.027167 seconds to synchronously load lazily loaded font '../../../Engine/Content/Slate/Fonts/Roboto-Bold.ttf' (160K)
[2019.10.13-22.24.13:379][  0]LogRenderer: Reallocating scene render targets to support 1516x924 Format 9 NumSamples 1 (Frame:1).
[2019.10.13-22.24.13:754][  0]LogProfilingDebugging: Allocated a 1515 x 921 texture for HMD canvas layer
[2019.10.13-22.24.14:147][  0]LogContentBrowser: Native class hierarchy updated for 'HierarchicalLODOutliner' in 0.0004 seconds. Added 0 classes and 0 folders.
[2019.10.13-22.24.14:147][  0]LogLoad: (Engine Initialization) Total time: 135.01 seconds
[2019.10.13-22.24.14:147][  0]LogLoad: (Engine Initialization) Total Blueprint compile time: 0.00 seconds
[2019.10.13-22.24.14:228][  0]LogGoogleVRController: Creating Input Device: GoogleVRController -- Supported
[2019.10.13-22.24.14:228][  0]LogGoogleVRController: Successfully initialized GoogleVR Controller.
[2019.10.13-22.24.14:495][  0]LogContentStreaming: Texture pool size now 600 MB
[2019.10.13-22.24.14:599][  2]LogAssetRegistry: Asset discovery search completed in 97.2904 seconds
[2019.10.13-22.24.14:646][  2]LogCollectionManager: Rebuilt the object cache for 0 collections in 0.000001 seconds (found 0 objects)
[2019.10.13-22.24.14:646][  2]LogCollectionManager: Fixed up redirectors for 0 collections in 0.000063 seconds (updated 0 objects)
[2019.10.13-22.25.11:643][541]LogEditorViewport: Clicking on Actor (LMB): StaticMeshActor (Electron_Microscope_Desk)
[2019.10.13-22.25.12:049][541]LogSlate: Took 0.018219 seconds to synchronously load lazily loaded font '../../../Engine/Content/Editor/Slate/Fonts/FontAwesome.ttf' (139K)
[2019.10.13-22.25.12:724][566]LogEditorViewport: Clicking on Actor (LMB): StaticMeshActor (Electron_Microscope_Desk)
[2019.10.13-22.25.13:227][595]LogEditorViewport: Clicking on Actor (LMB): StaticMeshActor (Electron_Microscope_Desk)
[2019.10.13-22.25.13:980][639]LogEditorViewport: Clicking on Actor (LMB): StaticMeshActor (Electron_Microscope_Desk)
[2019.10.13-22.25.28:081][787]LogSlate: FSceneViewport::OnFocusLost() reason 0
[2019.10.13-22.25.28:171][788]LogUObjectHash: Compacting FUObjectHashTables data took   0.83ms
[2019.10.13-22.25.28:242][788]LogSlate: Window 'VirtuaLab - Unreal Editor' being destroyed
[2019.10.13-22.25.28:253][788]LogWindowsTextInputMethodSystem: Display: IME system now deactivated.
[2019.10.13-22.25.28:647][789]Cmd: QUIT_EDITOR
[2019.10.13-22.25.28:904][789]LogExit: Preparing to exit.
[2019.10.13-22.25.29:610][789]LogExit: Editor shut down
[2019.10.13-22.25.29:611][789]LogExit: Transaction tracking system shut down
[2019.10.13-22.25.30:275][789]LogExit: Object subsystem successfully closed.
[2019.10.13-22.25.30:467][789]LogShaderCompilers: Display: Shaders left to compile 0
[2019.10.13-22.25.30:479][789]LogD3D11RHI: Shutdown
[2019.10.13-22.25.30:479][789]LogD3D11RHI: CleanupD3DDevice
[2019.10.13-22.25.30:512][789]LogRendererCore: FGlobalReadBuffer::ReleaseRHI
[2019.10.13-22.25.30:513][789]LogRendererCore: FGlobalDynamicReadBuffer::Cleanup()
[2019.10.13-22.25.30:513][789]LogRendererCore: FGlobalReadBuffer::ReleaseRHI
[2019.10.13-22.25.30:513][789]LogRendererCore: FGlobalDynamicReadBuffer::Cleanup()
[2019.10.13-22.25.30:513][789]LogRendererCore: FGlobalReadBuffer::ReleaseRHI
[2019.10.13-22.25.30:513][789]LogRendererCore: FGlobalDynamicReadBuffer::Cleanup()
[2019.10.13-22.25.30:617][789]LogD3D11RHI: ~FD3D11DynamicRHI
[2019.10.13-22.25.30:891][789]LogModuleManager: Shutting down and abandoning module HierarchicalLODOutliner (648)
[2019.10.13-22.25.30:891][789]LogModuleManager: Shutting down and abandoning module AddContentDialog (646)
[2019.10.13-22.25.30:892][789]LogModuleManager: Shutting down and abandoning module WidgetCarousel (645)
[2019.10.13-22.25.30:892][789]LogModuleManager: Shutting down and abandoning module EditorWidgets (642)
[2019.10.13-22.25.30:892][789]LogModuleManager: Shutting down and abandoning module CollectionManager (640)
[2019.10.13-22.25.30:892][789]LogModuleManager: Shutting down and abandoning module SceneOutliner (638)
[2019.10.13-22.25.30:892][789]LogModuleManager: Shutting down and abandoning module StatsViewer (636)
[2019.10.13-22.25.30:892][789]LogModuleManager: Shutting down and abandoning module FoliageEdit (634)
[2019.10.13-22.25.30:892][789]LogModuleManager: Shutting down and abandoning module LandscapeEditor (632)
[2019.10.13-22.25.30:905][789]LogModuleManager: Shutting down and abandoning module MeshPaintMode (630)
[2019.10.13-22.25.30:906][789]LogModuleManager: Shutting down and abandoning module SceneDepthPickerMode (628)
[2019.10.13-22.25.30:906][789]LogModuleManager: Shutting down and abandoning module ActorPickerMode (626)
[2019.10.13-22.25.30:906][789]LogModuleManager: Shutting down and abandoning module GeometryMode (624)
[2019.10.13-22.25.30:906][789]LogModuleManager: Shutting down and abandoning module TextureAlignMode (622)
[2019.10.13-22.25.30:906][789]LogModuleManager: Shutting down and abandoning module BspMode (620)
[2019.10.13-22.25.30:910][789]LogModuleManager: Shutting down and abandoning module PIEPreviewDeviceProfileSelector (618)
[2019.10.13-22.25.30:910][789]LogModuleManager: Shutting down and abandoning module SequenceRecorderSections (616)
[2019.10.13-22.25.30:910][789]LogModuleManager: Shutting down and abandoning module AutomationWorker (614)
[2019.10.13-22.25.30:910][789]LogModuleManager: Shutting down and abandoning module OculusMR (612)
[2019.10.13-22.25.30:910][789]LogModuleManager: Shutting down and abandoning module AudioCaptureEditor (610)
[2019.10.13-22.25.30:910][789]LogModuleManager: Shutting down and abandoning module MatineeToLevelSequence (608)
[2019.10.13-22.25.30:910][789]LogModuleManager: Shutting down and abandoning module LevelSequenceEditor (606)
[2019.10.13-22.25.30:927][789]LogModuleManager: Shutting down and abandoning module PlacementMode (605)
[2019.10.13-22.25.30:927][789]LogModuleManager: Shutting down and abandoning module MaterialEditor (604)
[2019.10.13-22.25.30:939][789]LogModuleManager: Shutting down and abandoning module ActorSequenceEditor (600)
[2019.10.13-22.25.30:939][789]LogModuleManager: Shutting down and abandoning module WmfMediaFactory (598)
[2019.10.13-22.25.30:939][789]LogModuleManager: Shutting down and abandoning module WmfMediaEditor (596)
[2019.10.13-22.25.30:939][789]LogModuleManager: Shutting down and abandoning module WebMMediaFactory (594)
[2019.10.13-22.25.30:939][789]LogModuleManager: Shutting down and abandoning module WebMMediaEditor (592)
[2019.10.13-22.25.30:939][789]LogModuleManager: Shutting down and abandoning module WebMMedia (590)
[2019.10.13-22.25.30:939][789]LogModuleManager: Shutting down and abandoning module MediaPlayerEditor (588)
[2019.10.13-22.25.30:939][789]LogModuleManager: Shutting down and abandoning module MediaCompositingEditor (586)
[2019.10.13-22.25.30:948][789]LogModuleManager: Shutting down and abandoning module SequenceRecorder (585)
[2019.10.13-22.25.30:949][789]LogModuleManager: Shutting down and abandoning module OpenExrWrapper (582)
[2019.10.13-22.25.30:949][789]LogModuleManager: Shutting down and abandoning module ImgMediaFactory (580)
[2019.10.13-22.25.30:949][789]LogModuleManager: Shutting down and abandoning module ImgMediaEditor (578)
[2019.10.13-22.25.30:949][789]LogModuleManager: Shutting down and abandoning module AvfMediaFactory (576)
[2019.10.13-22.25.30:949][789]LogModuleManager: Shutting down and abandoning module AvfMediaEditor (574)
[2019.10.13-22.25.30:949][789]LogModuleManager: Shutting down and abandoning module AndroidMediaFactory (572)
[2019.10.13-22.25.30:949][789]LogModuleManager: Shutting down and abandoning module AndroidMediaEditor (570)
[2019.10.13-22.25.30:949][789]LogModuleManager: Shutting down and abandoning module MagicLeapCameraPreviewFactory (568)
[2019.10.13-22.25.30:949][789]LogModuleManager: Shutting down and abandoning module MagicLeapMediaCodecFactory (566)
[2019.10.13-22.25.30:949][789]LogModuleManager: Shutting down and abandoning module MagicLeapMediaFactory (564)
[2019.10.13-22.25.30:949][789]LogModuleManager: Shutting down and abandoning module MagicLeapMediaEditor (562)
[2019.10.13-22.25.30:949][789]LogModuleManager: Shutting down and abandoning module CharacterAI (560)
[2019.10.13-22.25.30:949][789]LogModuleManager: Shutting down and abandoning module SmartSnapping (558)
[2019.10.13-22.25.30:949][789]LogModuleManager: Shutting down and abandoning module SessionServices (556)
[2019.10.13-22.25.30:949][789]LogModuleManager: Shutting down and abandoning module MeshPaint (554)
[2019.10.13-22.25.30:949][789]LogModuleManager: Shutting down and abandoning module ViewportSnapping (552)
[2019.10.13-22.25.30:949][789]LogModuleManager: Shutting down and abandoning module ViewportInteraction (550)
[2019.10.13-22.25.30:949][789]LogModuleManager: Shutting down and abandoning module ClothPainter (548)
[2019.10.13-22.25.30:953][789]LogModuleManager: Shutting down and abandoning module SkeletalMeshEditor (547)
[2019.10.13-22.25.30:964][789]LogModuleManager: Shutting down and abandoning module LogVisualizer (544)
[2019.10.13-22.25.30:964][789]LogModuleManager: Shutting down and abandoning module IntroTutorials (542)
[2019.10.13-22.25.30:977][789]LogModuleManager: Shutting down and abandoning module GameProjectGeneration (541)
[2019.10.13-22.25.30:989][789]LogModuleManager: Shutting down and abandoning module LuminPlatformEditor (538)
[2019.10.13-22.25.30:989][789]LogModuleManager: Shutting down and abandoning module IOSPlatformEditor (536)
[2019.10.13-22.25.30:989][789]LogModuleManager: Shutting down and abandoning module HTML5PlatformEditor (534)
[2019.10.13-22.25.30:989][789]LogModuleManager: Shutting down and abandoning module AndroidPlatformEditor (532)
[2019.10.13-22.25.30:989][789]LogModuleManager: Shutting down and abandoning module AndroidDeviceDetection (531)
[2019.10.13-22.25.35:089][789]LogModuleManager: Shutting down and abandoning module WindowsPlatformEditor (528)
[2019.10.13-22.25.35:089][789]LogModuleManager: Shutting down and abandoning module LuminRuntimeSettings (526)
[2019.10.13-22.25.35:089][789]LogModuleManager: Shutting down and abandoning module IOSRuntimeSettings (524)
[2019.10.13-22.25.35:089][789]LogModuleManager: Shutting down and abandoning module AndroidRuntimeSettings (522)
[2019.10.13-22.25.35:089][789]LogModuleManager: Shutting down and abandoning module TimeManagementEditor (520)
[2019.10.13-22.25.35:089][789]LogModuleManager: Shutting down and abandoning module InputBindingEditor (518)
[2019.10.13-22.25.35:111][789]LogModuleManager: Shutting down and abandoning module MergeActors (516)
[2019.10.13-22.25.35:111][789]LogModuleManager: Shutting down and abandoning module LocalizationDashboard (514)
[2019.10.13-22.25.35:111][789]LogModuleManager: Shutting down and abandoning module LocalizationService (513)
[2019.10.13-22.25.35:111][789]LogModuleManager: Shutting down and abandoning module HardwareTargeting (510)
[2019.10.13-22.25.35:111][789]LogModuleManager: Shutting down and abandoning module DeviceProfileEditor (508)
[2019.10.13-22.25.35:111][789]LogModuleManager: Shutting down and abandoning module UndoHistory (506)
[2019.10.13-22.25.35:116][789]LogModuleManager: Shutting down and abandoning module XmlParser (504)
[2019.10.13-22.25.35:116][789]LogModuleManager: Shutting down and abandoning module Blutility (502)
[2019.10.13-22.25.35:116][789]LogModuleManager: Shutting down and abandoning module ProjectSettingsViewer (500)
[2019.10.13-22.25.35:116][789]LogModuleManager: Shutting down and abandoning module ProjectTargetPlatformEditor (499)
[2019.10.13-22.25.35:116][789]LogModuleManager: Shutting down and abandoning module EditorSettingsViewer (496)
[2019.10.13-22.25.35:116][789]LogModuleManager: Shutting down and abandoning module SettingsEditor (494)
[2019.10.13-22.25.35:116][789]LogModuleManager: Shutting down and abandoning module ProjectLauncher (492)
[2019.10.13-22.25.35:129][789]LogModuleManager: Shutting down and abandoning module SessionFrontend (490)
[2019.10.13-22.25.35:129][789]LogModuleManager: Shutting down and abandoning module ProfilerClient (488)
[2019.10.13-22.25.35:140][789]LogModuleManager: Shutting down and abandoning module DeviceManager (486)
[2019.10.13-22.25.35:140][789]LogModuleManager: Shutting down and abandoning module TargetDeviceServices (485)
[2019.10.13-22.25.35:184][789]LogModuleManager: Shutting down and abandoning module AutomationController (482)
[2019.10.13-22.25.35:199][789]LogModuleManager: Shutting down and abandoning module AutomationWindow (480)
[2019.10.13-22.25.35:214][789]LogModuleManager: Shutting down and abandoning module Layers (478)
[2019.10.13-22.25.35:228][789]LogModuleManager: Shutting down and abandoning module ComponentVisualizers (476)
[2019.10.13-22.25.35:228][789]LogModuleManager: Shutting down and abandoning module DetailCustomizations (474)
[2019.10.13-22.25.35:228][789]LogModuleManager: Shutting down and abandoning module PackagesDialog (472)
[2019.10.13-22.25.35:234][789]LogModuleManager: Shutting down and abandoning module AnimationBlueprintEditor (470)
[2019.10.13-22.25.35:245][789]LogModuleManager: Shutting down and abandoning module Persona (468)
[2019.10.13-22.25.35:251][789]LogModuleManager: Shutting down and abandoning module AdvancedPreviewScene (467)
[2019.10.13-22.25.35:251][789]LogModuleManager: Shutting down and abandoning module AnimGraph (465)
[2019.10.13-22.25.35:252][789]LogModuleManager: Shutting down and abandoning module Kismet (462)
[2019.10.13-22.25.35:261][789]LogModuleManager: Shutting down and abandoning module GraphEditor (460)
[2019.10.13-22.25.35:284][789]LogModuleManager: Shutting down and abandoning module ClassViewer (458)
[2019.10.13-22.25.35:285][789]LogModuleManager: Shutting down and abandoning module Toolbox (456)
[2019.10.13-22.25.35:285][789]LogModuleManager: Shutting down and abandoning module DesktopPlatform (455)
[2019.10.13-22.25.35:285][789]LogModuleManager: Shutting down and abandoning module ModuleUI (452)
[2019.10.13-22.25.35:291][789]LogModuleManager: Shutting down and abandoning module MovieSceneTools (450)
[2019.10.13-22.25.35:291][789]LogModuleManager: Shutting down and abandoning module OutputLog (448)
[2019.10.13-22.25.35:291][789]LogModuleManager: Shutting down and abandoning module GammaUI (446)
[2019.10.13-22.25.35:294][789]LogModuleManager: Shutting down and abandoning module Documentation (444)
[2019.10.13-22.25.35:294][789]LogModuleManager: Shutting down and abandoning module LiveCoding (442)
[2019.10.13-22.25.35:309][789]LogModuleManager: Shutting down and abandoning module LevelSequence (440)
[2019.10.13-22.25.35:309][789]LogModuleManager: Shutting down and abandoning module MovieSceneTracks (438)
[2019.10.13-22.25.35:309][789]LogModuleManager: Shutting down and abandoning module MovieScene (436)
[2019.10.13-22.25.35:309][789]LogModuleManager: Shutting down and abandoning module StreamingPauseRendering (434)
[2019.10.13-22.25.35:309][789]LogModuleManager: Shutting down and abandoning module LauncherPlatform (432)
[2019.10.13-22.25.35:309][789]LogModuleManager: Shutting down and abandoning module AnalyticsET (430)
[2019.10.13-22.25.35:309][789]LogModuleManager: Shutting down and abandoning module PortalServices (428)
[2019.10.13-22.25.35:309][789]LogModuleManager: Shutting down and abandoning module PortalRpc (426)
[2019.10.13-22.25.35:309][789]LogModuleManager: Shutting down and abandoning module MessagingRpc (424)
[2019.10.13-22.25.35:309][789]LogModuleManager: Shutting down and abandoning module AIModule (422)
[2019.10.13-22.25.35:309][789]LogModuleManager: Shutting down and abandoning module GameplayDebugger (421)
[2019.10.13-22.25.35:309][789]LogModuleManager: Shutting down and abandoning module AITestSuite (419)
[2019.10.13-22.25.35:309][789]LogModuleManager: Shutting down and abandoning module NavigationSystem (417)
[2019.10.13-22.25.35:309][789]LogModuleManager: Shutting down and abandoning module ImageWriteQueue (414)
[2019.10.13-22.25.35:312][789]LogModuleManager: Shutting down and abandoning module ProfilerService (412)
[2019.10.13-22.25.35:548][789]LogModuleManager: Shutting down and abandoning module TaskGraph (410)
[2019.10.13-22.25.35:552][789]LogModuleManager: Shutting down and abandoning module SteamVRController (408)
[2019.10.13-22.25.35:553][789]LogModuleManager: Shutting down and abandoning module ProceduralMeshComponentEditor (406)
[2019.10.13-22.25.35:553][789]LogModuleManager: Shutting down and abandoning module ProceduralMeshComponent (404)
[2019.10.13-22.25.35:553][789]LogModuleManager: Shutting down and abandoning module OculusEditor (402)
[2019.10.13-22.25.35:553][789]LogModuleManager: Shutting down and abandoning module OculusInput (400)
[2019.10.13-22.25.35:553][789]LogModuleManager: Shutting down and abandoning module MobilePatchingUtils (398)
[2019.10.13-22.25.35:553][789]LogModuleManager: Shutting down and abandoning module EditableMesh (396)
[2019.10.13-22.25.35:560][789]LogModuleManager: Shutting down and abandoning module CustomMeshComponent (394)
[2019.10.13-22.25.35:561][789]LogModuleManager: Shutting down and abandoning module CableComponent (392)
[2019.10.13-22.25.35:561][789]LogModuleManager: Shutting down and abandoning module AudioCapture (390)
[2019.10.13-22.25.35:561][789]LogModuleManager: Shutting down and abandoning module ArchVisCharacter (388)
[2019.10.13-22.25.35:561][789]LogModuleManager: Shutting down and abandoning module AndroidPermission (386)
[2019.10.13-22.25.35:561][789]LogModuleManager: Shutting down and abandoning module NUTUnrealEngine4 (384)
[2019.10.13-22.25.35:561][789]LogModuleManager: Shutting down and abandoning module NetcodeUnitTest (382)
[2019.10.13-22.25.35:561][789]LogModuleManager: Shutting down and abandoning module MediaCompositing (380)
[2019.10.13-22.25.35:561][789]LogModuleManager: Shutting down and abandoning module LinearTimecode (378)
[2019.10.13-22.25.35:561][789]LogModuleManager: Shutting down and abandoning module ImgMedia (376)
[2019.10.13-22.25.35:561][789]LogModuleManager: Shutting down and abandoning module MagicLeapHelperVulkan (374)
[2019.10.13-22.25.35:561][789]LogModuleManager: Shutting down and abandoning module MagicLeapHelperOpenGL (372)
[2019.10.13-22.25.35:561][789]LogModuleManager: Shutting down and abandoning module MagicLeapAudio (370)
[2019.10.13-22.25.35:561][789]LogModuleManager: Shutting down and abandoning module HTML5Networking (368)
[2019.10.13-22.25.35:561][789]LogModuleManager: Shutting down and abandoning module GeometryCacheTracks (366)
[2019.10.13-22.25.35:561][789]LogModuleManager: Shutting down and abandoning module GeometryCacheSequencer (364)
[2019.10.13-22.25.35:561][789]LogModuleManager: Shutting down and abandoning module BackChannel (362)
[2019.10.13-22.25.35:561][789]LogModuleManager: Shutting down and abandoning module AppleVision (360)
[2019.10.13-22.25.35:561][789]LogModuleManager: Shutting down and abandoning module AppleImageUtilsBlueprintSupport (358)
[2019.10.13-22.25.35:561][789]LogModuleManager: Shutting down and abandoning module AppleImageUtils (356)
[2019.10.13-22.25.35:561][789]LogModuleManager: Shutting down and abandoning module AlembicImporter (354)
[2019.10.13-22.25.35:561][789]LogModuleManager: Shutting down and abandoning module AlembicLibrary (353)
[2019.10.13-22.25.35:561][789]LogModuleManager: Shutting down and abandoning module GeometryCache (352)
[2019.10.13-22.25.35:561][789]LogModuleManager: Shutting down and abandoning module GeometryCacheEd (351)
[2019.10.13-22.25.35:561][789]LogModuleManager: Shutting down and abandoning module VariantManagerContent (346)
[2019.10.13-22.25.35:561][789]LogModuleManager: Shutting down and abandoning module DatasmithContentEditor (344)
[2019.10.13-22.25.35:561][789]LogModuleManager: Shutting down and abandoning module SpeedTreeImporter (342)
[2019.10.13-22.25.35:561][789]LogModuleManager: Shutting down and abandoning module PluginBrowser (340)
[2019.10.13-22.25.35:561][789]LogModuleManager: Shutting down and abandoning module MobileLauncherProfileWizard (338)
[2019.10.13-22.25.35:566][789]LogModuleManager: Shutting down and abandoning module MaterialAnalyzer (336)
[2019.10.13-22.25.35:566][789]LogModuleManager: Shutting down and abandoning module CryptoKeysOpenSSL (334)
[2019.10.13-22.25.35:566][789]LogModuleManager: Shutting down and abandoning module CryptoKeys (332)
[2019.10.13-22.25.35:566][789]LogModuleManager: Shutting down and abandoning module VisualStudioSourceCodeAccess (330)
[2019.10.13-22.25.35:567][789]LogModuleManager: Shutting down and abandoning module VisualStudioCodeSourceCodeAccess (328)
[2019.10.13-22.25.35:567][789]LogModuleManager: Shutting down and abandoning module UObjectPlugin (326)
[2019.10.13-22.25.35:567][789]LogModuleManager: Shutting down and abandoning module SubversionSourceControl (324)
[2019.10.13-22.25.35:575][789]LogModuleManager: Shutting down and abandoning module PerforceSourceControl (322)
[2019.10.13-22.25.35:580][789]LogModuleManager: Shutting down and abandoning module GitSourceControl (320)
[2019.10.13-22.25.35:590][789]LogModuleManager: Shutting down and abandoning module SourceControl (319)
[2019.10.13-22.25.35:599][789]LogModuleManager: Shutting down and abandoning module CLionSourceCodeAccess (316)
[2019.10.13-22.25.35:599][789]LogModuleManager: Shutting down and abandoning module AnimationSharingEd (314)
[2019.10.13-22.25.35:599][789]LogModuleManager: Shutting down and abandoning module ActorLayerUtilitiesEditor (312)
[2019.10.13-22.25.35:599][789]LogModuleManager: Shutting down and abandoning module ActorLayerUtilities (310)
[2019.10.13-22.25.35:599][789]LogModuleManager: Shutting down and abandoning module LightPropagationVolumeEditor (308)
[2019.10.13-22.25.35:599][789]LogModuleManager: Shutting down and abandoning module PaperTiledImporter (306)
[2019.10.13-22.25.35:599][789]LogModuleManager: Shutting down and abandoning module PaperSpriteSheetImporter (304)
[2019.10.13-22.25.35:599][789]LogModuleManager: Shutting down and abandoning module Paper2DEditor (302)
[2019.10.13-22.25.35:607][789]LogModuleManager: Shutting down and abandoning module VirtuaLab (300)
[2019.10.13-22.25.35:607][789]LogModuleManager: Shutting down and abandoning module SignificanceManager (298)
[2019.10.13-22.25.35:607][789]LogModuleManager: Shutting down and abandoning module RuntimePhysXCooking (296)
[2019.10.13-22.25.35:607][789]LogModuleManager: Shutting down and abandoning module PhysXVehiclesEditor (294)
[2019.10.13-22.25.35:607][789]LogModuleManager: Shutting down and abandoning module PhysXVehicles (292)
[2019.10.13-22.25.35:607][789]LogModuleManager: Shutting down and abandoning module LocationServicesBPLibrary (290)
[2019.10.13-22.25.35:607][789]LogModuleManager: Shutting down and abandoning module ActorSequence (288)
[2019.10.13-22.25.35:607][789]LogModuleManager: Shutting down and abandoning module UdpMessaging (286)
[2019.10.13-22.25.35:709][789]LogModuleManager: Shutting down and abandoning module TcpMessaging (284)
[2019.10.13-22.25.35:817][789]LogModuleManager: Shutting down and abandoning module MagicLeapIdentity (282)
[2019.10.13-22.25.35:817][789]LogModuleManager: Shutting down and abandoning module MagicLeapSecureStorage (280)
[2019.10.13-22.25.35:817][789]LogModuleManager: Shutting down and abandoning module MagicLeapHandTracking (278)
[2019.10.13-22.25.35:817][789]LogModuleManager: Shutting down and abandoning module MagicLeapEyeTracker (276)
[2019.10.13-22.25.35:817][789]LogModuleManager: Shutting down and abandoning module MagicLeapController (274)
[2019.10.13-22.25.35:817][789]LogSlate: Slate User Destroyed.  User Index 0, Is Virtual User: 0
[2019.10.13-22.25.35:817][789]LogModuleManager: Shutting down and abandoning module MagicLeapAR (272)
[2019.10.13-22.25.35:817][789]LogModuleManager: Shutting down and abandoning module AugmentedReality (271)
[2019.10.13-22.25.35:817][789]LogModuleManager: Shutting down and abandoning module GameplayTagsEditor (268)
[2019.10.13-22.25.35:817][789]LogModuleManager: Shutting down and abandoning module FacialAnimationEditor (266)
[2019.10.13-22.25.35:817][789]LogModuleManager: Shutting down and abandoning module FacialAnimation (264)
[2019.10.13-22.25.35:817][789]LogModuleManager: Shutting down and abandoning module DataValidation (262)
[2019.10.13-22.25.35:817][789]LogModuleManager: Shutting down and abandoning module AssetManagerEditor (260)
[2019.10.13-22.25.35:826][789]LogModuleManager: Shutting down and abandoning module LevelEditor (259)
[2019.10.13-22.25.35:826][789]LogModuleManager: Shutting down and abandoning module PixelInspectorModule (258)
[2019.10.13-22.25.35:827][789]LogModuleManager: Shutting down and abandoning module CommonMenuExtensions (256)
[2019.10.13-22.25.35:827][789]LogModuleManager: Shutting down and abandoning module MainFrame (254)
[2019.10.13-22.25.35:827][789]LogModuleManager: Shutting down and abandoning module HotReload (253)
[2019.10.13-22.25.35:827][789]LogModuleManager: Shutting down and abandoning module ContentBrowser (249)
[2019.10.13-22.25.35:828][789]LogModuleManager: Shutting down and abandoning module TreeMap (247)
[2019.10.13-22.25.35:828][789]LogModuleManager: Shutting down and abandoning module AnimationSharing (244)
[2019.10.13-22.25.35:828][789]LogModuleManager: Shutting down and abandoning module LightPropagationVolumeRuntime (242)
[2019.10.13-22.25.35:828][789]LogModuleManager: Shutting down and abandoning module AISupportModule (240)
[2019.10.13-22.25.35:828][789]LogModuleManager: Shutting down and abandoning module Paper2D (238)
[2019.10.13-22.25.35:828][789]LogModuleManager: Shutting down and abandoning module WindowsMoviePlayer (236)
[2019.10.13-22.25.35:828][789]LogModuleManager: Shutting down and abandoning module WebMMoviePlayer (234)
[2019.10.13-22.25.35:828][789]LogModuleManager: Shutting down and abandoning module PacketHandler (232)
[2019.10.13-22.25.35:828][789]LogModuleManager: Shutting down and abandoning module ClothingSystemEditor (230)
[2019.10.13-22.25.35:829][789]LogModuleManager: Shutting down and abandoning module ClothingSystemRuntime (228)
[2019.10.13-22.25.35:838][789]LogModuleManager: Shutting down and abandoning module MediaAssets (226)
[2019.10.13-22.25.35:839][789]LogModuleManager: Shutting down and abandoning module Overlay (224)
[2019.10.13-22.25.35:839][789]LogModuleManager: Shutting down and abandoning module OverlayEditor (223)
[2019.10.13-22.25.35:839][789]LogModuleManager: Shutting down and abandoning module VREditor (220)
[2019.10.13-22.25.35:849][789]LogModuleManager: Shutting down and abandoning module StringTableEditor (218)
[2019.10.13-22.25.35:858][789]LogModuleManager: Shutting down and abandoning module GameplayTasksEditor (216)
[2019.10.13-22.25.35:858][789]LogModuleManager: Shutting down and abandoning module BehaviorTreeEditor (214)
[2019.10.13-22.25.35:868][789]LogModuleManager: Shutting down and abandoning module FunctionalTesting (212)
[2019.10.13-22.25.35:868][789]LogModuleManager: Shutting down and abandoning module CollisionAnalyzer (210)
[2019.10.13-22.25.35:874][789]LogModuleManager: Shutting down and abandoning module WorkspaceMenuStructure (209)
[2019.10.13-22.25.35:875][789]LogModuleManager: Shutting down and abandoning module UMG (206)
[2019.10.13-22.25.35:885][789]LogModuleManager: Shutting down and abandoning module UMGEditor (205)
[2019.10.13-22.25.35:885][789]LogModuleManager: Shutting down and abandoning module Sequencer (204)
[2019.10.13-22.25.35:908][789]LogModuleManager: Shutting down and abandoning module MessageLog (201)
[2019.10.13-22.25.35:908][789]LogModuleManager: Shutting down and abandoning module SlateReflector (196)
[2019.10.13-22.25.35:923][789]LogModuleManager: Shutting down and abandoning module Slate (194)
[2019.10.13-22.25.35:923][789]LogModuleManager: Shutting down and abandoning module EditorStyle (192)
[2019.10.13-22.25.35:925][789]LogModuleManager: Shutting down and abandoning module UnrealEd (190)
[2019.10.13-22.25.35:925][789]LogModuleManager: Shutting down and abandoning module MRMesh (188)
[2019.10.13-22.25.35:925][789]LogModuleManager: Shutting down and abandoning module SourceCodeAccess (186)
[2019.10.13-22.25.35:925][789]LogModuleManager: Shutting down and abandoning module HeadMountedDisplay (184)
[2019.10.13-22.25.35:925][789]LogModuleManager: Shutting down and abandoning module XAudio2 (182)
[2019.10.13-22.25.35:925][789]LogModuleManager: Shutting down and abandoning module Networking (180)
[2019.10.13-22.25.35:925][789]LogModuleManager: Shutting down and abandoning module Core (178)
[2019.10.13-22.25.35:925][789]LogModuleManager: Shutting down and abandoning module KismetCompiler (176)
[2019.10.13-22.25.35:925][789]LogModuleManager: Shutting down and abandoning module MeshUtilities (174)
[2019.10.13-22.25.35:925][789]LogModuleManager: Shutting down and abandoning module MeshMergeUtilities (173)
[2019.10.13-22.25.35:933][789]LogModuleManager: Shutting down and abandoning module MeshReductionInterface (172)
[2019.10.13-22.25.35:933][789]LogModuleManager: Shutting down and abandoning module SkeletalMeshReduction (171)
[2019.10.13-22.25.35:937][789]LogModuleManager: Shutting down and abandoning module ProxyLODMeshReduction (169)
[2019.10.13-22.25.35:953][789]LogModuleManager: Shutting down and abandoning module QuadricMeshReduction (167)
[2019.10.13-22.25.35:953][789]LogModuleManager: Shutting down and abandoning module MaterialBaking (163)
[2019.10.13-22.25.35:957][789]LogModuleManager: Shutting down and abandoning module DerivedDataCache (158)
[2019.10.13-22.25.36:013][789]LogDerivedDataCache: Shutdown
[2019.10.13-22.25.36:013][789]LogModuleManager: Shutting down and abandoning module XGEController (156)
[2019.10.13-22.25.36:013][789]LogXGEController: Cleaning working directory: C:/Users/yagoc/AppData/Local/Temp/UnrealXGEWorkingDir/
[2019.10.13-22.25.36:013][789]LogModuleManager: Shutting down and abandoning module TargetPlatform (154)
[2019.10.13-22.25.36:013][789]LogModuleManager: Shutting down and abandoning module VulkanShaderFormat (153)
[2019.10.13-22.25.36:013][789]LogModuleManager: Shutting down and abandoning module ShaderFormatVectorVM (151)
[2019.10.13-22.25.36:013][789]LogModuleManager: Shutting down and abandoning module ShaderFormatOpenGL (149)
[2019.10.13-22.25.36:021][789]LogModuleManager: Shutting down and abandoning module ShaderFormatD3D (147)
[2019.10.13-22.25.36:021][789]LogModuleManager: Shutting down and abandoning module MetalShaderFormat (145)
[2019.10.13-22.25.36:024][789]LogModuleManager: Shutting down and abandoning module TextureFormatUncompressed (143)
[2019.10.13-22.25.36:024][789]LogModuleManager: Shutting down and abandoning module TextureFormatPVR (141)
[2019.10.13-22.25.36:024][789]LogModuleManager: Shutting down and abandoning module TextureFormatDXT (139)
[2019.10.13-22.25.36:024][789]LogModuleManager: Shutting down and abandoning module TextureFormatIntelISPCTexComp (137)
[2019.10.13-22.25.36:024][789]LogModuleManager: Shutting down and abandoning module TextureFormatASTC (135)
[2019.10.13-22.25.36:024][789]LogModuleManager: Shutting down and abandoning module ImageWrapper (134)
[2019.10.13-22.25.36:024][789]LogModuleManager: Shutting down and abandoning module TextureFormatAndroid (131)
[2019.10.13-22.25.36:024][789]LogModuleManager: Shutting down and abandoning module AudioFormatOpus (129)
[2019.10.13-22.25.36:024][789]LogModuleManager: Shutting down and abandoning module AudioFormatOgg (127)
[2019.10.13-22.25.36:024][789]LogModuleManager: Shutting down and abandoning module AudioFormatADPCM (125)
[2019.10.13-22.25.36:024][789]LogModuleManager: Shutting down and abandoning module LuminTargetPlatform (123)
[2019.10.13-22.25.36:025][789]LogModuleManager: Shutting down and abandoning module LinuxTargetPlatform (121)
[2019.10.13-22.25.36:025][789]LogModuleManager: Shutting down and abandoning module LinuxServerTargetPlatform (119)
[2019.10.13-22.25.36:025][789]LogModuleManager: Shutting down and abandoning module LinuxNoEditorTargetPlatform (117)
[2019.10.13-22.25.36:025][789]LogModuleManager: Shutting down and abandoning module LinuxClientTargetPlatform (115)
[2019.10.13-22.25.36:025][789]LogModuleManager: Shutting down and abandoning module TVOSTargetPlatform (113)
[2019.10.13-22.25.36:026][789]LogModuleManager: Shutting down and abandoning module Messaging (111)
[2019.10.13-22.25.36:026][789]LogModuleManager: Shutting down and abandoning module IOSTargetPlatform (109)
[2019.10.13-22.25.36:027][789]LogModuleManager: Shutting down and abandoning module HTML5TargetPlatform (107)
[2019.10.13-22.25.36:027][789]LogModuleManager: Shutting down and abandoning module AndroidTargetPlatform (105)
[2019.10.13-22.25.36:034][789]LogModuleManager: Shutting down and abandoning module WindowsTargetPlatform (103)
[2019.10.13-22.25.36:034][789]LogModuleManager: Shutting down and abandoning module WindowsServerTargetPlatform (101)
[2019.10.13-22.25.36:035][789]LogModuleManager: Shutting down and abandoning module WindowsNoEditorTargetPlatform (99)
[2019.10.13-22.25.36:035][789]LogModuleManager: Shutting down and abandoning module WindowsClientTargetPlatform (97)
[2019.10.13-22.25.36:035][789]LogModuleManager: Shutting down and abandoning module MacTargetPlatform (95)
[2019.10.13-22.25.36:035][789]LogModuleManager: Shutting down and abandoning module MacServerTargetPlatform (93)
[2019.10.13-22.25.36:035][789]LogModuleManager: Shutting down and abandoning module MacNoEditorTargetPlatform (91)
[2019.10.13-22.25.36:035][789]LogModuleManager: Shutting down and abandoning module MacClientTargetPlatform (89)
[2019.10.13-22.25.36:035][789]LogModuleManager: Shutting down and abandoning module AllDesktopTargetPlatform (87)
[2019.10.13-22.25.36:035][789]LogModuleManager: Shutting down and abandoning module InputCore (84)
[2019.10.13-22.25.36:035][789]LogModuleManager: Shutting down and abandoning module Settings (82)
[2019.10.13-22.25.36:035][789]LogModuleManager: Shutting down and abandoning module DirectoryWatcher (80)
[2019.10.13-22.25.36:035][789]LogModuleManager: Shutting down and abandoning module PhysXCooking (78)
[2019.10.13-22.25.36:035][789]LogModuleManager: Shutting down and abandoning module SteamVR (76)
[2019.10.13-22.25.36:035][789]LogHMD: Freeing OpenVRDLLHandle.
[2019.10.13-22.25.36:035][789]LogModuleManager: Shutting down and abandoning module OculusHMD (74)
[2019.10.13-22.25.36:035][789]LogModuleManager: Shutting down and abandoning module GoogleVRHMD (72)
[2019.10.13-22.25.36:035][789]LogModuleManager: Shutting down and abandoning module GoogleVRController (70)
[2019.10.13-22.25.36:035][789]LogModuleManager: Shutting down and abandoning module ExampleDeviceProfileSelector (68)
[2019.10.13-22.25.36:035][789]LogModuleManager: Shutting down and abandoning module LauncherChunkInstaller (66)
[2019.10.13-22.25.36:035][789]LogModuleManager: Shutting down and abandoning module OnlineBlueprintSupport (64)
[2019.10.13-22.25.36:035][789]LogModuleManager: Shutting down and abandoning module OnlineSubsystem (60)
[2019.10.13-22.25.36:043][789]LogModuleManager: Shutting down and abandoning module XMPP (55)
[2019.10.13-22.25.36:049][789]LogModuleManager: Shutting down and abandoning module WebSockets (54)
[2019.10.13-22.25.36:085][789]LogModuleManager: Shutting down and abandoning module HTTP (51)
[2019.10.13-22.25.36:085][789]LogHttp: Display: Http module shutting down, but needs to wait on 1 outstanding Http requests:
[2019.10.13-22.25.36:085][789]LogHttp: Display: 	verb=[POST] url=[https://datarouter.ol.epicgames.com/datarouter/api/v1/public/data?SessionID=%7B40811ED2-42CC-EE25-129C-E6A76DAC08FA%7D&AppID=UEEditor.Rocket.Release&AppVersion=4.22.3-7053642%2B%2B%2BUE4%2BRelease-4.22&UserID=4507f5054d3df08fbb1ac896d129a650%7C59d4e3dafdff459fa06816a7d70e0c61%7Caca07326-7d2b-4346-9913-c1e9030cc558&AppEnvironment=datacollector-binary&UploadType=eteventstream] status=Processing
[2019.10.13-22.25.36:116][789]LogModuleManager: Shutting down and abandoning module SSL (50)
[2019.10.13-22.25.36:118][789]LogModuleManager: Shutting down and abandoning module WmfMedia (46)
[2019.10.13-22.25.36:140][789]LogModuleManager: Shutting down and abandoning module Media (45)
[2019.10.13-22.25.36:146][789]LogModuleManager: Shutting down and abandoning module MagicLeap (42)
[2019.10.13-22.25.36:146][789]LogModuleManager: Shutting down and abandoning module DatasmithContent (40)
[2019.10.13-22.25.36:147][789]LogModuleManager: Shutting down and abandoning module AnimationModifiers (38)
[2019.10.13-22.25.36:156][789]LogModuleManager: Shutting down and abandoning module PropertyEditor (37)
[2019.10.13-22.25.36:164][789]LogModuleManager: Shutting down and abandoning module AudioEditor (34)
[2019.10.13-22.25.36:172][789]LogModuleManager: Shutting down and abandoning module TextureCompressor (32)
[2019.10.13-22.25.36:172][789]LogModuleManager: Shutting down and abandoning module RenderCore (30)
[2019.10.13-22.25.36:172][789]LogModuleManager: Shutting down and abandoning module Landscape (28)
[2019.10.13-22.25.36:172][789]LogModuleManager: Shutting down and abandoning module SlateRHIRenderer (26)
[2019.10.13-22.25.36:185][789]LogModuleManager: Shutting down and abandoning module OpenGLDrv (24)
[2019.10.13-22.25.36:205][789]LogModuleManager: Shutting down and abandoning module D3D11RHI (22)
[2019.10.13-22.25.36:205][789]LogModuleManager: Shutting down and abandoning module AnimGraphRuntime (20)
[2019.10.13-22.25.36:205][789]LogModuleManager: Shutting down and abandoning module Renderer (18)
[2019.10.13-22.25.36:205][789]LogModuleManager: Shutting down and abandoning module Engine (16)
[2019.10.13-22.25.36:205][789]LogModuleManager: Shutting down and abandoning module CoreUObject (14)
[2019.10.13-22.25.36:205][789]LogModuleManager: Shutting down and abandoning module NetworkFile (12)
[2019.10.13-22.25.36:205][789]LogModuleManager: Shutting down and abandoning module CookedIterativeFile (10)
[2019.10.13-22.25.36:205][789]LogModuleManager: Shutting down and abandoning module StreamingFile (8)
[2019.10.13-22.25.36:205][789]LogModuleManager: Shutting down and abandoning module SandboxFile (6)
[2019.10.13-22.25.36:205][789]LogModuleManager: Shutting down and abandoning module PakFile (4)
[2019.10.13-22.25.36:205][789]LogModuleManager: Shutting down and abandoning module RSA (3)
[2019.10.13-22.25.36:218][789]LogExit: Exiting.
[2019.10.13-22.25.36:230][789]Log file closed, 10/13/19 19:25:36
